CRITICAL - 2025-09-15 01:31:01 --> ErrorException: session_regenerate_id(): Session ID cannot be regenerated when there is no active session
[Method: GET, Route: force-logout]
in SYSTEMPATH\Session\Session.php on line 388.
 1 [internal function]: CodeIgniter\Debug\Exceptions->errorHandler(2, 'session_regenerate_id(): Session ID cannot be regenerated when there is no active session', 'C:\\xampp\\htdocs\\hms_group4\\system\\Session\\Session.php', 388)
 2 SYSTEMPATH\Session\Session.php(388): session_regenerate_id(true)
 3 APPPATH\Controllers\Auth.php(112): CodeIgniter\Session\Session->regenerate(true)
 4 SYSTEMPATH\CodeIgniter.php(933): App\Controllers\Auth->forceLogout()
 5 SYSTEMPATH\CodeIgniter.php(507): CodeIgniter\CodeIgniter->runController(Object(App\Controllers\Auth))
 6 SYSTEMPATH\CodeIgniter.php(354): CodeIgniter\CodeIgniter->handleRequest(null, Object(Config\Cache), false)
 7 SYSTEMPATH\Boot.php(363): CodeIgniter\CodeIgniter->run()
 8 SYSTEMPATH\Boot.php(68): CodeIgniter\Boot::runCodeIgniter(Object(CodeIgniter\CodeIgniter))
 9 FCPATH\index.php(59): CodeIgniter\Boot::bootWeb(Object(Config\Paths))
ERROR - 2025-09-15 01:44:42 --> mysqli_sql_exception: Table 'san_miguel_hms_new.prescriptions' doesn't exist in engine in C:\xampp\htdocs\hms_group4\system\Database\MySQLi\Connection.php:327
Stack trace:
#0 C:\xampp\htdocs\hms_group4\system\Database\MySQLi\Connection.php(327): mysqli->query('SELECT *\nFROM `...', 0)
#1 C:\xampp\htdocs\hms_group4\system\Database\BaseConnection.php(729): CodeIgniter\Database\MySQLi\Connection->execute('SELECT *\nFROM `...')
#2 C:\xampp\htdocs\hms_group4\system\Database\BaseConnection.php(646): CodeIgniter\Database\BaseConnection->simpleQuery('SELECT *\nFROM `...')
#3 C:\xampp\htdocs\hms_group4\system\Database\BaseBuilder.php(1649): CodeIgniter\Database\BaseConnection->query('SELECT *\nFROM `...', Array, false)
#4 C:\xampp\htdocs\hms_group4\system\Model.php(286): CodeIgniter\Database\BaseBuilder->get()
#5 C:\xampp\htdocs\hms_group4\system\BaseModel.php(677): CodeIgniter\Model->doFindAll(0, 0)
#6 C:\xampp\htdocs\hms_group4\app\Models\PrescriptionModel.php(41): CodeIgniter\BaseModel->findAll()
#7 C:\xampp\htdocs\hms_group4\app\Controllers\Doctor.php(200): App\Models\PrescriptionModel->getByDoctor('yad')
#8 C:\xampp\htdocs\hms_group4\system\CodeIgniter.php(933): App\Controllers\Doctor->prescriptions()
#9 C:\xampp\htdocs\hms_group4\system\CodeIgniter.php(507): CodeIgniter\CodeIgniter->runController(Object(App\Controllers\Doctor))
#10 C:\xampp\htdocs\hms_group4\system\CodeIgniter.php(354): CodeIgniter\CodeIgniter->handleRequest(NULL, Object(Config\Cache), false)
#11 C:\xampp\htdocs\hms_group4\system\Boot.php(363): CodeIgniter\CodeIgniter->run()
#12 C:\xampp\htdocs\hms_group4\system\Boot.php(68): CodeIgniter\Boot::runCodeIgniter(Object(CodeIgniter\CodeIgniter))
#13 C:\xampp\htdocs\hms_group4\index.php(59): CodeIgniter\Boot::bootWeb(Object(Config\Paths))
#14 {main}
CRITICAL - 2025-09-15 01:44:42 --> CodeIgniter\Database\Exceptions\DatabaseException: Table 'san_miguel_hms_new.prescriptions' doesn't exist in engine
[Method: GET, Route: doctor/prescriptions]
in SYSTEMPATH\Database\BaseConnection.php on line 684.
 1 SYSTEMPATH\Database\BaseBuilder.php(1649): CodeIgniter\Database\BaseConnection->query('SELECT *
FROM `prescriptions`
WHERE `doctor_name` = :doctor_name:
ORDER BY `created_date` DESC', [...], false)
 2 SYSTEMPATH\Model.php(286): CodeIgniter\Database\BaseBuilder->get()
 3 SYSTEMPATH\BaseModel.php(677): CodeIgniter\Model->doFindAll(0, 0)
 4 APPPATH\Models\PrescriptionModel.php(41): CodeIgniter\BaseModel->findAll()
 5 APPPATH\Controllers\Doctor.php(200): App\Models\PrescriptionModel->getByDoctor('yad')
 6 SYSTEMPATH\CodeIgniter.php(933): App\Controllers\Doctor->prescriptions()
 7 SYSTEMPATH\CodeIgniter.php(507): CodeIgniter\CodeIgniter->runController(Object(App\Controllers\Doctor))
 8 SYSTEMPATH\CodeIgniter.php(354): CodeIgniter\CodeIgniter->handleRequest(null, Object(Config\Cache), false)
 9 SYSTEMPATH\Boot.php(363): CodeIgniter\CodeIgniter->run()
10 SYSTEMPATH\Boot.php(68): CodeIgniter\Boot::runCodeIgniter(Object(CodeIgniter\CodeIgniter))
11 FCPATH\index.php(59): CodeIgniter\Boot::bootWeb(Object(Config\Paths))
CRITICAL - 2025-09-15 01:44:42 --> [Caused by] CodeIgniter\Database\Exceptions\DatabaseException: Table 'san_miguel_hms_new.prescriptions' doesn't exist in engine
in SYSTEMPATH\Database\MySQLi\Connection.php on line 332.
 1 SYSTEMPATH\Database\BaseConnection.php(729): CodeIgniter\Database\MySQLi\Connection->execute('SELECT *
FROM `prescriptions`
WHERE `doctor_name` = \'yad\'
ORDER BY `created_date` DESC')
 2 SYSTEMPATH\Database\BaseConnection.php(646): CodeIgniter\Database\BaseConnection->simpleQuery('SELECT *
FROM `prescriptions`
WHERE `doctor_name` = \'yad\'
ORDER BY `created_date` DESC')
 3 SYSTEMPATH\Database\BaseBuilder.php(1649): CodeIgniter\Database\BaseConnection->query('SELECT *
FROM `prescriptions`
WHERE `doctor_name` = :doctor_name:
ORDER BY `created_date` DESC', [...], false)
 4 SYSTEMPATH\Model.php(286): CodeIgniter\Database\BaseBuilder->get()
 5 SYSTEMPATH\BaseModel.php(677): CodeIgniter\Model->doFindAll(0, 0)
 6 APPPATH\Models\PrescriptionModel.php(41): CodeIgniter\BaseModel->findAll()
 7 APPPATH\Controllers\Doctor.php(200): App\Models\PrescriptionModel->getByDoctor('yad')
 8 SYSTEMPATH\CodeIgniter.php(933): App\Controllers\Doctor->prescriptions()
 9 SYSTEMPATH\CodeIgniter.php(507): CodeIgniter\CodeIgniter->runController(Object(App\Controllers\Doctor))
10 SYSTEMPATH\CodeIgniter.php(354): CodeIgniter\CodeIgniter->handleRequest(null, Object(Config\Cache), false)
11 SYSTEMPATH\Boot.php(363): CodeIgniter\CodeIgniter->run()
12 SYSTEMPATH\Boot.php(68): CodeIgniter\Boot::runCodeIgniter(Object(CodeIgniter\CodeIgniter))
13 FCPATH\index.php(59): CodeIgniter\Boot::bootWeb(Object(Config\Paths))
CRITICAL - 2025-09-15 01:44:42 --> [Caused by] mysqli_sql_exception: Table 'san_miguel_hms_new.prescriptions' doesn't exist in engine
in SYSTEMPATH\Database\MySQLi\Connection.php on line 327.
 1 SYSTEMPATH\Database\MySQLi\Connection.php(327): mysqli->query('SELECT *
FROM `prescriptions`
WHERE `doctor_name` = \'yad\'
ORDER BY `created_date` DESC', 0)
 2 SYSTEMPATH\Database\BaseConnection.php(729): CodeIgniter\Database\MySQLi\Connection->execute('SELECT *
FROM `prescriptions`
WHERE `doctor_name` = \'yad\'
ORDER BY `created_date` DESC')
 3 SYSTEMPATH\Database\BaseConnection.php(646): CodeIgniter\Database\BaseConnection->simpleQuery('SELECT *
FROM `prescriptions`
WHERE `doctor_name` = \'yad\'
ORDER BY `created_date` DESC')
 4 SYSTEMPATH\Database\BaseBuilder.php(1649): CodeIgniter\Database\BaseConnection->query('SELECT *
FROM `prescriptions`
WHERE `doctor_name` = :doctor_name:
ORDER BY `created_date` DESC', [...], false)
 5 SYSTEMPATH\Model.php(286): CodeIgniter\Database\BaseBuilder->get()
 6 SYSTEMPATH\BaseModel.php(677): CodeIgniter\Model->doFindAll(0, 0)
 7 APPPATH\Models\PrescriptionModel.php(41): CodeIgniter\BaseModel->findAll()
 8 APPPATH\Controllers\Doctor.php(200): App\Models\PrescriptionModel->getByDoctor('yad')
 9 SYSTEMPATH\CodeIgniter.php(933): App\Controllers\Doctor->prescriptions()
10 SYSTEMPATH\CodeIgniter.php(507): CodeIgniter\CodeIgniter->runController(Object(App\Controllers\Doctor))
11 SYSTEMPATH\CodeIgniter.php(354): CodeIgniter\CodeIgniter->handleRequest(null, Object(Config\Cache), false)
12 SYSTEMPATH\Boot.php(363): CodeIgniter\CodeIgniter->run()
13 SYSTEMPATH\Boot.php(68): CodeIgniter\Boot::runCodeIgniter(Object(CodeIgniter\CodeIgniter))
14 FCPATH\index.php(59): CodeIgniter\Boot::bootWeb(Object(Config\Paths))
ERROR - 2025-09-15 01:45:51 --> mysqli_sql_exception: Table 'san_miguel_hms_new.prescriptions' doesn't exist in engine in C:\xampp\htdocs\hms_group4\system\Database\MySQLi\Connection.php:327
Stack trace:
#0 C:\xampp\htdocs\hms_group4\system\Database\MySQLi\Connection.php(327): mysqli->query('SELECT *\nFROM `...', 0)
#1 C:\xampp\htdocs\hms_group4\system\Database\BaseConnection.php(729): CodeIgniter\Database\MySQLi\Connection->execute('SELECT *\nFROM `...')
#2 C:\xampp\htdocs\hms_group4\system\Database\BaseConnection.php(646): CodeIgniter\Database\BaseConnection->simpleQuery('SELECT *\nFROM `...')
#3 C:\xampp\htdocs\hms_group4\system\Database\BaseBuilder.php(1649): CodeIgniter\Database\BaseConnection->query('SELECT *\nFROM `...', Array, false)
#4 C:\xampp\htdocs\hms_group4\system\Model.php(286): CodeIgniter\Database\BaseBuilder->get()
#5 C:\xampp\htdocs\hms_group4\system\BaseModel.php(677): CodeIgniter\Model->doFindAll(0, 0)
#6 C:\xampp\htdocs\hms_group4\app\Models\PrescriptionModel.php(41): CodeIgniter\BaseModel->findAll()
#7 C:\xampp\htdocs\hms_group4\app\Controllers\Doctor.php(200): App\Models\PrescriptionModel->getByDoctor('yad')
#8 C:\xampp\htdocs\hms_group4\system\CodeIgniter.php(933): App\Controllers\Doctor->prescriptions()
#9 C:\xampp\htdocs\hms_group4\system\CodeIgniter.php(507): CodeIgniter\CodeIgniter->runController(Object(App\Controllers\Doctor))
#10 C:\xampp\htdocs\hms_group4\system\CodeIgniter.php(354): CodeIgniter\CodeIgniter->handleRequest(NULL, Object(Config\Cache), false)
#11 C:\xampp\htdocs\hms_group4\system\Boot.php(363): CodeIgniter\CodeIgniter->run()
#12 C:\xampp\htdocs\hms_group4\system\Boot.php(68): CodeIgniter\Boot::runCodeIgniter(Object(CodeIgniter\CodeIgniter))
#13 C:\xampp\htdocs\hms_group4\index.php(59): CodeIgniter\Boot::bootWeb(Object(Config\Paths))
#14 {main}
CRITICAL - 2025-09-15 01:45:52 --> CodeIgniter\Database\Exceptions\DatabaseException: Table 'san_miguel_hms_new.prescriptions' doesn't exist in engine
[Method: GET, Route: doctor/prescriptions]
in SYSTEMPATH\Database\BaseConnection.php on line 684.
 1 SYSTEMPATH\Database\BaseBuilder.php(1649): CodeIgniter\Database\BaseConnection->query('SELECT *
FROM `prescriptions`
WHERE `doctor_name` = :doctor_name:
ORDER BY `created_date` DESC', [...], false)
 2 SYSTEMPATH\Model.php(286): CodeIgniter\Database\BaseBuilder->get()
 3 SYSTEMPATH\BaseModel.php(677): CodeIgniter\Model->doFindAll(0, 0)
 4 APPPATH\Models\PrescriptionModel.php(41): CodeIgniter\BaseModel->findAll()
 5 APPPATH\Controllers\Doctor.php(200): App\Models\PrescriptionModel->getByDoctor('yad')
 6 SYSTEMPATH\CodeIgniter.php(933): App\Controllers\Doctor->prescriptions()
 7 SYSTEMPATH\CodeIgniter.php(507): CodeIgniter\CodeIgniter->runController(Object(App\Controllers\Doctor))
 8 SYSTEMPATH\CodeIgniter.php(354): CodeIgniter\CodeIgniter->handleRequest(null, Object(Config\Cache), false)
 9 SYSTEMPATH\Boot.php(363): CodeIgniter\CodeIgniter->run()
10 SYSTEMPATH\Boot.php(68): CodeIgniter\Boot::runCodeIgniter(Object(CodeIgniter\CodeIgniter))
11 FCPATH\index.php(59): CodeIgniter\Boot::bootWeb(Object(Config\Paths))
CRITICAL - 2025-09-15 01:45:52 --> [Caused by] CodeIgniter\Database\Exceptions\DatabaseException: Table 'san_miguel_hms_new.prescriptions' doesn't exist in engine
in SYSTEMPATH\Database\MySQLi\Connection.php on line 332.
 1 SYSTEMPATH\Database\BaseConnection.php(729): CodeIgniter\Database\MySQLi\Connection->execute('SELECT *
FROM `prescriptions`
WHERE `doctor_name` = \'yad\'
ORDER BY `created_date` DESC')
 2 SYSTEMPATH\Database\BaseConnection.php(646): CodeIgniter\Database\BaseConnection->simpleQuery('SELECT *
FROM `prescriptions`
WHERE `doctor_name` = \'yad\'
ORDER BY `created_date` DESC')
 3 SYSTEMPATH\Database\BaseBuilder.php(1649): CodeIgniter\Database\BaseConnection->query('SELECT *
FROM `prescriptions`
WHERE `doctor_name` = :doctor_name:
ORDER BY `created_date` DESC', [...], false)
 4 SYSTEMPATH\Model.php(286): CodeIgniter\Database\BaseBuilder->get()
 5 SYSTEMPATH\BaseModel.php(677): CodeIgniter\Model->doFindAll(0, 0)
 6 APPPATH\Models\PrescriptionModel.php(41): CodeIgniter\BaseModel->findAll()
 7 APPPATH\Controllers\Doctor.php(200): App\Models\PrescriptionModel->getByDoctor('yad')
 8 SYSTEMPATH\CodeIgniter.php(933): App\Controllers\Doctor->prescriptions()
 9 SYSTEMPATH\CodeIgniter.php(507): CodeIgniter\CodeIgniter->runController(Object(App\Controllers\Doctor))
10 SYSTEMPATH\CodeIgniter.php(354): CodeIgniter\CodeIgniter->handleRequest(null, Object(Config\Cache), false)
11 SYSTEMPATH\Boot.php(363): CodeIgniter\CodeIgniter->run()
12 SYSTEMPATH\Boot.php(68): CodeIgniter\Boot::runCodeIgniter(Object(CodeIgniter\CodeIgniter))
13 FCPATH\index.php(59): CodeIgniter\Boot::bootWeb(Object(Config\Paths))
CRITICAL - 2025-09-15 01:45:52 --> [Caused by] mysqli_sql_exception: Table 'san_miguel_hms_new.prescriptions' doesn't exist in engine
in SYSTEMPATH\Database\MySQLi\Connection.php on line 327.
 1 SYSTEMPATH\Database\MySQLi\Connection.php(327): mysqli->query('SELECT *
FROM `prescriptions`
WHERE `doctor_name` = \'yad\'
ORDER BY `created_date` DESC', 0)
 2 SYSTEMPATH\Database\BaseConnection.php(729): CodeIgniter\Database\MySQLi\Connection->execute('SELECT *
FROM `prescriptions`
WHERE `doctor_name` = \'yad\'
ORDER BY `created_date` DESC')
 3 SYSTEMPATH\Database\BaseConnection.php(646): CodeIgniter\Database\BaseConnection->simpleQuery('SELECT *
FROM `prescriptions`
WHERE `doctor_name` = \'yad\'
ORDER BY `created_date` DESC')
 4 SYSTEMPATH\Database\BaseBuilder.php(1649): CodeIgniter\Database\BaseConnection->query('SELECT *
FROM `prescriptions`
WHERE `doctor_name` = :doctor_name:
ORDER BY `created_date` DESC', [...], false)
 5 SYSTEMPATH\Model.php(286): CodeIgniter\Database\BaseBuilder->get()
 6 SYSTEMPATH\BaseModel.php(677): CodeIgniter\Model->doFindAll(0, 0)
 7 APPPATH\Models\PrescriptionModel.php(41): CodeIgniter\BaseModel->findAll()
 8 APPPATH\Controllers\Doctor.php(200): App\Models\PrescriptionModel->getByDoctor('yad')
 9 SYSTEMPATH\CodeIgniter.php(933): App\Controllers\Doctor->prescriptions()
10 SYSTEMPATH\CodeIgniter.php(507): CodeIgniter\CodeIgniter->runController(Object(App\Controllers\Doctor))
11 SYSTEMPATH\CodeIgniter.php(354): CodeIgniter\CodeIgniter->handleRequest(null, Object(Config\Cache), false)
12 SYSTEMPATH\Boot.php(363): CodeIgniter\CodeIgniter->run()
13 SYSTEMPATH\Boot.php(68): CodeIgniter\Boot::runCodeIgniter(Object(CodeIgniter\CodeIgniter))
14 FCPATH\index.php(59): CodeIgniter\Boot::bootWeb(Object(Config\Paths))
ERROR - 2025-09-15 01:45:53 --> mysqli_sql_exception: Table 'san_miguel_hms_new.prescriptions' doesn't exist in engine in C:\xampp\htdocs\hms_group4\system\Database\MySQLi\Connection.php:327
Stack trace:
#0 C:\xampp\htdocs\hms_group4\system\Database\MySQLi\Connection.php(327): mysqli->query('SELECT *\nFROM `...', 0)
#1 C:\xampp\htdocs\hms_group4\system\Database\BaseConnection.php(729): CodeIgniter\Database\MySQLi\Connection->execute('SELECT *\nFROM `...')
#2 C:\xampp\htdocs\hms_group4\system\Database\BaseConnection.php(646): CodeIgniter\Database\BaseConnection->simpleQuery('SELECT *\nFROM `...')
#3 C:\xampp\htdocs\hms_group4\system\Database\BaseBuilder.php(1649): CodeIgniter\Database\BaseConnection->query('SELECT *\nFROM `...', Array, false)
#4 C:\xampp\htdocs\hms_group4\system\Model.php(286): CodeIgniter\Database\BaseBuilder->get()
#5 C:\xampp\htdocs\hms_group4\system\BaseModel.php(677): CodeIgniter\Model->doFindAll(0, 0)
#6 C:\xampp\htdocs\hms_group4\app\Models\PrescriptionModel.php(41): CodeIgniter\BaseModel->findAll()
#7 C:\xampp\htdocs\hms_group4\app\Controllers\Doctor.php(200): App\Models\PrescriptionModel->getByDoctor('yad')
#8 C:\xampp\htdocs\hms_group4\system\CodeIgniter.php(933): App\Controllers\Doctor->prescriptions()
#9 C:\xampp\htdocs\hms_group4\system\CodeIgniter.php(507): CodeIgniter\CodeIgniter->runController(Object(App\Controllers\Doctor))
#10 C:\xampp\htdocs\hms_group4\system\CodeIgniter.php(354): CodeIgniter\CodeIgniter->handleRequest(NULL, Object(Config\Cache), false)
#11 C:\xampp\htdocs\hms_group4\system\Boot.php(363): CodeIgniter\CodeIgniter->run()
#12 C:\xampp\htdocs\hms_group4\system\Boot.php(68): CodeIgniter\Boot::runCodeIgniter(Object(CodeIgniter\CodeIgniter))
#13 C:\xampp\htdocs\hms_group4\index.php(59): CodeIgniter\Boot::bootWeb(Object(Config\Paths))
#14 {main}
CRITICAL - 2025-09-15 01:45:53 --> CodeIgniter\Database\Exceptions\DatabaseException: Table 'san_miguel_hms_new.prescriptions' doesn't exist in engine
[Method: GET, Route: doctor/prescriptions]
in SYSTEMPATH\Database\BaseConnection.php on line 684.
 1 SYSTEMPATH\Database\BaseBuilder.php(1649): CodeIgniter\Database\BaseConnection->query('SELECT *
FROM `prescriptions`
WHERE `doctor_name` = :doctor_name:
ORDER BY `created_date` DESC', [...], false)
 2 SYSTEMPATH\Model.php(286): CodeIgniter\Database\BaseBuilder->get()
 3 SYSTEMPATH\BaseModel.php(677): CodeIgniter\Model->doFindAll(0, 0)
 4 APPPATH\Models\PrescriptionModel.php(41): CodeIgniter\BaseModel->findAll()
 5 APPPATH\Controllers\Doctor.php(200): App\Models\PrescriptionModel->getByDoctor('yad')
 6 SYSTEMPATH\CodeIgniter.php(933): App\Controllers\Doctor->prescriptions()
 7 SYSTEMPATH\CodeIgniter.php(507): CodeIgniter\CodeIgniter->runController(Object(App\Controllers\Doctor))
 8 SYSTEMPATH\CodeIgniter.php(354): CodeIgniter\CodeIgniter->handleRequest(null, Object(Config\Cache), false)
 9 SYSTEMPATH\Boot.php(363): CodeIgniter\CodeIgniter->run()
10 SYSTEMPATH\Boot.php(68): CodeIgniter\Boot::runCodeIgniter(Object(CodeIgniter\CodeIgniter))
11 FCPATH\index.php(59): CodeIgniter\Boot::bootWeb(Object(Config\Paths))
CRITICAL - 2025-09-15 01:45:53 --> [Caused by] CodeIgniter\Database\Exceptions\DatabaseException: Table 'san_miguel_hms_new.prescriptions' doesn't exist in engine
in SYSTEMPATH\Database\MySQLi\Connection.php on line 332.
 1 SYSTEMPATH\Database\BaseConnection.php(729): CodeIgniter\Database\MySQLi\Connection->execute('SELECT *
FROM `prescriptions`
WHERE `doctor_name` = \'yad\'
ORDER BY `created_date` DESC')
 2 SYSTEMPATH\Database\BaseConnection.php(646): CodeIgniter\Database\BaseConnection->simpleQuery('SELECT *
FROM `prescriptions`
WHERE `doctor_name` = \'yad\'
ORDER BY `created_date` DESC')
 3 SYSTEMPATH\Database\BaseBuilder.php(1649): CodeIgniter\Database\BaseConnection->query('SELECT *
FROM `prescriptions`
WHERE `doctor_name` = :doctor_name:
ORDER BY `created_date` DESC', [...], false)
 4 SYSTEMPATH\Model.php(286): CodeIgniter\Database\BaseBuilder->get()
 5 SYSTEMPATH\BaseModel.php(677): CodeIgniter\Model->doFindAll(0, 0)
 6 APPPATH\Models\PrescriptionModel.php(41): CodeIgniter\BaseModel->findAll()
 7 APPPATH\Controllers\Doctor.php(200): App\Models\PrescriptionModel->getByDoctor('yad')
 8 SYSTEMPATH\CodeIgniter.php(933): App\Controllers\Doctor->prescriptions()
 9 SYSTEMPATH\CodeIgniter.php(507): CodeIgniter\CodeIgniter->runController(Object(App\Controllers\Doctor))
10 SYSTEMPATH\CodeIgniter.php(354): CodeIgniter\CodeIgniter->handleRequest(null, Object(Config\Cache), false)
11 SYSTEMPATH\Boot.php(363): CodeIgniter\CodeIgniter->run()
12 SYSTEMPATH\Boot.php(68): CodeIgniter\Boot::runCodeIgniter(Object(CodeIgniter\CodeIgniter))
13 FCPATH\index.php(59): CodeIgniter\Boot::bootWeb(Object(Config\Paths))
CRITICAL - 2025-09-15 01:45:53 --> [Caused by] mysqli_sql_exception: Table 'san_miguel_hms_new.prescriptions' doesn't exist in engine
in SYSTEMPATH\Database\MySQLi\Connection.php on line 327.
 1 SYSTEMPATH\Database\MySQLi\Connection.php(327): mysqli->query('SELECT *
FROM `prescriptions`
WHERE `doctor_name` = \'yad\'
ORDER BY `created_date` DESC', 0)
 2 SYSTEMPATH\Database\BaseConnection.php(729): CodeIgniter\Database\MySQLi\Connection->execute('SELECT *
FROM `prescriptions`
WHERE `doctor_name` = \'yad\'
ORDER BY `created_date` DESC')
 3 SYSTEMPATH\Database\BaseConnection.php(646): CodeIgniter\Database\BaseConnection->simpleQuery('SELECT *
FROM `prescriptions`
WHERE `doctor_name` = \'yad\'
ORDER BY `created_date` DESC')
 4 SYSTEMPATH\Database\BaseBuilder.php(1649): CodeIgniter\Database\BaseConnection->query('SELECT *
FROM `prescriptions`
WHERE `doctor_name` = :doctor_name:
ORDER BY `created_date` DESC', [...], false)
 5 SYSTEMPATH\Model.php(286): CodeIgniter\Database\BaseBuilder->get()
 6 SYSTEMPATH\BaseModel.php(677): CodeIgniter\Model->doFindAll(0, 0)
 7 APPPATH\Models\PrescriptionModel.php(41): CodeIgniter\BaseModel->findAll()
 8 APPPATH\Controllers\Doctor.php(200): App\Models\PrescriptionModel->getByDoctor('yad')
 9 SYSTEMPATH\CodeIgniter.php(933): App\Controllers\Doctor->prescriptions()
10 SYSTEMPATH\CodeIgniter.php(507): CodeIgniter\CodeIgniter->runController(Object(App\Controllers\Doctor))
11 SYSTEMPATH\CodeIgniter.php(354): CodeIgniter\CodeIgniter->handleRequest(null, Object(Config\Cache), false)
12 SYSTEMPATH\Boot.php(363): CodeIgniter\CodeIgniter->run()
13 SYSTEMPATH\Boot.php(68): CodeIgniter\Boot::runCodeIgniter(Object(CodeIgniter\CodeIgniter))
14 FCPATH\index.php(59): CodeIgniter\Boot::bootWeb(Object(Config\Paths))
CRITICAL - 2025-09-15 02:15:15 --> ParseError: syntax error, unexpected token "public"
[Method: GET, Route: doctor]
in APPPATH\Filters\AuthFilter.php on line 82.
 1 SYSTEMPATH\Autoloader\Autoloader.php(295): CodeIgniter\Autoloader\Autoloader->includeFile('C:\\xampp\\htdocs\\hms_group4\\app\\Filters\\AuthFilter.php')
 2 SYSTEMPATH\Autoloader\Autoloader.php(271): CodeIgniter\Autoloader\Autoloader->loadInNamespace('App\\Filters\\AuthFilter')
 3 SYSTEMPATH\Filters\Filters.php(299): CodeIgniter\Autoloader\Autoloader->loadClass('App\\Filters\\AuthFilter')
 4 SYSTEMPATH\Filters\Filters.php(239): CodeIgniter\Filters\Filters->createFilter('App\\Filters\\AuthFilter')
 5 SYSTEMPATH\Filters\Filters.php(221): CodeIgniter\Filters\Filters->runBefore([...])
 6 SYSTEMPATH\CodeIgniter.php(479): CodeIgniter\Filters\Filters->run('doctor', 'before')
 7 SYSTEMPATH\CodeIgniter.php(354): CodeIgniter\CodeIgniter->handleRequest(null, Object(Config\Cache), false)
 8 SYSTEMPATH\Boot.php(363): CodeIgniter\CodeIgniter->run()
 9 SYSTEMPATH\Boot.php(68): CodeIgniter\Boot::runCodeIgniter(Object(CodeIgniter\CodeIgniter))
10 FCPATH\index.php(59): CodeIgniter\Boot::bootWeb(Object(Config\Paths))
CRITICAL - 2025-09-15 02:15:22 --> ParseError: syntax error, unexpected token "public"
[Method: GET, Route: admin/dashboard]
in APPPATH\Filters\AuthFilter.php on line 82.
 1 SYSTEMPATH\Autoloader\Autoloader.php(295): CodeIgniter\Autoloader\Autoloader->includeFile('C:\\xampp\\htdocs\\hms_group4\\app\\Filters\\AuthFilter.php')
 2 SYSTEMPATH\Autoloader\Autoloader.php(271): CodeIgniter\Autoloader\Autoloader->loadInNamespace('App\\Filters\\AuthFilter')
 3 SYSTEMPATH\Filters\Filters.php(299): CodeIgniter\Autoloader\Autoloader->loadClass('App\\Filters\\AuthFilter')
 4 SYSTEMPATH\Filters\Filters.php(239): CodeIgniter\Filters\Filters->createFilter('App\\Filters\\AuthFilter')
 5 SYSTEMPATH\Filters\Filters.php(221): CodeIgniter\Filters\Filters->runBefore([...])
 6 SYSTEMPATH\CodeIgniter.php(479): CodeIgniter\Filters\Filters->run('admin/dashboard', 'before')
 7 SYSTEMPATH\CodeIgniter.php(354): CodeIgniter\CodeIgniter->handleRequest(null, Object(Config\Cache), false)
 8 SYSTEMPATH\Boot.php(363): CodeIgniter\CodeIgniter->run()
 9 SYSTEMPATH\Boot.php(68): CodeIgniter\Boot::runCodeIgniter(Object(CodeIgniter\CodeIgniter))
10 FCPATH\index.php(59): CodeIgniter\Boot::bootWeb(Object(Config\Paths))
CRITICAL - 2025-09-15 02:43:18 --> ErrorException: session_regenerate_id(): Session ID cannot be regenerated when there is no active session
[Method: GET, Route: force-logout]
in SYSTEMPATH\Session\Session.php on line 388.
 1 [internal function]: CodeIgniter\Debug\Exceptions->errorHandler(2, 'session_regenerate_id(): Session ID cannot be regenerated when there is no active session', 'C:\\xampp\\htdocs\\hms_group4\\system\\Session\\Session.php', 388)
 2 SYSTEMPATH\Session\Session.php(388): session_regenerate_id(true)
 3 APPPATH\Controllers\Auth.php(120): CodeIgniter\Session\Session->regenerate(true)
 4 SYSTEMPATH\CodeIgniter.php(933): App\Controllers\Auth->forceLogout()
 5 SYSTEMPATH\CodeIgniter.php(507): CodeIgniter\CodeIgniter->runController(Object(App\Controllers\Auth))
 6 SYSTEMPATH\CodeIgniter.php(354): CodeIgniter\CodeIgniter->handleRequest(null, Object(Config\Cache), false)
 7 SYSTEMPATH\Boot.php(363): CodeIgniter\CodeIgniter->run()
 8 SYSTEMPATH\Boot.php(68): CodeIgniter\Boot::runCodeIgniter(Object(CodeIgniter\CodeIgniter))
 9 FCPATH\index.php(59): CodeIgniter\Boot::bootWeb(Object(Config\Paths))
CRITICAL - 2025-09-15 02:46:41 --> ErrorException: session_regenerate_id(): Session ID cannot be regenerated when there is no active session
[Method: GET, Route: force-logout]
in SYSTEMPATH\Session\Session.php on line 388.
 1 [internal function]: CodeIgniter\Debug\Exceptions->errorHandler(2, 'session_regenerate_id(): Session ID cannot be regenerated when there is no active session', 'C:\\xampp\\htdocs\\hms_group4\\system\\Session\\Session.php', 388)
 2 SYSTEMPATH\Session\Session.php(388): session_regenerate_id(true)
 3 APPPATH\Controllers\Auth.php(121): CodeIgniter\Session\Session->regenerate(true)
 4 SYSTEMPATH\CodeIgniter.php(933): App\Controllers\Auth->forceLogout()
 5 SYSTEMPATH\CodeIgniter.php(507): CodeIgniter\CodeIgniter->runController(Object(App\Controllers\Auth))
 6 SYSTEMPATH\CodeIgniter.php(354): CodeIgniter\CodeIgniter->handleRequest(null, Object(Config\Cache), false)
 7 SYSTEMPATH\Boot.php(363): CodeIgniter\CodeIgniter->run()
 8 SYSTEMPATH\Boot.php(68): CodeIgniter\Boot::runCodeIgniter(Object(CodeIgniter\CodeIgniter))
 9 FCPATH\index.php(59): CodeIgniter\Boot::bootWeb(Object(Config\Paths))
CRITICAL - 2025-09-15 02:46:57 --> ErrorException: session_regenerate_id(): Session ID cannot be regenerated when there is no active session
[Method: GET, Route: force-logout]
in SYSTEMPATH\Session\Session.php on line 388.
 1 [internal function]: CodeIgniter\Debug\Exceptions->errorHandler(2, 'session_regenerate_id(): Session ID cannot be regenerated when there is no active session', 'C:\\xampp\\htdocs\\hms_group4\\system\\Session\\Session.php', 388)
 2 SYSTEMPATH\Session\Session.php(388): session_regenerate_id(true)
 3 APPPATH\Controllers\Auth.php(121): CodeIgniter\Session\Session->regenerate(true)
 4 SYSTEMPATH\CodeIgniter.php(933): App\Controllers\Auth->forceLogout()
 5 SYSTEMPATH\CodeIgniter.php(507): CodeIgniter\CodeIgniter->runController(Object(App\Controllers\Auth))
 6 SYSTEMPATH\CodeIgniter.php(354): CodeIgniter\CodeIgniter->handleRequest(null, Object(Config\Cache), false)
 7 SYSTEMPATH\Boot.php(363): CodeIgniter\CodeIgniter->run()
 8 SYSTEMPATH\Boot.php(68): CodeIgniter\Boot::runCodeIgniter(Object(CodeIgniter\CodeIgniter))
 9 FCPATH\index.php(59): CodeIgniter\Boot::bootWeb(Object(Config\Paths))
CRITICAL - 2025-09-15 02:47:50 --> ErrorException: session_regenerate_id(): Session ID cannot be regenerated when there is no active session
[Method: GET, Route: force-logout]
in SYSTEMPATH\Session\Session.php on line 388.
 1 [internal function]: CodeIgniter\Debug\Exceptions->errorHandler(2, 'session_regenerate_id(): Session ID cannot be regenerated when there is no active session', 'C:\\xampp\\htdocs\\hms_group4\\system\\Session\\Session.php', 388)
 2 SYSTEMPATH\Session\Session.php(388): session_regenerate_id(true)
 3 APPPATH\Controllers\Auth.php(121): CodeIgniter\Session\Session->regenerate(true)
 4 SYSTEMPATH\CodeIgniter.php(933): App\Controllers\Auth->forceLogout()
 5 SYSTEMPATH\CodeIgniter.php(507): CodeIgniter\CodeIgniter->runController(Object(App\Controllers\Auth))
 6 SYSTEMPATH\CodeIgniter.php(354): CodeIgniter\CodeIgniter->handleRequest(null, Object(Config\Cache), false)
 7 SYSTEMPATH\Boot.php(363): CodeIgniter\CodeIgniter->run()
 8 SYSTEMPATH\Boot.php(68): CodeIgniter\Boot::runCodeIgniter(Object(CodeIgniter\CodeIgniter))
 9 FCPATH\index.php(59): CodeIgniter\Boot::bootWeb(Object(Config\Paths))
CRITICAL - 2025-09-15 02:47:50 --> ErrorException: session_regenerate_id(): Session ID cannot be regenerated when there is no active session
[Method: GET, Route: force-logout]
in SYSTEMPATH\Session\Session.php on line 388.
 1 [internal function]: CodeIgniter\Debug\Exceptions->errorHandler(2, 'session_regenerate_id(): Session ID cannot be regenerated when there is no active session', 'C:\\xampp\\htdocs\\hms_group4\\system\\Session\\Session.php', 388)
 2 SYSTEMPATH\Session\Session.php(388): session_regenerate_id(true)
 3 APPPATH\Controllers\Auth.php(121): CodeIgniter\Session\Session->regenerate(true)
 4 SYSTEMPATH\CodeIgniter.php(933): App\Controllers\Auth->forceLogout()
 5 SYSTEMPATH\CodeIgniter.php(507): CodeIgniter\CodeIgniter->runController(Object(App\Controllers\Auth))
 6 SYSTEMPATH\CodeIgniter.php(354): CodeIgniter\CodeIgniter->handleRequest(null, Object(Config\Cache), false)
 7 SYSTEMPATH\Boot.php(363): CodeIgniter\CodeIgniter->run()
 8 SYSTEMPATH\Boot.php(68): CodeIgniter\Boot::runCodeIgniter(Object(CodeIgniter\CodeIgniter))
 9 FCPATH\index.php(59): CodeIgniter\Boot::bootWeb(Object(Config\Paths))
CRITICAL - 2025-09-15 02:48:32 --> ErrorException: session_regenerate_id(): Session ID cannot be regenerated when there is no active session
[Method: GET, Route: force-logout]
in SYSTEMPATH\Session\Session.php on line 388.
 1 [internal function]: CodeIgniter\Debug\Exceptions->errorHandler(2, 'session_regenerate_id(): Session ID cannot be regenerated when there is no active session', 'C:\\xampp\\htdocs\\hms_group4\\system\\Session\\Session.php', 388)
 2 SYSTEMPATH\Session\Session.php(388): session_regenerate_id(true)
 3 APPPATH\Controllers\Auth.php(121): CodeIgniter\Session\Session->regenerate(true)
 4 SYSTEMPATH\CodeIgniter.php(933): App\Controllers\Auth->forceLogout()
 5 SYSTEMPATH\CodeIgniter.php(507): CodeIgniter\CodeIgniter->runController(Object(App\Controllers\Auth))
 6 SYSTEMPATH\CodeIgniter.php(354): CodeIgniter\CodeIgniter->handleRequest(null, Object(Config\Cache), false)
 7 SYSTEMPATH\Boot.php(363): CodeIgniter\CodeIgniter->run()
 8 SYSTEMPATH\Boot.php(68): CodeIgniter\Boot::runCodeIgniter(Object(CodeIgniter\CodeIgniter))
 9 FCPATH\index.php(59): CodeIgniter\Boot::bootWeb(Object(Config\Paths))
CRITICAL - 2025-09-15 02:50:29 --> ErrorException: session_regenerate_id(): Session ID cannot be regenerated when there is no active session
[Method: GET, Route: force-logout]
in SYSTEMPATH\Session\Session.php on line 388.
 1 [internal function]: CodeIgniter\Debug\Exceptions->errorHandler(2, 'session_regenerate_id(): Session ID cannot be regenerated when there is no active session', 'C:\\xampp\\htdocs\\hms_group4\\system\\Session\\Session.php', 388)
 2 SYSTEMPATH\Session\Session.php(388): session_regenerate_id(true)
 3 APPPATH\Controllers\Auth.php(121): CodeIgniter\Session\Session->regenerate(true)
 4 SYSTEMPATH\CodeIgniter.php(933): App\Controllers\Auth->forceLogout()
 5 SYSTEMPATH\CodeIgniter.php(507): CodeIgniter\CodeIgniter->runController(Object(App\Controllers\Auth))
 6 SYSTEMPATH\CodeIgniter.php(354): CodeIgniter\CodeIgniter->handleRequest(null, Object(Config\Cache), false)
 7 SYSTEMPATH\Boot.php(363): CodeIgniter\CodeIgniter->run()
 8 SYSTEMPATH\Boot.php(68): CodeIgniter\Boot::runCodeIgniter(Object(CodeIgniter\CodeIgniter))
 9 FCPATH\index.php(59): CodeIgniter\Boot::bootWeb(Object(Config\Paths))
CRITICAL - 2025-09-15 02:55:41 --> ErrorException: session_regenerate_id(): Session ID cannot be regenerated when there is no active session
[Method: GET, Route: force-logout]
in SYSTEMPATH\Session\Session.php on line 388.
 1 [internal function]: CodeIgniter\Debug\Exceptions->errorHandler(2, 'session_regenerate_id(): Session ID cannot be regenerated when there is no active session', 'C:\\xampp\\htdocs\\hms_group4\\system\\Session\\Session.php', 388)
 2 SYSTEMPATH\Session\Session.php(388): session_regenerate_id(true)
 3 APPPATH\Controllers\Auth.php(121): CodeIgniter\Session\Session->regenerate(true)
 4 SYSTEMPATH\CodeIgniter.php(933): App\Controllers\Auth->forceLogout()
 5 SYSTEMPATH\CodeIgniter.php(507): CodeIgniter\CodeIgniter->runController(Object(App\Controllers\Auth))
 6 SYSTEMPATH\CodeIgniter.php(354): CodeIgniter\CodeIgniter->handleRequest(null, Object(Config\Cache), false)
 7 SYSTEMPATH\Boot.php(363): CodeIgniter\CodeIgniter->run()
 8 SYSTEMPATH\Boot.php(68): CodeIgniter\Boot::runCodeIgniter(Object(CodeIgniter\CodeIgniter))
 9 FCPATH\index.php(59): CodeIgniter\Boot::bootWeb(Object(Config\Paths))
CRITICAL - 2025-09-15 02:57:14 --> ErrorException: session_regenerate_id(): Session ID cannot be regenerated when there is no active session
[Method: GET, Route: force-logout]
in SYSTEMPATH\Session\Session.php on line 388.
 1 [internal function]: CodeIgniter\Debug\Exceptions->errorHandler(2, 'session_regenerate_id(): Session ID cannot be regenerated when there is no active session', 'C:\\xampp\\htdocs\\hms_group4\\system\\Session\\Session.php', 388)
 2 SYSTEMPATH\Session\Session.php(388): session_regenerate_id(true)
 3 APPPATH\Controllers\Auth.php(121): CodeIgniter\Session\Session->regenerate(true)
 4 SYSTEMPATH\CodeIgniter.php(933): App\Controllers\Auth->forceLogout()
 5 SYSTEMPATH\CodeIgniter.php(507): CodeIgniter\CodeIgniter->runController(Object(App\Controllers\Auth))
 6 SYSTEMPATH\CodeIgniter.php(354): CodeIgniter\CodeIgniter->handleRequest(null, Object(Config\Cache), false)
 7 SYSTEMPATH\Boot.php(363): CodeIgniter\CodeIgniter->run()
 8 SYSTEMPATH\Boot.php(68): CodeIgniter\Boot::runCodeIgniter(Object(CodeIgniter\CodeIgniter))
 9 FCPATH\index.php(59): CodeIgniter\Boot::bootWeb(Object(Config\Paths))
CRITICAL - 2025-09-15 02:59:52 --> ErrorException: session_regenerate_id(): Session ID cannot be regenerated when there is no active session
[Method: GET, Route: force-logout]
in SYSTEMPATH\Session\Session.php on line 388.
 1 [internal function]: CodeIgniter\Debug\Exceptions->errorHandler(2, 'session_regenerate_id(): Session ID cannot be regenerated when there is no active session', 'C:\\xampp\\htdocs\\hms_group4\\system\\Session\\Session.php', 388)
 2 SYSTEMPATH\Session\Session.php(388): session_regenerate_id(true)
 3 APPPATH\Controllers\Auth.php(121): CodeIgniter\Session\Session->regenerate(true)
 4 SYSTEMPATH\CodeIgniter.php(933): App\Controllers\Auth->forceLogout()
 5 SYSTEMPATH\CodeIgniter.php(507): CodeIgniter\CodeIgniter->runController(Object(App\Controllers\Auth))
 6 SYSTEMPATH\CodeIgniter.php(354): CodeIgniter\CodeIgniter->handleRequest(null, Object(Config\Cache), false)
 7 SYSTEMPATH\Boot.php(363): CodeIgniter\CodeIgniter->run()
 8 SYSTEMPATH\Boot.php(68): CodeIgniter\Boot::runCodeIgniter(Object(CodeIgniter\CodeIgniter))
 9 FCPATH\index.php(59): CodeIgniter\Boot::bootWeb(Object(Config\Paths))
CRITICAL - 2025-09-15 03:00:10 --> Error: Call to undefined method CodeIgniter\Session\Session::getId()
[Method: GET, Route: admin/reports-management]
in APPPATH\Filters\AuthFilter.php on line 45.
 1 SYSTEMPATH\Filters\Filters.php(241): App\Filters\AuthFilter->before(Object(CodeIgniter\HTTP\IncomingRequest), null)
 2 SYSTEMPATH\Filters\Filters.php(221): CodeIgniter\Filters\Filters->runBefore([...])
 3 SYSTEMPATH\CodeIgniter.php(479): CodeIgniter\Filters\Filters->run('admin/reports-management', 'before')
 4 SYSTEMPATH\CodeIgniter.php(354): CodeIgniter\CodeIgniter->handleRequest(null, Object(Config\Cache), false)
 5 SYSTEMPATH\Boot.php(363): CodeIgniter\CodeIgniter->run()
 6 SYSTEMPATH\Boot.php(68): CodeIgniter\Boot::runCodeIgniter(Object(CodeIgniter\CodeIgniter))
 7 FCPATH\index.php(59): CodeIgniter\Boot::bootWeb(Object(Config\Paths))
CRITICAL - 2025-09-15 03:00:11 --> Error: Call to undefined method CodeIgniter\Session\Session::getId()
[Method: GET, Route: admin/reports-management]
in APPPATH\Filters\AuthFilter.php on line 45.
 1 SYSTEMPATH\Filters\Filters.php(241): App\Filters\AuthFilter->before(Object(CodeIgniter\HTTP\IncomingRequest), null)
 2 SYSTEMPATH\Filters\Filters.php(221): CodeIgniter\Filters\Filters->runBefore([...])
 3 SYSTEMPATH\CodeIgniter.php(479): CodeIgniter\Filters\Filters->run('admin/reports-management', 'before')
 4 SYSTEMPATH\CodeIgniter.php(354): CodeIgniter\CodeIgniter->handleRequest(null, Object(Config\Cache), false)
 5 SYSTEMPATH\Boot.php(363): CodeIgniter\CodeIgniter->run()
 6 SYSTEMPATH\Boot.php(68): CodeIgniter\Boot::runCodeIgniter(Object(CodeIgniter\CodeIgniter))
 7 FCPATH\index.php(59): CodeIgniter\Boot::bootWeb(Object(Config\Paths))
CRITICAL - 2025-09-15 03:00:11 --> Error: Call to undefined method CodeIgniter\Session\Session::getId()
[Method: GET, Route: admin/reports-management]
in APPPATH\Filters\AuthFilter.php on line 45.
 1 SYSTEMPATH\Filters\Filters.php(241): App\Filters\AuthFilter->before(Object(CodeIgniter\HTTP\IncomingRequest), null)
 2 SYSTEMPATH\Filters\Filters.php(221): CodeIgniter\Filters\Filters->runBefore([...])
 3 SYSTEMPATH\CodeIgniter.php(479): CodeIgniter\Filters\Filters->run('admin/reports-management', 'before')
 4 SYSTEMPATH\CodeIgniter.php(354): CodeIgniter\CodeIgniter->handleRequest(null, Object(Config\Cache), false)
 5 SYSTEMPATH\Boot.php(363): CodeIgniter\CodeIgniter->run()
 6 SYSTEMPATH\Boot.php(68): CodeIgniter\Boot::runCodeIgniter(Object(CodeIgniter\CodeIgniter))
 7 FCPATH\index.php(59): CodeIgniter\Boot::bootWeb(Object(Config\Paths))
CRITICAL - 2025-09-15 03:00:12 --> Error: Call to undefined method CodeIgniter\Session\Session::getId()
[Method: GET, Route: admin/reports-management]
in APPPATH\Filters\AuthFilter.php on line 45.
 1 SYSTEMPATH\Filters\Filters.php(241): App\Filters\AuthFilter->before(Object(CodeIgniter\HTTP\IncomingRequest), null)
 2 SYSTEMPATH\Filters\Filters.php(221): CodeIgniter\Filters\Filters->runBefore([...])
 3 SYSTEMPATH\CodeIgniter.php(479): CodeIgniter\Filters\Filters->run('admin/reports-management', 'before')
 4 SYSTEMPATH\CodeIgniter.php(354): CodeIgniter\CodeIgniter->handleRequest(null, Object(Config\Cache), false)
 5 SYSTEMPATH\Boot.php(363): CodeIgniter\CodeIgniter->run()
 6 SYSTEMPATH\Boot.php(68): CodeIgniter\Boot::runCodeIgniter(Object(CodeIgniter\CodeIgniter))
 7 FCPATH\index.php(59): CodeIgniter\Boot::bootWeb(Object(Config\Paths))
CRITICAL - 2025-09-15 03:00:12 --> Error: Call to undefined method CodeIgniter\Session\Session::getId()
[Method: GET, Route: admin/reports-management]
in APPPATH\Filters\AuthFilter.php on line 45.
 1 SYSTEMPATH\Filters\Filters.php(241): App\Filters\AuthFilter->before(Object(CodeIgniter\HTTP\IncomingRequest), null)
 2 SYSTEMPATH\Filters\Filters.php(221): CodeIgniter\Filters\Filters->runBefore([...])
 3 SYSTEMPATH\CodeIgniter.php(479): CodeIgniter\Filters\Filters->run('admin/reports-management', 'before')
 4 SYSTEMPATH\CodeIgniter.php(354): CodeIgniter\CodeIgniter->handleRequest(null, Object(Config\Cache), false)
 5 SYSTEMPATH\Boot.php(363): CodeIgniter\CodeIgniter->run()
 6 SYSTEMPATH\Boot.php(68): CodeIgniter\Boot::runCodeIgniter(Object(CodeIgniter\CodeIgniter))
 7 FCPATH\index.php(59): CodeIgniter\Boot::bootWeb(Object(Config\Paths))
CRITICAL - 2025-09-15 03:00:12 --> Error: Call to undefined method CodeIgniter\Session\Session::getId()
[Method: GET, Route: admin/reports-management]
in APPPATH\Filters\AuthFilter.php on line 45.
 1 SYSTEMPATH\Filters\Filters.php(241): App\Filters\AuthFilter->before(Object(CodeIgniter\HTTP\IncomingRequest), null)
 2 SYSTEMPATH\Filters\Filters.php(221): CodeIgniter\Filters\Filters->runBefore([...])
 3 SYSTEMPATH\CodeIgniter.php(479): CodeIgniter\Filters\Filters->run('admin/reports-management', 'before')
 4 SYSTEMPATH\CodeIgniter.php(354): CodeIgniter\CodeIgniter->handleRequest(null, Object(Config\Cache), false)
 5 SYSTEMPATH\Boot.php(363): CodeIgniter\CodeIgniter->run()
 6 SYSTEMPATH\Boot.php(68): CodeIgniter\Boot::runCodeIgniter(Object(CodeIgniter\CodeIgniter))
 7 FCPATH\index.php(59): CodeIgniter\Boot::bootWeb(Object(Config\Paths))
CRITICAL - 2025-09-15 03:00:15 --> Error: Call to undefined method CodeIgniter\Session\Session::getId()
[Method: GET, Route: admin/dashboard]
in APPPATH\Filters\AuthFilter.php on line 45.
 1 SYSTEMPATH\Filters\Filters.php(241): App\Filters\AuthFilter->before(Object(CodeIgniter\HTTP\IncomingRequest), null)
 2 SYSTEMPATH\Filters\Filters.php(221): CodeIgniter\Filters\Filters->runBefore([...])
 3 SYSTEMPATH\CodeIgniter.php(479): CodeIgniter\Filters\Filters->run('admin/dashboard', 'before')
 4 SYSTEMPATH\CodeIgniter.php(354): CodeIgniter\CodeIgniter->handleRequest(null, Object(Config\Cache), false)
 5 SYSTEMPATH\Boot.php(363): CodeIgniter\CodeIgniter->run()
 6 SYSTEMPATH\Boot.php(68): CodeIgniter\Boot::runCodeIgniter(Object(CodeIgniter\CodeIgniter))
 7 FCPATH\index.php(59): CodeIgniter\Boot::bootWeb(Object(Config\Paths))
CRITICAL - 2025-09-15 03:00:41 --> Error: Call to undefined method CodeIgniter\Session\Session::getId()
[Method: GET, Route: dashboard]
in APPPATH\Filters\AuthFilter.php on line 45.
 1 SYSTEMPATH\Filters\Filters.php(241): App\Filters\AuthFilter->before(Object(CodeIgniter\HTTP\IncomingRequest), null)
 2 SYSTEMPATH\Filters\Filters.php(221): CodeIgniter\Filters\Filters->runBefore([...])
 3 SYSTEMPATH\CodeIgniter.php(479): CodeIgniter\Filters\Filters->run('dashboard', 'before')
 4 SYSTEMPATH\CodeIgniter.php(354): CodeIgniter\CodeIgniter->handleRequest(null, Object(Config\Cache), false)
 5 SYSTEMPATH\Boot.php(363): CodeIgniter\CodeIgniter->run()
 6 SYSTEMPATH\Boot.php(68): CodeIgniter\Boot::runCodeIgniter(Object(CodeIgniter\CodeIgniter))
 7 FCPATH\index.php(59): CodeIgniter\Boot::bootWeb(Object(Config\Paths))
CRITICAL - 2025-09-15 03:04:06 --> ErrorException: session_regenerate_id(): Session ID cannot be regenerated when there is no active session
[Method: GET, Route: force-logout]
in SYSTEMPATH\Session\Session.php on line 388.
 1 [internal function]: CodeIgniter\Debug\Exceptions->errorHandler(2, 'session_regenerate_id(): Session ID cannot be regenerated when there is no active session', 'C:\\xampp\\htdocs\\hms_group4\\system\\Session\\Session.php', 388)
 2 SYSTEMPATH\Session\Session.php(388): session_regenerate_id(true)
 3 APPPATH\Controllers\Auth.php(121): CodeIgniter\Session\Session->regenerate(true)
 4 SYSTEMPATH\CodeIgniter.php(933): App\Controllers\Auth->forceLogout()
 5 SYSTEMPATH\CodeIgniter.php(507): CodeIgniter\CodeIgniter->runController(Object(App\Controllers\Auth))
 6 SYSTEMPATH\CodeIgniter.php(354): CodeIgniter\CodeIgniter->handleRequest(null, Object(Config\Cache), false)
 7 SYSTEMPATH\Boot.php(363): CodeIgniter\CodeIgniter->run()
 8 SYSTEMPATH\Boot.php(68): CodeIgniter\Boot::runCodeIgniter(Object(CodeIgniter\CodeIgniter))
 9 FCPATH\index.php(59): CodeIgniter\Boot::bootWeb(Object(Config\Paths))
CRITICAL - 2025-09-15 03:04:22 --> Error: Call to undefined method CodeIgniter\Session\Session::getId()
[Method: GET, Route: laboratory]
in APPPATH\Filters\AuthFilter.php on line 44.
 1 SYSTEMPATH\Filters\Filters.php(241): App\Filters\AuthFilter->before(Object(CodeIgniter\HTTP\IncomingRequest), null)
 2 SYSTEMPATH\Filters\Filters.php(221): CodeIgniter\Filters\Filters->runBefore([...])
 3 SYSTEMPATH\CodeIgniter.php(479): CodeIgniter\Filters\Filters->run('laboratory', 'before')
 4 SYSTEMPATH\CodeIgniter.php(354): CodeIgniter\CodeIgniter->handleRequest(null, Object(Config\Cache), false)
 5 SYSTEMPATH\Boot.php(363): CodeIgniter\CodeIgniter->run()
 6 SYSTEMPATH\Boot.php(68): CodeIgniter\Boot::runCodeIgniter(Object(CodeIgniter\CodeIgniter))
 7 FCPATH\index.php(59): CodeIgniter\Boot::bootWeb(Object(Config\Paths))
CRITICAL - 2025-09-15 03:04:22 --> Error: Call to undefined method CodeIgniter\Session\Session::getId()
[Method: GET, Route: laboratory]
in APPPATH\Filters\AuthFilter.php on line 44.
 1 SYSTEMPATH\Filters\Filters.php(241): App\Filters\AuthFilter->before(Object(CodeIgniter\HTTP\IncomingRequest), null)
 2 SYSTEMPATH\Filters\Filters.php(221): CodeIgniter\Filters\Filters->runBefore([...])
 3 SYSTEMPATH\CodeIgniter.php(479): CodeIgniter\Filters\Filters->run('laboratory', 'before')
 4 SYSTEMPATH\CodeIgniter.php(354): CodeIgniter\CodeIgniter->handleRequest(null, Object(Config\Cache), false)
 5 SYSTEMPATH\Boot.php(363): CodeIgniter\CodeIgniter->run()
 6 SYSTEMPATH\Boot.php(68): CodeIgniter\Boot::runCodeIgniter(Object(CodeIgniter\CodeIgniter))
 7 FCPATH\index.php(59): CodeIgniter\Boot::bootWeb(Object(Config\Paths))
CRITICAL - 2025-09-15 03:04:25 --> Error: Call to undefined method CodeIgniter\Session\Session::getId()
[Method: GET, Route: admin/patient-management]
in APPPATH\Filters\AuthFilter.php on line 44.
 1 SYSTEMPATH\Filters\Filters.php(241): App\Filters\AuthFilter->before(Object(CodeIgniter\HTTP\IncomingRequest), null)
 2 SYSTEMPATH\Filters\Filters.php(221): CodeIgniter\Filters\Filters->runBefore([...])
 3 SYSTEMPATH\CodeIgniter.php(479): CodeIgniter\Filters\Filters->run('admin/patient-management', 'before')
 4 SYSTEMPATH\CodeIgniter.php(354): CodeIgniter\CodeIgniter->handleRequest(null, Object(Config\Cache), false)
 5 SYSTEMPATH\Boot.php(363): CodeIgniter\CodeIgniter->run()
 6 SYSTEMPATH\Boot.php(68): CodeIgniter\Boot::runCodeIgniter(Object(CodeIgniter\CodeIgniter))
 7 FCPATH\index.php(59): CodeIgniter\Boot::bootWeb(Object(Config\Paths))
CRITICAL - 2025-09-15 03:05:25 --> ErrorException: session_regenerate_id(): Session ID cannot be regenerated when there is no active session
[Method: GET, Route: force-logout]
in SYSTEMPATH\Session\Session.php on line 388.
 1 [internal function]: CodeIgniter\Debug\Exceptions->errorHandler(2, 'session_regenerate_id(): Session ID cannot be regenerated when there is no active session', 'C:\\xampp\\htdocs\\hms_group4\\system\\Session\\Session.php', 388)
 2 SYSTEMPATH\Session\Session.php(388): session_regenerate_id(true)
 3 APPPATH\Controllers\Auth.php(121): CodeIgniter\Session\Session->regenerate(true)
 4 SYSTEMPATH\CodeIgniter.php(933): App\Controllers\Auth->forceLogout()
 5 SYSTEMPATH\CodeIgniter.php(507): CodeIgniter\CodeIgniter->runController(Object(App\Controllers\Auth))
 6 SYSTEMPATH\CodeIgniter.php(354): CodeIgniter\CodeIgniter->handleRequest(null, Object(Config\Cache), false)
 7 SYSTEMPATH\Boot.php(363): CodeIgniter\CodeIgniter->run()
 8 SYSTEMPATH\Boot.php(68): CodeIgniter\Boot::runCodeIgniter(Object(CodeIgniter\CodeIgniter))
 9 FCPATH\index.php(59): CodeIgniter\Boot::bootWeb(Object(Config\Paths))
CRITICAL - 2025-09-15 03:07:51 --> ErrorException: session_regenerate_id(): Session ID cannot be regenerated when there is no active session
[Method: GET, Route: force-logout]
in SYSTEMPATH\Session\Session.php on line 388.
 1 [internal function]: CodeIgniter\Debug\Exceptions->errorHandler(2, 'session_regenerate_id(): Session ID cannot be regenerated when there is no active session', 'C:\\xampp\\htdocs\\hms_group4\\system\\Session\\Session.php', 388)
 2 SYSTEMPATH\Session\Session.php(388): session_regenerate_id(true)
 3 APPPATH\Controllers\Auth.php(121): CodeIgniter\Session\Session->regenerate(true)
 4 SYSTEMPATH\CodeIgniter.php(933): App\Controllers\Auth->forceLogout()
 5 SYSTEMPATH\CodeIgniter.php(507): CodeIgniter\CodeIgniter->runController(Object(App\Controllers\Auth))
 6 SYSTEMPATH\CodeIgniter.php(354): CodeIgniter\CodeIgniter->handleRequest(null, Object(Config\Cache), false)
 7 SYSTEMPATH\Boot.php(363): CodeIgniter\CodeIgniter->run()
 8 SYSTEMPATH\Boot.php(68): CodeIgniter\Boot::runCodeIgniter(Object(CodeIgniter\CodeIgniter))
 9 FCPATH\index.php(59): CodeIgniter\Boot::bootWeb(Object(Config\Paths))
CRITICAL - 2025-09-15 03:23:21 --> ErrorException: session_regenerate_id(): Session ID cannot be regenerated when there is no active session
[Method: GET, Route: force-logout]
in SYSTEMPATH\Session\Session.php on line 388.
 1 [internal function]: CodeIgniter\Debug\Exceptions->errorHandler(2, 'session_regenerate_id(): Session ID cannot be regenerated when there is no active session', 'C:\\xampp\\htdocs\\hms_group4\\system\\Session\\Session.php', 388)
 2 SYSTEMPATH\Session\Session.php(388): session_regenerate_id(true)
 3 APPPATH\Controllers\Auth.php(121): CodeIgniter\Session\Session->regenerate(true)
 4 SYSTEMPATH\CodeIgniter.php(933): App\Controllers\Auth->forceLogout()
 5 SYSTEMPATH\CodeIgniter.php(507): CodeIgniter\CodeIgniter->runController(Object(App\Controllers\Auth))
 6 SYSTEMPATH\CodeIgniter.php(354): CodeIgniter\CodeIgniter->handleRequest(null, Object(Config\Cache), false)
 7 SYSTEMPATH\Boot.php(363): CodeIgniter\CodeIgniter->run()
 8 SYSTEMPATH\Boot.php(68): CodeIgniter\Boot::runCodeIgniter(Object(CodeIgniter\CodeIgniter))
 9 FCPATH\index.php(59): CodeIgniter\Boot::bootWeb(Object(Config\Paths))
CRITICAL - 2025-09-15 04:00:44 --> ErrorException: session_regenerate_id(): Session ID cannot be regenerated when there is no active session
[Method: GET, Route: force-logout]
in SYSTEMPATH\Session\Session.php on line 388.
 1 [internal function]: CodeIgniter\Debug\Exceptions->errorHandler(2, 'session_regenerate_id(): Session ID cannot be regenerated when there is no active session', 'C:\\xampp\\htdocs\\hms_group4\\system\\Session\\Session.php', 388)
 2 SYSTEMPATH\Session\Session.php(388): session_regenerate_id(true)
 3 APPPATH\Controllers\Auth.php(121): CodeIgniter\Session\Session->regenerate(true)
 4 SYSTEMPATH\CodeIgniter.php(933): App\Controllers\Auth->forceLogout()
 5 SYSTEMPATH\CodeIgniter.php(507): CodeIgniter\CodeIgniter->runController(Object(App\Controllers\Auth))
 6 SYSTEMPATH\CodeIgniter.php(354): CodeIgniter\CodeIgniter->handleRequest(null, Object(Config\Cache), false)
 7 SYSTEMPATH\Boot.php(363): CodeIgniter\CodeIgniter->run()
 8 SYSTEMPATH\Boot.php(68): CodeIgniter\Boot::runCodeIgniter(Object(CodeIgniter\CodeIgniter))
 9 FCPATH\index.php(59): CodeIgniter\Boot::bootWeb(Object(Config\Paths))
ERROR - 2025-09-15 04:14:20 --> mysqli_sql_exception: Table 'san_miguel_hms_new.prescriptions' doesn't exist in engine in C:\xampp\htdocs\hms_group4\system\Database\MySQLi\Connection.php:327
Stack trace:
#0 C:\xampp\htdocs\hms_group4\system\Database\MySQLi\Connection.php(327): mysqli->query('SELECT *\nFROM `...', 0)
#1 C:\xampp\htdocs\hms_group4\system\Database\BaseConnection.php(729): CodeIgniter\Database\MySQLi\Connection->execute('SELECT *\nFROM `...')
#2 C:\xampp\htdocs\hms_group4\system\Database\BaseConnection.php(646): CodeIgniter\Database\BaseConnection->simpleQuery('SELECT *\nFROM `...')
#3 C:\xampp\htdocs\hms_group4\system\Database\BaseBuilder.php(1649): CodeIgniter\Database\BaseConnection->query('SELECT *\nFROM `...', Array, false)
#4 C:\xampp\htdocs\hms_group4\system\Model.php(286): CodeIgniter\Database\BaseBuilder->get()
#5 C:\xampp\htdocs\hms_group4\system\BaseModel.php(677): CodeIgniter\Model->doFindAll(0, 0)
#6 C:\xampp\htdocs\hms_group4\app\Models\PrescriptionModel.php(41): CodeIgniter\BaseModel->findAll()
#7 C:\xampp\htdocs\hms_group4\app\Controllers\Doctor.php(202): App\Models\PrescriptionModel->getByDoctor('ivan')
#8 C:\xampp\htdocs\hms_group4\system\CodeIgniter.php(933): App\Controllers\Doctor->prescriptions()
#9 C:\xampp\htdocs\hms_group4\system\CodeIgniter.php(507): CodeIgniter\CodeIgniter->runController(Object(App\Controllers\Doctor))
#10 C:\xampp\htdocs\hms_group4\system\CodeIgniter.php(354): CodeIgniter\CodeIgniter->handleRequest(NULL, Object(Config\Cache), false)
#11 C:\xampp\htdocs\hms_group4\system\Boot.php(363): CodeIgniter\CodeIgniter->run()
#12 C:\xampp\htdocs\hms_group4\system\Boot.php(68): CodeIgniter\Boot::runCodeIgniter(Object(CodeIgniter\CodeIgniter))
#13 C:\xampp\htdocs\hms_group4\index.php(59): CodeIgniter\Boot::bootWeb(Object(Config\Paths))
#14 {main}
CRITICAL - 2025-09-15 04:14:20 --> CodeIgniter\Database\Exceptions\DatabaseException: Table 'san_miguel_hms_new.prescriptions' doesn't exist in engine
[Method: GET, Route: doctor/prescriptions]
in SYSTEMPATH\Database\BaseConnection.php on line 684.
 1 SYSTEMPATH\Database\BaseBuilder.php(1649): CodeIgniter\Database\BaseConnection->query('SELECT *
FROM `prescriptions`
WHERE `doctor_name` = :doctor_name:
ORDER BY `created_date` DESC', [...], false)
 2 SYSTEMPATH\Model.php(286): CodeIgniter\Database\BaseBuilder->get()
 3 SYSTEMPATH\BaseModel.php(677): CodeIgniter\Model->doFindAll(0, 0)
 4 APPPATH\Models\PrescriptionModel.php(41): CodeIgniter\BaseModel->findAll()
 5 APPPATH\Controllers\Doctor.php(202): App\Models\PrescriptionModel->getByDoctor('ivan')
 6 SYSTEMPATH\CodeIgniter.php(933): App\Controllers\Doctor->prescriptions()
 7 SYSTEMPATH\CodeIgniter.php(507): CodeIgniter\CodeIgniter->runController(Object(App\Controllers\Doctor))
 8 SYSTEMPATH\CodeIgniter.php(354): CodeIgniter\CodeIgniter->handleRequest(null, Object(Config\Cache), false)
 9 SYSTEMPATH\Boot.php(363): CodeIgniter\CodeIgniter->run()
10 SYSTEMPATH\Boot.php(68): CodeIgniter\Boot::runCodeIgniter(Object(CodeIgniter\CodeIgniter))
11 FCPATH\index.php(59): CodeIgniter\Boot::bootWeb(Object(Config\Paths))
CRITICAL - 2025-09-15 04:14:20 --> [Caused by] CodeIgniter\Database\Exceptions\DatabaseException: Table 'san_miguel_hms_new.prescriptions' doesn't exist in engine
in SYSTEMPATH\Database\MySQLi\Connection.php on line 332.
 1 SYSTEMPATH\Database\BaseConnection.php(729): CodeIgniter\Database\MySQLi\Connection->execute('SELECT *
FROM `prescriptions`
WHERE `doctor_name` = \'ivan\'
ORDER BY `created_date` DESC')
 2 SYSTEMPATH\Database\BaseConnection.php(646): CodeIgniter\Database\BaseConnection->simpleQuery('SELECT *
FROM `prescriptions`
WHERE `doctor_name` = \'ivan\'
ORDER BY `created_date` DESC')
 3 SYSTEMPATH\Database\BaseBuilder.php(1649): CodeIgniter\Database\BaseConnection->query('SELECT *
FROM `prescriptions`
WHERE `doctor_name` = :doctor_name:
ORDER BY `created_date` DESC', [...], false)
 4 SYSTEMPATH\Model.php(286): CodeIgniter\Database\BaseBuilder->get()
 5 SYSTEMPATH\BaseModel.php(677): CodeIgniter\Model->doFindAll(0, 0)
 6 APPPATH\Models\PrescriptionModel.php(41): CodeIgniter\BaseModel->findAll()
 7 APPPATH\Controllers\Doctor.php(202): App\Models\PrescriptionModel->getByDoctor('ivan')
 8 SYSTEMPATH\CodeIgniter.php(933): App\Controllers\Doctor->prescriptions()
 9 SYSTEMPATH\CodeIgniter.php(507): CodeIgniter\CodeIgniter->runController(Object(App\Controllers\Doctor))
10 SYSTEMPATH\CodeIgniter.php(354): CodeIgniter\CodeIgniter->handleRequest(null, Object(Config\Cache), false)
11 SYSTEMPATH\Boot.php(363): CodeIgniter\CodeIgniter->run()
12 SYSTEMPATH\Boot.php(68): CodeIgniter\Boot::runCodeIgniter(Object(CodeIgniter\CodeIgniter))
13 FCPATH\index.php(59): CodeIgniter\Boot::bootWeb(Object(Config\Paths))
CRITICAL - 2025-09-15 04:14:20 --> [Caused by] mysqli_sql_exception: Table 'san_miguel_hms_new.prescriptions' doesn't exist in engine
in SYSTEMPATH\Database\MySQLi\Connection.php on line 327.
 1 SYSTEMPATH\Database\MySQLi\Connection.php(327): mysqli->query('SELECT *
FROM `prescriptions`
WHERE `doctor_name` = \'ivan\'
ORDER BY `created_date` DESC', 0)
 2 SYSTEMPATH\Database\BaseConnection.php(729): CodeIgniter\Database\MySQLi\Connection->execute('SELECT *
FROM `prescriptions`
WHERE `doctor_name` = \'ivan\'
ORDER BY `created_date` DESC')
 3 SYSTEMPATH\Database\BaseConnection.php(646): CodeIgniter\Database\BaseConnection->simpleQuery('SELECT *
FROM `prescriptions`
WHERE `doctor_name` = \'ivan\'
ORDER BY `created_date` DESC')
 4 SYSTEMPATH\Database\BaseBuilder.php(1649): CodeIgniter\Database\BaseConnection->query('SELECT *
FROM `prescriptions`
WHERE `doctor_name` = :doctor_name:
ORDER BY `created_date` DESC', [...], false)
 5 SYSTEMPATH\Model.php(286): CodeIgniter\Database\BaseBuilder->get()
 6 SYSTEMPATH\BaseModel.php(677): CodeIgniter\Model->doFindAll(0, 0)
 7 APPPATH\Models\PrescriptionModel.php(41): CodeIgniter\BaseModel->findAll()
 8 APPPATH\Controllers\Doctor.php(202): App\Models\PrescriptionModel->getByDoctor('ivan')
 9 SYSTEMPATH\CodeIgniter.php(933): App\Controllers\Doctor->prescriptions()
10 SYSTEMPATH\CodeIgniter.php(507): CodeIgniter\CodeIgniter->runController(Object(App\Controllers\Doctor))
11 SYSTEMPATH\CodeIgniter.php(354): CodeIgniter\CodeIgniter->handleRequest(null, Object(Config\Cache), false)
12 SYSTEMPATH\Boot.php(363): CodeIgniter\CodeIgniter->run()
13 SYSTEMPATH\Boot.php(68): CodeIgniter\Boot::runCodeIgniter(Object(CodeIgniter\CodeIgniter))
14 FCPATH\index.php(59): CodeIgniter\Boot::bootWeb(Object(Config\Paths))
ERROR - 2025-09-15 04:14:35 --> mysqli_sql_exception: Table 'san_miguel_hms_new.prescriptions' doesn't exist in engine in C:\xampp\htdocs\hms_group4\system\Database\MySQLi\Connection.php:327
Stack trace:
#0 C:\xampp\htdocs\hms_group4\system\Database\MySQLi\Connection.php(327): mysqli->query('SELECT *\nFROM `...', 0)
#1 C:\xampp\htdocs\hms_group4\system\Database\BaseConnection.php(729): CodeIgniter\Database\MySQLi\Connection->execute('SELECT *\nFROM `...')
#2 C:\xampp\htdocs\hms_group4\system\Database\BaseConnection.php(646): CodeIgniter\Database\BaseConnection->simpleQuery('SELECT *\nFROM `...')
#3 C:\xampp\htdocs\hms_group4\system\Database\BaseBuilder.php(1649): CodeIgniter\Database\BaseConnection->query('SELECT *\nFROM `...', Array, false)
#4 C:\xampp\htdocs\hms_group4\system\Model.php(286): CodeIgniter\Database\BaseBuilder->get()
#5 C:\xampp\htdocs\hms_group4\system\BaseModel.php(677): CodeIgniter\Model->doFindAll(0, 0)
#6 C:\xampp\htdocs\hms_group4\app\Models\PrescriptionModel.php(41): CodeIgniter\BaseModel->findAll()
#7 C:\xampp\htdocs\hms_group4\app\Controllers\Doctor.php(202): App\Models\PrescriptionModel->getByDoctor('ivan')
#8 C:\xampp\htdocs\hms_group4\system\CodeIgniter.php(933): App\Controllers\Doctor->prescriptions()
#9 C:\xampp\htdocs\hms_group4\system\CodeIgniter.php(507): CodeIgniter\CodeIgniter->runController(Object(App\Controllers\Doctor))
#10 C:\xampp\htdocs\hms_group4\system\CodeIgniter.php(354): CodeIgniter\CodeIgniter->handleRequest(NULL, Object(Config\Cache), false)
#11 C:\xampp\htdocs\hms_group4\system\Boot.php(363): CodeIgniter\CodeIgniter->run()
#12 C:\xampp\htdocs\hms_group4\system\Boot.php(68): CodeIgniter\Boot::runCodeIgniter(Object(CodeIgniter\CodeIgniter))
#13 C:\xampp\htdocs\hms_group4\index.php(59): CodeIgniter\Boot::bootWeb(Object(Config\Paths))
#14 {main}
CRITICAL - 2025-09-15 04:14:35 --> CodeIgniter\Database\Exceptions\DatabaseException: Table 'san_miguel_hms_new.prescriptions' doesn't exist in engine
[Method: GET, Route: doctor/prescriptions]
in SYSTEMPATH\Database\BaseConnection.php on line 684.
 1 SYSTEMPATH\Database\BaseBuilder.php(1649): CodeIgniter\Database\BaseConnection->query('SELECT *
FROM `prescriptions`
WHERE `doctor_name` = :doctor_name:
ORDER BY `created_date` DESC', [...], false)
 2 SYSTEMPATH\Model.php(286): CodeIgniter\Database\BaseBuilder->get()
 3 SYSTEMPATH\BaseModel.php(677): CodeIgniter\Model->doFindAll(0, 0)
 4 APPPATH\Models\PrescriptionModel.php(41): CodeIgniter\BaseModel->findAll()
 5 APPPATH\Controllers\Doctor.php(202): App\Models\PrescriptionModel->getByDoctor('ivan')
 6 SYSTEMPATH\CodeIgniter.php(933): App\Controllers\Doctor->prescriptions()
 7 SYSTEMPATH\CodeIgniter.php(507): CodeIgniter\CodeIgniter->runController(Object(App\Controllers\Doctor))
 8 SYSTEMPATH\CodeIgniter.php(354): CodeIgniter\CodeIgniter->handleRequest(null, Object(Config\Cache), false)
 9 SYSTEMPATH\Boot.php(363): CodeIgniter\CodeIgniter->run()
10 SYSTEMPATH\Boot.php(68): CodeIgniter\Boot::runCodeIgniter(Object(CodeIgniter\CodeIgniter))
11 FCPATH\index.php(59): CodeIgniter\Boot::bootWeb(Object(Config\Paths))
CRITICAL - 2025-09-15 04:14:35 --> [Caused by] CodeIgniter\Database\Exceptions\DatabaseException: Table 'san_miguel_hms_new.prescriptions' doesn't exist in engine
in SYSTEMPATH\Database\MySQLi\Connection.php on line 332.
 1 SYSTEMPATH\Database\BaseConnection.php(729): CodeIgniter\Database\MySQLi\Connection->execute('SELECT *
FROM `prescriptions`
WHERE `doctor_name` = \'ivan\'
ORDER BY `created_date` DESC')
 2 SYSTEMPATH\Database\BaseConnection.php(646): CodeIgniter\Database\BaseConnection->simpleQuery('SELECT *
FROM `prescriptions`
WHERE `doctor_name` = \'ivan\'
ORDER BY `created_date` DESC')
 3 SYSTEMPATH\Database\BaseBuilder.php(1649): CodeIgniter\Database\BaseConnection->query('SELECT *
FROM `prescriptions`
WHERE `doctor_name` = :doctor_name:
ORDER BY `created_date` DESC', [...], false)
 4 SYSTEMPATH\Model.php(286): CodeIgniter\Database\BaseBuilder->get()
 5 SYSTEMPATH\BaseModel.php(677): CodeIgniter\Model->doFindAll(0, 0)
 6 APPPATH\Models\PrescriptionModel.php(41): CodeIgniter\BaseModel->findAll()
 7 APPPATH\Controllers\Doctor.php(202): App\Models\PrescriptionModel->getByDoctor('ivan')
 8 SYSTEMPATH\CodeIgniter.php(933): App\Controllers\Doctor->prescriptions()
 9 SYSTEMPATH\CodeIgniter.php(507): CodeIgniter\CodeIgniter->runController(Object(App\Controllers\Doctor))
10 SYSTEMPATH\CodeIgniter.php(354): CodeIgniter\CodeIgniter->handleRequest(null, Object(Config\Cache), false)
11 SYSTEMPATH\Boot.php(363): CodeIgniter\CodeIgniter->run()
12 SYSTEMPATH\Boot.php(68): CodeIgniter\Boot::runCodeIgniter(Object(CodeIgniter\CodeIgniter))
13 FCPATH\index.php(59): CodeIgniter\Boot::bootWeb(Object(Config\Paths))
CRITICAL - 2025-09-15 04:14:35 --> [Caused by] mysqli_sql_exception: Table 'san_miguel_hms_new.prescriptions' doesn't exist in engine
in SYSTEMPATH\Database\MySQLi\Connection.php on line 327.
 1 SYSTEMPATH\Database\MySQLi\Connection.php(327): mysqli->query('SELECT *
FROM `prescriptions`
WHERE `doctor_name` = \'ivan\'
ORDER BY `created_date` DESC', 0)
 2 SYSTEMPATH\Database\BaseConnection.php(729): CodeIgniter\Database\MySQLi\Connection->execute('SELECT *
FROM `prescriptions`
WHERE `doctor_name` = \'ivan\'
ORDER BY `created_date` DESC')
 3 SYSTEMPATH\Database\BaseConnection.php(646): CodeIgniter\Database\BaseConnection->simpleQuery('SELECT *
FROM `prescriptions`
WHERE `doctor_name` = \'ivan\'
ORDER BY `created_date` DESC')
 4 SYSTEMPATH\Database\BaseBuilder.php(1649): CodeIgniter\Database\BaseConnection->query('SELECT *
FROM `prescriptions`
WHERE `doctor_name` = :doctor_name:
ORDER BY `created_date` DESC', [...], false)
 5 SYSTEMPATH\Model.php(286): CodeIgniter\Database\BaseBuilder->get()
 6 SYSTEMPATH\BaseModel.php(677): CodeIgniter\Model->doFindAll(0, 0)
 7 APPPATH\Models\PrescriptionModel.php(41): CodeIgniter\BaseModel->findAll()
 8 APPPATH\Controllers\Doctor.php(202): App\Models\PrescriptionModel->getByDoctor('ivan')
 9 SYSTEMPATH\CodeIgniter.php(933): App\Controllers\Doctor->prescriptions()
10 SYSTEMPATH\CodeIgniter.php(507): CodeIgniter\CodeIgniter->runController(Object(App\Controllers\Doctor))
11 SYSTEMPATH\CodeIgniter.php(354): CodeIgniter\CodeIgniter->handleRequest(null, Object(Config\Cache), false)
12 SYSTEMPATH\Boot.php(363): CodeIgniter\CodeIgniter->run()
13 SYSTEMPATH\Boot.php(68): CodeIgniter\Boot::runCodeIgniter(Object(CodeIgniter\CodeIgniter))
14 FCPATH\index.php(59): CodeIgniter\Boot::bootWeb(Object(Config\Paths))
ERROR - 2025-09-15 04:22:32 --> mysqli_sql_exception: Table 'san_miguel_hms_new.prescriptions' doesn't exist in engine in C:\xampp\htdocs\hms_group4\system\Database\MySQLi\Connection.php:327
Stack trace:
#0 C:\xampp\htdocs\hms_group4\system\Database\MySQLi\Connection.php(327): mysqli->query('SELECT *\nFROM `...', 0)
#1 C:\xampp\htdocs\hms_group4\system\Database\BaseConnection.php(729): CodeIgniter\Database\MySQLi\Connection->execute('SELECT *\nFROM `...')
#2 C:\xampp\htdocs\hms_group4\system\Database\BaseConnection.php(646): CodeIgniter\Database\BaseConnection->simpleQuery('SELECT *\nFROM `...')
#3 C:\xampp\htdocs\hms_group4\system\Database\BaseBuilder.php(1649): CodeIgniter\Database\BaseConnection->query('SELECT *\nFROM `...', Array, false)
#4 C:\xampp\htdocs\hms_group4\system\Model.php(286): CodeIgniter\Database\BaseBuilder->get()
#5 C:\xampp\htdocs\hms_group4\system\BaseModel.php(677): CodeIgniter\Model->doFindAll(0, 0)
#6 C:\xampp\htdocs\hms_group4\app\Models\PrescriptionModel.php(41): CodeIgniter\BaseModel->findAll()
#7 C:\xampp\htdocs\hms_group4\app\Controllers\Doctor.php(202): App\Models\PrescriptionModel->getByDoctor('yad')
#8 C:\xampp\htdocs\hms_group4\system\CodeIgniter.php(933): App\Controllers\Doctor->prescriptions()
#9 C:\xampp\htdocs\hms_group4\system\CodeIgniter.php(507): CodeIgniter\CodeIgniter->runController(Object(App\Controllers\Doctor))
#10 C:\xampp\htdocs\hms_group4\system\CodeIgniter.php(354): CodeIgniter\CodeIgniter->handleRequest(NULL, Object(Config\Cache), false)
#11 C:\xampp\htdocs\hms_group4\system\Boot.php(363): CodeIgniter\CodeIgniter->run()
#12 C:\xampp\htdocs\hms_group4\system\Boot.php(68): CodeIgniter\Boot::runCodeIgniter(Object(CodeIgniter\CodeIgniter))
#13 C:\xampp\htdocs\hms_group4\index.php(59): CodeIgniter\Boot::bootWeb(Object(Config\Paths))
#14 {main}
CRITICAL - 2025-09-15 04:22:32 --> CodeIgniter\Database\Exceptions\DatabaseException: Table 'san_miguel_hms_new.prescriptions' doesn't exist in engine
[Method: GET, Route: doctor/prescriptions]
in SYSTEMPATH\Database\BaseConnection.php on line 684.
 1 SYSTEMPATH\Database\BaseBuilder.php(1649): CodeIgniter\Database\BaseConnection->query('SELECT *
FROM `prescriptions`
WHERE `doctor_name` = :doctor_name:
ORDER BY `created_date` DESC', [...], false)
 2 SYSTEMPATH\Model.php(286): CodeIgniter\Database\BaseBuilder->get()
 3 SYSTEMPATH\BaseModel.php(677): CodeIgniter\Model->doFindAll(0, 0)
 4 APPPATH\Models\PrescriptionModel.php(41): CodeIgniter\BaseModel->findAll()
 5 APPPATH\Controllers\Doctor.php(202): App\Models\PrescriptionModel->getByDoctor('yad')
 6 SYSTEMPATH\CodeIgniter.php(933): App\Controllers\Doctor->prescriptions()
 7 SYSTEMPATH\CodeIgniter.php(507): CodeIgniter\CodeIgniter->runController(Object(App\Controllers\Doctor))
 8 SYSTEMPATH\CodeIgniter.php(354): CodeIgniter\CodeIgniter->handleRequest(null, Object(Config\Cache), false)
 9 SYSTEMPATH\Boot.php(363): CodeIgniter\CodeIgniter->run()
10 SYSTEMPATH\Boot.php(68): CodeIgniter\Boot::runCodeIgniter(Object(CodeIgniter\CodeIgniter))
11 FCPATH\index.php(59): CodeIgniter\Boot::bootWeb(Object(Config\Paths))
CRITICAL - 2025-09-15 04:22:32 --> [Caused by] CodeIgniter\Database\Exceptions\DatabaseException: Table 'san_miguel_hms_new.prescriptions' doesn't exist in engine
in SYSTEMPATH\Database\MySQLi\Connection.php on line 332.
 1 SYSTEMPATH\Database\BaseConnection.php(729): CodeIgniter\Database\MySQLi\Connection->execute('SELECT *
FROM `prescriptions`
WHERE `doctor_name` = \'yad\'
ORDER BY `created_date` DESC')
 2 SYSTEMPATH\Database\BaseConnection.php(646): CodeIgniter\Database\BaseConnection->simpleQuery('SELECT *
FROM `prescriptions`
WHERE `doctor_name` = \'yad\'
ORDER BY `created_date` DESC')
 3 SYSTEMPATH\Database\BaseBuilder.php(1649): CodeIgniter\Database\BaseConnection->query('SELECT *
FROM `prescriptions`
WHERE `doctor_name` = :doctor_name:
ORDER BY `created_date` DESC', [...], false)
 4 SYSTEMPATH\Model.php(286): CodeIgniter\Database\BaseBuilder->get()
 5 SYSTEMPATH\BaseModel.php(677): CodeIgniter\Model->doFindAll(0, 0)
 6 APPPATH\Models\PrescriptionModel.php(41): CodeIgniter\BaseModel->findAll()
 7 APPPATH\Controllers\Doctor.php(202): App\Models\PrescriptionModel->getByDoctor('yad')
 8 SYSTEMPATH\CodeIgniter.php(933): App\Controllers\Doctor->prescriptions()
 9 SYSTEMPATH\CodeIgniter.php(507): CodeIgniter\CodeIgniter->runController(Object(App\Controllers\Doctor))
10 SYSTEMPATH\CodeIgniter.php(354): CodeIgniter\CodeIgniter->handleRequest(null, Object(Config\Cache), false)
11 SYSTEMPATH\Boot.php(363): CodeIgniter\CodeIgniter->run()
12 SYSTEMPATH\Boot.php(68): CodeIgniter\Boot::runCodeIgniter(Object(CodeIgniter\CodeIgniter))
13 FCPATH\index.php(59): CodeIgniter\Boot::bootWeb(Object(Config\Paths))
CRITICAL - 2025-09-15 04:22:32 --> [Caused by] mysqli_sql_exception: Table 'san_miguel_hms_new.prescriptions' doesn't exist in engine
in SYSTEMPATH\Database\MySQLi\Connection.php on line 327.
 1 SYSTEMPATH\Database\MySQLi\Connection.php(327): mysqli->query('SELECT *
FROM `prescriptions`
WHERE `doctor_name` = \'yad\'
ORDER BY `created_date` DESC', 0)
 2 SYSTEMPATH\Database\BaseConnection.php(729): CodeIgniter\Database\MySQLi\Connection->execute('SELECT *
FROM `prescriptions`
WHERE `doctor_name` = \'yad\'
ORDER BY `created_date` DESC')
 3 SYSTEMPATH\Database\BaseConnection.php(646): CodeIgniter\Database\BaseConnection->simpleQuery('SELECT *
FROM `prescriptions`
WHERE `doctor_name` = \'yad\'
ORDER BY `created_date` DESC')
 4 SYSTEMPATH\Database\BaseBuilder.php(1649): CodeIgniter\Database\BaseConnection->query('SELECT *
FROM `prescriptions`
WHERE `doctor_name` = :doctor_name:
ORDER BY `created_date` DESC', [...], false)
 5 SYSTEMPATH\Model.php(286): CodeIgniter\Database\BaseBuilder->get()
 6 SYSTEMPATH\BaseModel.php(677): CodeIgniter\Model->doFindAll(0, 0)
 7 APPPATH\Models\PrescriptionModel.php(41): CodeIgniter\BaseModel->findAll()
 8 APPPATH\Controllers\Doctor.php(202): App\Models\PrescriptionModel->getByDoctor('yad')
 9 SYSTEMPATH\CodeIgniter.php(933): App\Controllers\Doctor->prescriptions()
10 SYSTEMPATH\CodeIgniter.php(507): CodeIgniter\CodeIgniter->runController(Object(App\Controllers\Doctor))
11 SYSTEMPATH\CodeIgniter.php(354): CodeIgniter\CodeIgniter->handleRequest(null, Object(Config\Cache), false)
12 SYSTEMPATH\Boot.php(363): CodeIgniter\CodeIgniter->run()
13 SYSTEMPATH\Boot.php(68): CodeIgniter\Boot::runCodeIgniter(Object(CodeIgniter\CodeIgniter))
14 FCPATH\index.php(59): CodeIgniter\Boot::bootWeb(Object(Config\Paths))
ERROR - 2025-09-15 04:30:49 --> mysqli_sql_exception: Table 'san_miguel_hms_new.prescriptions' doesn't exist in engine in C:\xampp\htdocs\hms_group4\system\Database\MySQLi\Connection.php:327
Stack trace:
#0 C:\xampp\htdocs\hms_group4\system\Database\MySQLi\Connection.php(327): mysqli->query('SELECT *\nFROM `...', 0)
#1 C:\xampp\htdocs\hms_group4\system\Database\BaseConnection.php(729): CodeIgniter\Database\MySQLi\Connection->execute('SELECT *\nFROM `...')
#2 C:\xampp\htdocs\hms_group4\system\Database\BaseConnection.php(646): CodeIgniter\Database\BaseConnection->simpleQuery('SELECT *\nFROM `...')
#3 C:\xampp\htdocs\hms_group4\system\Database\BaseBuilder.php(1649): CodeIgniter\Database\BaseConnection->query('SELECT *\nFROM `...', Array, false)
#4 C:\xampp\htdocs\hms_group4\system\Model.php(286): CodeIgniter\Database\BaseBuilder->get()
#5 C:\xampp\htdocs\hms_group4\system\BaseModel.php(677): CodeIgniter\Model->doFindAll(0, 0)
#6 C:\xampp\htdocs\hms_group4\app\Models\PrescriptionModel.php(41): CodeIgniter\BaseModel->findAll()
#7 C:\xampp\htdocs\hms_group4\app\Controllers\Doctor.php(202): App\Models\PrescriptionModel->getByDoctor('yad')
#8 C:\xampp\htdocs\hms_group4\system\CodeIgniter.php(933): App\Controllers\Doctor->prescriptions()
#9 C:\xampp\htdocs\hms_group4\system\CodeIgniter.php(507): CodeIgniter\CodeIgniter->runController(Object(App\Controllers\Doctor))
#10 C:\xampp\htdocs\hms_group4\system\CodeIgniter.php(354): CodeIgniter\CodeIgniter->handleRequest(NULL, Object(Config\Cache), false)
#11 C:\xampp\htdocs\hms_group4\system\Boot.php(363): CodeIgniter\CodeIgniter->run()
#12 C:\xampp\htdocs\hms_group4\system\Boot.php(68): CodeIgniter\Boot::runCodeIgniter(Object(CodeIgniter\CodeIgniter))
#13 C:\xampp\htdocs\hms_group4\index.php(59): CodeIgniter\Boot::bootWeb(Object(Config\Paths))
#14 {main}
CRITICAL - 2025-09-15 04:30:49 --> CodeIgniter\Database\Exceptions\DatabaseException: Table 'san_miguel_hms_new.prescriptions' doesn't exist in engine
[Method: GET, Route: doctor/prescriptions]
in SYSTEMPATH\Database\BaseConnection.php on line 684.
 1 SYSTEMPATH\Database\BaseBuilder.php(1649): CodeIgniter\Database\BaseConnection->query('SELECT *
FROM `prescriptions`
WHERE `doctor_name` = :doctor_name:
ORDER BY `created_date` DESC', [...], false)
 2 SYSTEMPATH\Model.php(286): CodeIgniter\Database\BaseBuilder->get()
 3 SYSTEMPATH\BaseModel.php(677): CodeIgniter\Model->doFindAll(0, 0)
 4 APPPATH\Models\PrescriptionModel.php(41): CodeIgniter\BaseModel->findAll()
 5 APPPATH\Controllers\Doctor.php(202): App\Models\PrescriptionModel->getByDoctor('yad')
 6 SYSTEMPATH\CodeIgniter.php(933): App\Controllers\Doctor->prescriptions()
 7 SYSTEMPATH\CodeIgniter.php(507): CodeIgniter\CodeIgniter->runController(Object(App\Controllers\Doctor))
 8 SYSTEMPATH\CodeIgniter.php(354): CodeIgniter\CodeIgniter->handleRequest(null, Object(Config\Cache), false)
 9 SYSTEMPATH\Boot.php(363): CodeIgniter\CodeIgniter->run()
10 SYSTEMPATH\Boot.php(68): CodeIgniter\Boot::runCodeIgniter(Object(CodeIgniter\CodeIgniter))
11 FCPATH\index.php(59): CodeIgniter\Boot::bootWeb(Object(Config\Paths))
CRITICAL - 2025-09-15 04:30:50 --> [Caused by] CodeIgniter\Database\Exceptions\DatabaseException: Table 'san_miguel_hms_new.prescriptions' doesn't exist in engine
in SYSTEMPATH\Database\MySQLi\Connection.php on line 332.
 1 SYSTEMPATH\Database\BaseConnection.php(729): CodeIgniter\Database\MySQLi\Connection->execute('SELECT *
FROM `prescriptions`
WHERE `doctor_name` = \'yad\'
ORDER BY `created_date` DESC')
 2 SYSTEMPATH\Database\BaseConnection.php(646): CodeIgniter\Database\BaseConnection->simpleQuery('SELECT *
FROM `prescriptions`
WHERE `doctor_name` = \'yad\'
ORDER BY `created_date` DESC')
 3 SYSTEMPATH\Database\BaseBuilder.php(1649): CodeIgniter\Database\BaseConnection->query('SELECT *
FROM `prescriptions`
WHERE `doctor_name` = :doctor_name:
ORDER BY `created_date` DESC', [...], false)
 4 SYSTEMPATH\Model.php(286): CodeIgniter\Database\BaseBuilder->get()
 5 SYSTEMPATH\BaseModel.php(677): CodeIgniter\Model->doFindAll(0, 0)
 6 APPPATH\Models\PrescriptionModel.php(41): CodeIgniter\BaseModel->findAll()
 7 APPPATH\Controllers\Doctor.php(202): App\Models\PrescriptionModel->getByDoctor('yad')
 8 SYSTEMPATH\CodeIgniter.php(933): App\Controllers\Doctor->prescriptions()
 9 SYSTEMPATH\CodeIgniter.php(507): CodeIgniter\CodeIgniter->runController(Object(App\Controllers\Doctor))
10 SYSTEMPATH\CodeIgniter.php(354): CodeIgniter\CodeIgniter->handleRequest(null, Object(Config\Cache), false)
11 SYSTEMPATH\Boot.php(363): CodeIgniter\CodeIgniter->run()
12 SYSTEMPATH\Boot.php(68): CodeIgniter\Boot::runCodeIgniter(Object(CodeIgniter\CodeIgniter))
13 FCPATH\index.php(59): CodeIgniter\Boot::bootWeb(Object(Config\Paths))
CRITICAL - 2025-09-15 04:30:50 --> [Caused by] mysqli_sql_exception: Table 'san_miguel_hms_new.prescriptions' doesn't exist in engine
in SYSTEMPATH\Database\MySQLi\Connection.php on line 327.
 1 SYSTEMPATH\Database\MySQLi\Connection.php(327): mysqli->query('SELECT *
FROM `prescriptions`
WHERE `doctor_name` = \'yad\'
ORDER BY `created_date` DESC', 0)
 2 SYSTEMPATH\Database\BaseConnection.php(729): CodeIgniter\Database\MySQLi\Connection->execute('SELECT *
FROM `prescriptions`
WHERE `doctor_name` = \'yad\'
ORDER BY `created_date` DESC')
 3 SYSTEMPATH\Database\BaseConnection.php(646): CodeIgniter\Database\BaseConnection->simpleQuery('SELECT *
FROM `prescriptions`
WHERE `doctor_name` = \'yad\'
ORDER BY `created_date` DESC')
 4 SYSTEMPATH\Database\BaseBuilder.php(1649): CodeIgniter\Database\BaseConnection->query('SELECT *
FROM `prescriptions`
WHERE `doctor_name` = :doctor_name:
ORDER BY `created_date` DESC', [...], false)
 5 SYSTEMPATH\Model.php(286): CodeIgniter\Database\BaseBuilder->get()
 6 SYSTEMPATH\BaseModel.php(677): CodeIgniter\Model->doFindAll(0, 0)
 7 APPPATH\Models\PrescriptionModel.php(41): CodeIgniter\BaseModel->findAll()
 8 APPPATH\Controllers\Doctor.php(202): App\Models\PrescriptionModel->getByDoctor('yad')
 9 SYSTEMPATH\CodeIgniter.php(933): App\Controllers\Doctor->prescriptions()
10 SYSTEMPATH\CodeIgniter.php(507): CodeIgniter\CodeIgniter->runController(Object(App\Controllers\Doctor))
11 SYSTEMPATH\CodeIgniter.php(354): CodeIgniter\CodeIgniter->handleRequest(null, Object(Config\Cache), false)
12 SYSTEMPATH\Boot.php(363): CodeIgniter\CodeIgniter->run()
13 SYSTEMPATH\Boot.php(68): CodeIgniter\Boot::runCodeIgniter(Object(CodeIgniter\CodeIgniter))
14 FCPATH\index.php(59): CodeIgniter\Boot::bootWeb(Object(Config\Paths))
CRITICAL - 2025-09-15 04:32:21 --> ErrorException: session_regenerate_id(): Session ID cannot be regenerated when there is no active session
[Method: GET, Route: logout]
in SYSTEMPATH\Session\Session.php on line 388.
 1 [internal function]: CodeIgniter\Debug\Exceptions->errorHandler(2, 'session_regenerate_id(): Session ID cannot be regenerated when there is no active session', 'C:\\xampp\\htdocs\\hms_group4\\system\\Session\\Session.php', 388)
 2 SYSTEMPATH\Session\Session.php(388): session_regenerate_id(true)
 3 APPPATH\Controllers\Auth.php(110): CodeIgniter\Session\Session->regenerate(true)
 4 SYSTEMPATH\CodeIgniter.php(933): App\Controllers\Auth->logout()
 5 SYSTEMPATH\CodeIgniter.php(507): CodeIgniter\CodeIgniter->runController(Object(App\Controllers\Auth))
 6 SYSTEMPATH\CodeIgniter.php(354): CodeIgniter\CodeIgniter->handleRequest(null, Object(Config\Cache), false)
 7 SYSTEMPATH\Boot.php(363): CodeIgniter\CodeIgniter->run()
 8 SYSTEMPATH\Boot.php(68): CodeIgniter\Boot::runCodeIgniter(Object(CodeIgniter\CodeIgniter))
 9 FCPATH\index.php(59): CodeIgniter\Boot::bootWeb(Object(Config\Paths))
CRITICAL - 2025-09-15 04:32:53 --> ErrorException: session_regenerate_id(): Session ID cannot be regenerated when there is no active session
[Method: GET, Route: logout]
in SYSTEMPATH\Session\Session.php on line 388.
 1 [internal function]: CodeIgniter\Debug\Exceptions->errorHandler(2, 'session_regenerate_id(): Session ID cannot be regenerated when there is no active session', 'C:\\xampp\\htdocs\\hms_group4\\system\\Session\\Session.php', 388)
 2 SYSTEMPATH\Session\Session.php(388): session_regenerate_id(true)
 3 APPPATH\Controllers\Auth.php(110): CodeIgniter\Session\Session->regenerate(true)
 4 SYSTEMPATH\CodeIgniter.php(933): App\Controllers\Auth->logout()
 5 SYSTEMPATH\CodeIgniter.php(507): CodeIgniter\CodeIgniter->runController(Object(App\Controllers\Auth))
 6 SYSTEMPATH\CodeIgniter.php(354): CodeIgniter\CodeIgniter->handleRequest(null, Object(Config\Cache), false)
 7 SYSTEMPATH\Boot.php(363): CodeIgniter\CodeIgniter->run()
 8 SYSTEMPATH\Boot.php(68): CodeIgniter\Boot::runCodeIgniter(Object(CodeIgniter\CodeIgniter))
 9 FCPATH\index.php(59): CodeIgniter\Boot::bootWeb(Object(Config\Paths))
ERROR - 2025-09-15 04:33:36 --> mysqli_sql_exception: Table 'san_miguel_hms_new.prescriptions' doesn't exist in engine in C:\xampp\htdocs\hms_group4\system\Database\MySQLi\Connection.php:327
Stack trace:
#0 C:\xampp\htdocs\hms_group4\system\Database\MySQLi\Connection.php(327): mysqli->query('SELECT *\nFROM `...', 0)
#1 C:\xampp\htdocs\hms_group4\system\Database\BaseConnection.php(729): CodeIgniter\Database\MySQLi\Connection->execute('SELECT *\nFROM `...')
#2 C:\xampp\htdocs\hms_group4\system\Database\BaseConnection.php(646): CodeIgniter\Database\BaseConnection->simpleQuery('SELECT *\nFROM `...')
#3 C:\xampp\htdocs\hms_group4\system\Database\BaseBuilder.php(1649): CodeIgniter\Database\BaseConnection->query('SELECT *\nFROM `...', Array, false)
#4 C:\xampp\htdocs\hms_group4\system\Model.php(286): CodeIgniter\Database\BaseBuilder->get()
#5 C:\xampp\htdocs\hms_group4\system\BaseModel.php(677): CodeIgniter\Model->doFindAll(0, 0)
#6 C:\xampp\htdocs\hms_group4\app\Models\PrescriptionModel.php(41): CodeIgniter\BaseModel->findAll()
#7 C:\xampp\htdocs\hms_group4\app\Controllers\Doctor.php(202): App\Models\PrescriptionModel->getByDoctor('yad')
#8 C:\xampp\htdocs\hms_group4\system\CodeIgniter.php(933): App\Controllers\Doctor->prescriptions()
#9 C:\xampp\htdocs\hms_group4\system\CodeIgniter.php(507): CodeIgniter\CodeIgniter->runController(Object(App\Controllers\Doctor))
#10 C:\xampp\htdocs\hms_group4\system\CodeIgniter.php(354): CodeIgniter\CodeIgniter->handleRequest(NULL, Object(Config\Cache), false)
#11 C:\xampp\htdocs\hms_group4\system\Boot.php(363): CodeIgniter\CodeIgniter->run()
#12 C:\xampp\htdocs\hms_group4\system\Boot.php(68): CodeIgniter\Boot::runCodeIgniter(Object(CodeIgniter\CodeIgniter))
#13 C:\xampp\htdocs\hms_group4\index.php(59): CodeIgniter\Boot::bootWeb(Object(Config\Paths))
#14 {main}
CRITICAL - 2025-09-15 04:33:36 --> CodeIgniter\Database\Exceptions\DatabaseException: Table 'san_miguel_hms_new.prescriptions' doesn't exist in engine
[Method: GET, Route: doctor/prescriptions]
in SYSTEMPATH\Database\BaseConnection.php on line 684.
 1 SYSTEMPATH\Database\BaseBuilder.php(1649): CodeIgniter\Database\BaseConnection->query('SELECT *
FROM `prescriptions`
WHERE `doctor_name` = :doctor_name:
ORDER BY `created_date` DESC', [...], false)
 2 SYSTEMPATH\Model.php(286): CodeIgniter\Database\BaseBuilder->get()
 3 SYSTEMPATH\BaseModel.php(677): CodeIgniter\Model->doFindAll(0, 0)
 4 APPPATH\Models\PrescriptionModel.php(41): CodeIgniter\BaseModel->findAll()
 5 APPPATH\Controllers\Doctor.php(202): App\Models\PrescriptionModel->getByDoctor('yad')
 6 SYSTEMPATH\CodeIgniter.php(933): App\Controllers\Doctor->prescriptions()
 7 SYSTEMPATH\CodeIgniter.php(507): CodeIgniter\CodeIgniter->runController(Object(App\Controllers\Doctor))
 8 SYSTEMPATH\CodeIgniter.php(354): CodeIgniter\CodeIgniter->handleRequest(null, Object(Config\Cache), false)
 9 SYSTEMPATH\Boot.php(363): CodeIgniter\CodeIgniter->run()
10 SYSTEMPATH\Boot.php(68): CodeIgniter\Boot::runCodeIgniter(Object(CodeIgniter\CodeIgniter))
11 FCPATH\index.php(59): CodeIgniter\Boot::bootWeb(Object(Config\Paths))
CRITICAL - 2025-09-15 04:33:36 --> [Caused by] CodeIgniter\Database\Exceptions\DatabaseException: Table 'san_miguel_hms_new.prescriptions' doesn't exist in engine
in SYSTEMPATH\Database\MySQLi\Connection.php on line 332.
 1 SYSTEMPATH\Database\BaseConnection.php(729): CodeIgniter\Database\MySQLi\Connection->execute('SELECT *
FROM `prescriptions`
WHERE `doctor_name` = \'yad\'
ORDER BY `created_date` DESC')
 2 SYSTEMPATH\Database\BaseConnection.php(646): CodeIgniter\Database\BaseConnection->simpleQuery('SELECT *
FROM `prescriptions`
WHERE `doctor_name` = \'yad\'
ORDER BY `created_date` DESC')
 3 SYSTEMPATH\Database\BaseBuilder.php(1649): CodeIgniter\Database\BaseConnection->query('SELECT *
FROM `prescriptions`
WHERE `doctor_name` = :doctor_name:
ORDER BY `created_date` DESC', [...], false)
 4 SYSTEMPATH\Model.php(286): CodeIgniter\Database\BaseBuilder->get()
 5 SYSTEMPATH\BaseModel.php(677): CodeIgniter\Model->doFindAll(0, 0)
 6 APPPATH\Models\PrescriptionModel.php(41): CodeIgniter\BaseModel->findAll()
 7 APPPATH\Controllers\Doctor.php(202): App\Models\PrescriptionModel->getByDoctor('yad')
 8 SYSTEMPATH\CodeIgniter.php(933): App\Controllers\Doctor->prescriptions()
 9 SYSTEMPATH\CodeIgniter.php(507): CodeIgniter\CodeIgniter->runController(Object(App\Controllers\Doctor))
10 SYSTEMPATH\CodeIgniter.php(354): CodeIgniter\CodeIgniter->handleRequest(null, Object(Config\Cache), false)
11 SYSTEMPATH\Boot.php(363): CodeIgniter\CodeIgniter->run()
12 SYSTEMPATH\Boot.php(68): CodeIgniter\Boot::runCodeIgniter(Object(CodeIgniter\CodeIgniter))
13 FCPATH\index.php(59): CodeIgniter\Boot::bootWeb(Object(Config\Paths))
CRITICAL - 2025-09-15 04:33:36 --> [Caused by] mysqli_sql_exception: Table 'san_miguel_hms_new.prescriptions' doesn't exist in engine
in SYSTEMPATH\Database\MySQLi\Connection.php on line 327.
 1 SYSTEMPATH\Database\MySQLi\Connection.php(327): mysqli->query('SELECT *
FROM `prescriptions`
WHERE `doctor_name` = \'yad\'
ORDER BY `created_date` DESC', 0)
 2 SYSTEMPATH\Database\BaseConnection.php(729): CodeIgniter\Database\MySQLi\Connection->execute('SELECT *
FROM `prescriptions`
WHERE `doctor_name` = \'yad\'
ORDER BY `created_date` DESC')
 3 SYSTEMPATH\Database\BaseConnection.php(646): CodeIgniter\Database\BaseConnection->simpleQuery('SELECT *
FROM `prescriptions`
WHERE `doctor_name` = \'yad\'
ORDER BY `created_date` DESC')
 4 SYSTEMPATH\Database\BaseBuilder.php(1649): CodeIgniter\Database\BaseConnection->query('SELECT *
FROM `prescriptions`
WHERE `doctor_name` = :doctor_name:
ORDER BY `created_date` DESC', [...], false)
 5 SYSTEMPATH\Model.php(286): CodeIgniter\Database\BaseBuilder->get()
 6 SYSTEMPATH\BaseModel.php(677): CodeIgniter\Model->doFindAll(0, 0)
 7 APPPATH\Models\PrescriptionModel.php(41): CodeIgniter\BaseModel->findAll()
 8 APPPATH\Controllers\Doctor.php(202): App\Models\PrescriptionModel->getByDoctor('yad')
 9 SYSTEMPATH\CodeIgniter.php(933): App\Controllers\Doctor->prescriptions()
10 SYSTEMPATH\CodeIgniter.php(507): CodeIgniter\CodeIgniter->runController(Object(App\Controllers\Doctor))
11 SYSTEMPATH\CodeIgniter.php(354): CodeIgniter\CodeIgniter->handleRequest(null, Object(Config\Cache), false)
12 SYSTEMPATH\Boot.php(363): CodeIgniter\CodeIgniter->run()
13 SYSTEMPATH\Boot.php(68): CodeIgniter\Boot::runCodeIgniter(Object(CodeIgniter\CodeIgniter))
14 FCPATH\index.php(59): CodeIgniter\Boot::bootWeb(Object(Config\Paths))
ERROR - 2025-09-15 04:35:43 --> mysqli_sql_exception: Table 'san_miguel_hms_new.prescriptions' doesn't exist in engine in C:\xampp\htdocs\hms_group4\system\Database\MySQLi\Connection.php:327
Stack trace:
#0 C:\xampp\htdocs\hms_group4\system\Database\MySQLi\Connection.php(327): mysqli->query('SELECT *\nFROM `...', 0)
#1 C:\xampp\htdocs\hms_group4\system\Database\BaseConnection.php(729): CodeIgniter\Database\MySQLi\Connection->execute('SELECT *\nFROM `...')
#2 C:\xampp\htdocs\hms_group4\system\Database\BaseConnection.php(646): CodeIgniter\Database\BaseConnection->simpleQuery('SELECT *\nFROM `...')
#3 C:\xampp\htdocs\hms_group4\system\Database\BaseBuilder.php(1649): CodeIgniter\Database\BaseConnection->query('SELECT *\nFROM `...', Array, false)
#4 C:\xampp\htdocs\hms_group4\system\Model.php(286): CodeIgniter\Database\BaseBuilder->get()
#5 C:\xampp\htdocs\hms_group4\system\BaseModel.php(677): CodeIgniter\Model->doFindAll(0, 0)
#6 C:\xampp\htdocs\hms_group4\app\Models\PrescriptionModel.php(41): CodeIgniter\BaseModel->findAll()
#7 C:\xampp\htdocs\hms_group4\app\Controllers\Doctor.php(203): App\Models\PrescriptionModel->getByDoctor('yad')
#8 C:\xampp\htdocs\hms_group4\system\CodeIgniter.php(933): App\Controllers\Doctor->prescriptions()
#9 C:\xampp\htdocs\hms_group4\system\CodeIgniter.php(507): CodeIgniter\CodeIgniter->runController(Object(App\Controllers\Doctor))
#10 C:\xampp\htdocs\hms_group4\system\CodeIgniter.php(354): CodeIgniter\CodeIgniter->handleRequest(NULL, Object(Config\Cache), false)
#11 C:\xampp\htdocs\hms_group4\system\Boot.php(363): CodeIgniter\CodeIgniter->run()
#12 C:\xampp\htdocs\hms_group4\system\Boot.php(68): CodeIgniter\Boot::runCodeIgniter(Object(CodeIgniter\CodeIgniter))
#13 C:\xampp\htdocs\hms_group4\index.php(59): CodeIgniter\Boot::bootWeb(Object(Config\Paths))
#14 {main}
ERROR - 2025-09-15 04:35:43 --> Doctor prescriptions error: Table 'san_miguel_hms_new.prescriptions' doesn't exist in engine
