ERROR - 2025-09-08 02:22:09 --> mysqli_sql_exception: You have an error in your SQL syntax; check the manual that corresponds to your MariaDB server version for the right syntax to use near '? AND DATE_ADD(date_time, INTERVAL COALESCE(duration, 60) MINUTE) > ?) OR
			...' at line 6 in C:\xampp\htdocs\hms_group4\system\Database\MySQLi\Connection.php:327
Stack trace:
#0 C:\xampp\htdocs\hms_group4\system\Database\MySQLi\Connection.php(327): mysqli->query('SELECT COUNT(*)...', 0)
#1 C:\xampp\htdocs\hms_group4\system\Database\BaseConnection.php(729): CodeIgniter\Database\MySQLi\Connection->execute('SELECT COUNT(*)...')
#2 C:\xampp\htdocs\hms_group4\system\Database\BaseConnection.php(646): CodeIgniter\Database\BaseConnection->simpleQuery('SELECT COUNT(*)...')
#3 C:\xampp\htdocs\hms_group4\system\Database\BaseBuilder.php(1733): CodeIgniter\Database\BaseConnection->query('SELECT COUNT(*)...', Array, false)
#4 C:\xampp\htdocs\hms_group4\system\Model.php(675): CodeIgniter\Database\BaseBuilder->countAllResults(true)
#5 C:\xampp\htdocs\hms_group4\app\Models\AppointmentModel.php(117): CodeIgniter\Model->countAllResults()
#6 C:\xampp\htdocs\hms_group4\app\Controllers\UnifiedScheduling.php(179): App\Models\AppointmentModel->checkConflict('3', '2025-09-07 07:0...', '90')
#7 C:\xampp\htdocs\hms_group4\system\CodeIgniter.php(933): App\Controllers\UnifiedScheduling->createAppointment()
#8 C:\xampp\htdocs\hms_group4\system\CodeIgniter.php(507): CodeIgniter\CodeIgniter->runController(Object(App\Controllers\UnifiedScheduling))
#9 C:\xampp\htdocs\hms_group4\system\CodeIgniter.php(354): CodeIgniter\CodeIgniter->handleRequest(NULL, Object(Config\Cache), false)
#10 C:\xampp\htdocs\hms_group4\system\Boot.php(363): CodeIgniter\CodeIgniter->run()
#11 C:\xampp\htdocs\hms_group4\system\Boot.php(68): CodeIgniter\Boot::runCodeIgniter(Object(CodeIgniter\CodeIgniter))
#12 C:\xampp\htdocs\hms_group4\public\index.php(59): CodeIgniter\Boot::bootWeb(Object(Config\Paths))
#13 {main}
ERROR - 2025-09-08 02:22:09 --> Error creating appointment: You have an error in your SQL syntax; check the manual that corresponds to your MariaDB server version for the right syntax to use near '? AND DATE_ADD(date_time, INTERVAL COALESCE(duration, 60) MINUTE) > ?) OR
			...' at line 6
ERROR - 2025-09-08 02:22:10 --> mysqli_sql_exception: You have an error in your SQL syntax; check the manual that corresponds to your MariaDB server version for the right syntax to use near '? AND DATE_ADD(date_time, INTERVAL COALESCE(duration, 60) MINUTE) > ?) OR
			...' at line 6 in C:\xampp\htdocs\hms_group4\system\Database\MySQLi\Connection.php:327
Stack trace:
#0 C:\xampp\htdocs\hms_group4\system\Database\MySQLi\Connection.php(327): mysqli->query('SELECT COUNT(*)...', 0)
#1 C:\xampp\htdocs\hms_group4\system\Database\BaseConnection.php(729): CodeIgniter\Database\MySQLi\Connection->execute('SELECT COUNT(*)...')
#2 C:\xampp\htdocs\hms_group4\system\Database\BaseConnection.php(646): CodeIgniter\Database\BaseConnection->simpleQuery('SELECT COUNT(*)...')
#3 C:\xampp\htdocs\hms_group4\system\Database\BaseBuilder.php(1733): CodeIgniter\Database\BaseConnection->query('SELECT COUNT(*)...', Array, false)
#4 C:\xampp\htdocs\hms_group4\system\Model.php(675): CodeIgniter\Database\BaseBuilder->countAllResults(true)
#5 C:\xampp\htdocs\hms_group4\app\Models\AppointmentModel.php(117): CodeIgniter\Model->countAllResults()
#6 C:\xampp\htdocs\hms_group4\app\Controllers\UnifiedScheduling.php(179): App\Models\AppointmentModel->checkConflict('3', '2025-09-07 07:0...', '90')
#7 C:\xampp\htdocs\hms_group4\system\CodeIgniter.php(933): App\Controllers\UnifiedScheduling->createAppointment()
#8 C:\xampp\htdocs\hms_group4\system\CodeIgniter.php(507): CodeIgniter\CodeIgniter->runController(Object(App\Controllers\UnifiedScheduling))
#9 C:\xampp\htdocs\hms_group4\system\CodeIgniter.php(354): CodeIgniter\CodeIgniter->handleRequest(NULL, Object(Config\Cache), false)
#10 C:\xampp\htdocs\hms_group4\system\Boot.php(363): CodeIgniter\CodeIgniter->run()
#11 C:\xampp\htdocs\hms_group4\system\Boot.php(68): CodeIgniter\Boot::runCodeIgniter(Object(CodeIgniter\CodeIgniter))
#12 C:\xampp\htdocs\hms_group4\public\index.php(59): CodeIgniter\Boot::bootWeb(Object(Config\Paths))
#13 {main}
ERROR - 2025-09-08 02:22:10 --> Error creating appointment: You have an error in your SQL syntax; check the manual that corresponds to your MariaDB server version for the right syntax to use near '? AND DATE_ADD(date_time, INTERVAL COALESCE(duration, 60) MINUTE) > ?) OR
			...' at line 6
ERROR - 2025-09-08 02:22:11 --> mysqli_sql_exception: You have an error in your SQL syntax; check the manual that corresponds to your MariaDB server version for the right syntax to use near '? AND DATE_ADD(date_time, INTERVAL COALESCE(duration, 60) MINUTE) > ?) OR
			...' at line 6 in C:\xampp\htdocs\hms_group4\system\Database\MySQLi\Connection.php:327
Stack trace:
#0 C:\xampp\htdocs\hms_group4\system\Database\MySQLi\Connection.php(327): mysqli->query('SELECT COUNT(*)...', 0)
#1 C:\xampp\htdocs\hms_group4\system\Database\BaseConnection.php(729): CodeIgniter\Database\MySQLi\Connection->execute('SELECT COUNT(*)...')
#2 C:\xampp\htdocs\hms_group4\system\Database\BaseConnection.php(646): CodeIgniter\Database\BaseConnection->simpleQuery('SELECT COUNT(*)...')
#3 C:\xampp\htdocs\hms_group4\system\Database\BaseBuilder.php(1733): CodeIgniter\Database\BaseConnection->query('SELECT COUNT(*)...', Array, false)
#4 C:\xampp\htdocs\hms_group4\system\Model.php(675): CodeIgniter\Database\BaseBuilder->countAllResults(true)
#5 C:\xampp\htdocs\hms_group4\app\Models\AppointmentModel.php(117): CodeIgniter\Model->countAllResults()
#6 C:\xampp\htdocs\hms_group4\app\Controllers\UnifiedScheduling.php(179): App\Models\AppointmentModel->checkConflict('3', '2025-09-07 07:0...', '90')
#7 C:\xampp\htdocs\hms_group4\system\CodeIgniter.php(933): App\Controllers\UnifiedScheduling->createAppointment()
#8 C:\xampp\htdocs\hms_group4\system\CodeIgniter.php(507): CodeIgniter\CodeIgniter->runController(Object(App\Controllers\UnifiedScheduling))
#9 C:\xampp\htdocs\hms_group4\system\CodeIgniter.php(354): CodeIgniter\CodeIgniter->handleRequest(NULL, Object(Config\Cache), false)
#10 C:\xampp\htdocs\hms_group4\system\Boot.php(363): CodeIgniter\CodeIgniter->run()
#11 C:\xampp\htdocs\hms_group4\system\Boot.php(68): CodeIgniter\Boot::runCodeIgniter(Object(CodeIgniter\CodeIgniter))
#12 C:\xampp\htdocs\hms_group4\public\index.php(59): CodeIgniter\Boot::bootWeb(Object(Config\Paths))
#13 {main}
ERROR - 2025-09-08 02:22:11 --> Error creating appointment: You have an error in your SQL syntax; check the manual that corresponds to your MariaDB server version for the right syntax to use near '? AND DATE_ADD(date_time, INTERVAL COALESCE(duration, 60) MINUTE) > ?) OR
			...' at line 6
ERROR - 2025-09-08 02:22:12 --> mysqli_sql_exception: You have an error in your SQL syntax; check the manual that corresponds to your MariaDB server version for the right syntax to use near '? AND DATE_ADD(date_time, INTERVAL COALESCE(duration, 60) MINUTE) > ?) OR
			...' at line 6 in C:\xampp\htdocs\hms_group4\system\Database\MySQLi\Connection.php:327
Stack trace:
#0 C:\xampp\htdocs\hms_group4\system\Database\MySQLi\Connection.php(327): mysqli->query('SELECT COUNT(*)...', 0)
#1 C:\xampp\htdocs\hms_group4\system\Database\BaseConnection.php(729): CodeIgniter\Database\MySQLi\Connection->execute('SELECT COUNT(*)...')
#2 C:\xampp\htdocs\hms_group4\system\Database\BaseConnection.php(646): CodeIgniter\Database\BaseConnection->simpleQuery('SELECT COUNT(*)...')
#3 C:\xampp\htdocs\hms_group4\system\Database\BaseBuilder.php(1733): CodeIgniter\Database\BaseConnection->query('SELECT COUNT(*)...', Array, false)
#4 C:\xampp\htdocs\hms_group4\system\Model.php(675): CodeIgniter\Database\BaseBuilder->countAllResults(true)
#5 C:\xampp\htdocs\hms_group4\app\Models\AppointmentModel.php(117): CodeIgniter\Model->countAllResults()
#6 C:\xampp\htdocs\hms_group4\app\Controllers\UnifiedScheduling.php(179): App\Models\AppointmentModel->checkConflict('3', '2025-09-07 07:0...', '90')
#7 C:\xampp\htdocs\hms_group4\system\CodeIgniter.php(933): App\Controllers\UnifiedScheduling->createAppointment()
#8 C:\xampp\htdocs\hms_group4\system\CodeIgniter.php(507): CodeIgniter\CodeIgniter->runController(Object(App\Controllers\UnifiedScheduling))
#9 C:\xampp\htdocs\hms_group4\system\CodeIgniter.php(354): CodeIgniter\CodeIgniter->handleRequest(NULL, Object(Config\Cache), false)
#10 C:\xampp\htdocs\hms_group4\system\Boot.php(363): CodeIgniter\CodeIgniter->run()
#11 C:\xampp\htdocs\hms_group4\system\Boot.php(68): CodeIgniter\Boot::runCodeIgniter(Object(CodeIgniter\CodeIgniter))
#12 C:\xampp\htdocs\hms_group4\public\index.php(59): CodeIgniter\Boot::bootWeb(Object(Config\Paths))
#13 {main}
ERROR - 2025-09-08 02:22:12 --> Error creating appointment: You have an error in your SQL syntax; check the manual that corresponds to your MariaDB server version for the right syntax to use near '? AND DATE_ADD(date_time, INTERVAL COALESCE(duration, 60) MINUTE) > ?) OR
			...' at line 6
ERROR - 2025-09-08 02:22:12 --> mysqli_sql_exception: You have an error in your SQL syntax; check the manual that corresponds to your MariaDB server version for the right syntax to use near '? AND DATE_ADD(date_time, INTERVAL COALESCE(duration, 60) MINUTE) > ?) OR
			...' at line 6 in C:\xampp\htdocs\hms_group4\system\Database\MySQLi\Connection.php:327
Stack trace:
#0 C:\xampp\htdocs\hms_group4\system\Database\MySQLi\Connection.php(327): mysqli->query('SELECT COUNT(*)...', 0)
#1 C:\xampp\htdocs\hms_group4\system\Database\BaseConnection.php(729): CodeIgniter\Database\MySQLi\Connection->execute('SELECT COUNT(*)...')
#2 C:\xampp\htdocs\hms_group4\system\Database\BaseConnection.php(646): CodeIgniter\Database\BaseConnection->simpleQuery('SELECT COUNT(*)...')
#3 C:\xampp\htdocs\hms_group4\system\Database\BaseBuilder.php(1733): CodeIgniter\Database\BaseConnection->query('SELECT COUNT(*)...', Array, false)
#4 C:\xampp\htdocs\hms_group4\system\Model.php(675): CodeIgniter\Database\BaseBuilder->countAllResults(true)
#5 C:\xampp\htdocs\hms_group4\app\Models\AppointmentModel.php(117): CodeIgniter\Model->countAllResults()
#6 C:\xampp\htdocs\hms_group4\app\Controllers\UnifiedScheduling.php(179): App\Models\AppointmentModel->checkConflict('3', '2025-09-07 07:0...', '90')
#7 C:\xampp\htdocs\hms_group4\system\CodeIgniter.php(933): App\Controllers\UnifiedScheduling->createAppointment()
#8 C:\xampp\htdocs\hms_group4\system\CodeIgniter.php(507): CodeIgniter\CodeIgniter->runController(Object(App\Controllers\UnifiedScheduling))
#9 C:\xampp\htdocs\hms_group4\system\CodeIgniter.php(354): CodeIgniter\CodeIgniter->handleRequest(NULL, Object(Config\Cache), false)
#10 C:\xampp\htdocs\hms_group4\system\Boot.php(363): CodeIgniter\CodeIgniter->run()
#11 C:\xampp\htdocs\hms_group4\system\Boot.php(68): CodeIgniter\Boot::runCodeIgniter(Object(CodeIgniter\CodeIgniter))
#12 C:\xampp\htdocs\hms_group4\public\index.php(59): CodeIgniter\Boot::bootWeb(Object(Config\Paths))
#13 {main}
ERROR - 2025-09-08 02:22:12 --> Error creating appointment: You have an error in your SQL syntax; check the manual that corresponds to your MariaDB server version for the right syntax to use near '? AND DATE_ADD(date_time, INTERVAL COALESCE(duration, 60) MINUTE) > ?) OR
			...' at line 6
ERROR - 2025-09-08 02:22:13 --> mysqli_sql_exception: You have an error in your SQL syntax; check the manual that corresponds to your MariaDB server version for the right syntax to use near '? AND DATE_ADD(date_time, INTERVAL COALESCE(duration, 60) MINUTE) > ?) OR
			...' at line 6 in C:\xampp\htdocs\hms_group4\system\Database\MySQLi\Connection.php:327
Stack trace:
#0 C:\xampp\htdocs\hms_group4\system\Database\MySQLi\Connection.php(327): mysqli->query('SELECT COUNT(*)...', 0)
#1 C:\xampp\htdocs\hms_group4\system\Database\BaseConnection.php(729): CodeIgniter\Database\MySQLi\Connection->execute('SELECT COUNT(*)...')
#2 C:\xampp\htdocs\hms_group4\system\Database\BaseConnection.php(646): CodeIgniter\Database\BaseConnection->simpleQuery('SELECT COUNT(*)...')
#3 C:\xampp\htdocs\hms_group4\system\Database\BaseBuilder.php(1733): CodeIgniter\Database\BaseConnection->query('SELECT COUNT(*)...', Array, false)
#4 C:\xampp\htdocs\hms_group4\system\Model.php(675): CodeIgniter\Database\BaseBuilder->countAllResults(true)
#5 C:\xampp\htdocs\hms_group4\app\Models\AppointmentModel.php(117): CodeIgniter\Model->countAllResults()
#6 C:\xampp\htdocs\hms_group4\app\Controllers\UnifiedScheduling.php(179): App\Models\AppointmentModel->checkConflict('3', '2025-09-07 07:0...', '90')
#7 C:\xampp\htdocs\hms_group4\system\CodeIgniter.php(933): App\Controllers\UnifiedScheduling->createAppointment()
#8 C:\xampp\htdocs\hms_group4\system\CodeIgniter.php(507): CodeIgniter\CodeIgniter->runController(Object(App\Controllers\UnifiedScheduling))
#9 C:\xampp\htdocs\hms_group4\system\CodeIgniter.php(354): CodeIgniter\CodeIgniter->handleRequest(NULL, Object(Config\Cache), false)
#10 C:\xampp\htdocs\hms_group4\system\Boot.php(363): CodeIgniter\CodeIgniter->run()
#11 C:\xampp\htdocs\hms_group4\system\Boot.php(68): CodeIgniter\Boot::runCodeIgniter(Object(CodeIgniter\CodeIgniter))
#12 C:\xampp\htdocs\hms_group4\public\index.php(59): CodeIgniter\Boot::bootWeb(Object(Config\Paths))
#13 {main}
ERROR - 2025-09-08 02:22:13 --> Error creating appointment: You have an error in your SQL syntax; check the manual that corresponds to your MariaDB server version for the right syntax to use near '? AND DATE_ADD(date_time, INTERVAL COALESCE(duration, 60) MINUTE) > ?) OR
			...' at line 6
ERROR - 2025-09-08 02:22:13 --> mysqli_sql_exception: You have an error in your SQL syntax; check the manual that corresponds to your MariaDB server version for the right syntax to use near '? AND DATE_ADD(date_time, INTERVAL COALESCE(duration, 60) MINUTE) > ?) OR
			...' at line 6 in C:\xampp\htdocs\hms_group4\system\Database\MySQLi\Connection.php:327
Stack trace:
#0 C:\xampp\htdocs\hms_group4\system\Database\MySQLi\Connection.php(327): mysqli->query('SELECT COUNT(*)...', 0)
#1 C:\xampp\htdocs\hms_group4\system\Database\BaseConnection.php(729): CodeIgniter\Database\MySQLi\Connection->execute('SELECT COUNT(*)...')
#2 C:\xampp\htdocs\hms_group4\system\Database\BaseConnection.php(646): CodeIgniter\Database\BaseConnection->simpleQuery('SELECT COUNT(*)...')
#3 C:\xampp\htdocs\hms_group4\system\Database\BaseBuilder.php(1733): CodeIgniter\Database\BaseConnection->query('SELECT COUNT(*)...', Array, false)
#4 C:\xampp\htdocs\hms_group4\system\Model.php(675): CodeIgniter\Database\BaseBuilder->countAllResults(true)
#5 C:\xampp\htdocs\hms_group4\app\Models\AppointmentModel.php(117): CodeIgniter\Model->countAllResults()
#6 C:\xampp\htdocs\hms_group4\app\Controllers\UnifiedScheduling.php(179): App\Models\AppointmentModel->checkConflict('3', '2025-09-07 07:0...', '90')
#7 C:\xampp\htdocs\hms_group4\system\CodeIgniter.php(933): App\Controllers\UnifiedScheduling->createAppointment()
#8 C:\xampp\htdocs\hms_group4\system\CodeIgniter.php(507): CodeIgniter\CodeIgniter->runController(Object(App\Controllers\UnifiedScheduling))
#9 C:\xampp\htdocs\hms_group4\system\CodeIgniter.php(354): CodeIgniter\CodeIgniter->handleRequest(NULL, Object(Config\Cache), false)
#10 C:\xampp\htdocs\hms_group4\system\Boot.php(363): CodeIgniter\CodeIgniter->run()
#11 C:\xampp\htdocs\hms_group4\system\Boot.php(68): CodeIgniter\Boot::runCodeIgniter(Object(CodeIgniter\CodeIgniter))
#12 C:\xampp\htdocs\hms_group4\public\index.php(59): CodeIgniter\Boot::bootWeb(Object(Config\Paths))
#13 {main}
ERROR - 2025-09-08 02:22:13 --> Error creating appointment: You have an error in your SQL syntax; check the manual that corresponds to your MariaDB server version for the right syntax to use near '? AND DATE_ADD(date_time, INTERVAL COALESCE(duration, 60) MINUTE) > ?) OR
			...' at line 6
ERROR - 2025-09-08 02:22:13 --> mysqli_sql_exception: You have an error in your SQL syntax; check the manual that corresponds to your MariaDB server version for the right syntax to use near '? AND DATE_ADD(date_time, INTERVAL COALESCE(duration, 60) MINUTE) > ?) OR
			...' at line 6 in C:\xampp\htdocs\hms_group4\system\Database\MySQLi\Connection.php:327
Stack trace:
#0 C:\xampp\htdocs\hms_group4\system\Database\MySQLi\Connection.php(327): mysqli->query('SELECT COUNT(*)...', 0)
#1 C:\xampp\htdocs\hms_group4\system\Database\BaseConnection.php(729): CodeIgniter\Database\MySQLi\Connection->execute('SELECT COUNT(*)...')
#2 C:\xampp\htdocs\hms_group4\system\Database\BaseConnection.php(646): CodeIgniter\Database\BaseConnection->simpleQuery('SELECT COUNT(*)...')
#3 C:\xampp\htdocs\hms_group4\system\Database\BaseBuilder.php(1733): CodeIgniter\Database\BaseConnection->query('SELECT COUNT(*)...', Array, false)
#4 C:\xampp\htdocs\hms_group4\system\Model.php(675): CodeIgniter\Database\BaseBuilder->countAllResults(true)
#5 C:\xampp\htdocs\hms_group4\app\Models\AppointmentModel.php(117): CodeIgniter\Model->countAllResults()
#6 C:\xampp\htdocs\hms_group4\app\Controllers\UnifiedScheduling.php(179): App\Models\AppointmentModel->checkConflict('3', '2025-09-07 07:0...', '90')
#7 C:\xampp\htdocs\hms_group4\system\CodeIgniter.php(933): App\Controllers\UnifiedScheduling->createAppointment()
#8 C:\xampp\htdocs\hms_group4\system\CodeIgniter.php(507): CodeIgniter\CodeIgniter->runController(Object(App\Controllers\UnifiedScheduling))
#9 C:\xampp\htdocs\hms_group4\system\CodeIgniter.php(354): CodeIgniter\CodeIgniter->handleRequest(NULL, Object(Config\Cache), false)
#10 C:\xampp\htdocs\hms_group4\system\Boot.php(363): CodeIgniter\CodeIgniter->run()
#11 C:\xampp\htdocs\hms_group4\system\Boot.php(68): CodeIgniter\Boot::runCodeIgniter(Object(CodeIgniter\CodeIgniter))
#12 C:\xampp\htdocs\hms_group4\public\index.php(59): CodeIgniter\Boot::bootWeb(Object(Config\Paths))
#13 {main}
ERROR - 2025-09-08 02:22:13 --> Error creating appointment: You have an error in your SQL syntax; check the manual that corresponds to your MariaDB server version for the right syntax to use near '? AND DATE_ADD(date_time, INTERVAL COALESCE(duration, 60) MINUTE) > ?) OR
			...' at line 6
ERROR - 2025-09-08 02:22:16 --> mysqli_sql_exception: You have an error in your SQL syntax; check the manual that corresponds to your MariaDB server version for the right syntax to use near '? AND DATE_ADD(date_time, INTERVAL COALESCE(duration, 60) MINUTE) > ?) OR
			...' at line 6 in C:\xampp\htdocs\hms_group4\system\Database\MySQLi\Connection.php:327
Stack trace:
#0 C:\xampp\htdocs\hms_group4\system\Database\MySQLi\Connection.php(327): mysqli->query('SELECT COUNT(*)...', 0)
#1 C:\xampp\htdocs\hms_group4\system\Database\BaseConnection.php(729): CodeIgniter\Database\MySQLi\Connection->execute('SELECT COUNT(*)...')
#2 C:\xampp\htdocs\hms_group4\system\Database\BaseConnection.php(646): CodeIgniter\Database\BaseConnection->simpleQuery('SELECT COUNT(*)...')
#3 C:\xampp\htdocs\hms_group4\system\Database\BaseBuilder.php(1733): CodeIgniter\Database\BaseConnection->query('SELECT COUNT(*)...', Array, false)
#4 C:\xampp\htdocs\hms_group4\system\Model.php(675): CodeIgniter\Database\BaseBuilder->countAllResults(true)
#5 C:\xampp\htdocs\hms_group4\app\Models\AppointmentModel.php(117): CodeIgniter\Model->countAllResults()
#6 C:\xampp\htdocs\hms_group4\app\Controllers\UnifiedScheduling.php(179): App\Models\AppointmentModel->checkConflict('3', '2025-09-07 07:0...', '90')
#7 C:\xampp\htdocs\hms_group4\system\CodeIgniter.php(933): App\Controllers\UnifiedScheduling->createAppointment()
#8 C:\xampp\htdocs\hms_group4\system\CodeIgniter.php(507): CodeIgniter\CodeIgniter->runController(Object(App\Controllers\UnifiedScheduling))
#9 C:\xampp\htdocs\hms_group4\system\CodeIgniter.php(354): CodeIgniter\CodeIgniter->handleRequest(NULL, Object(Config\Cache), false)
#10 C:\xampp\htdocs\hms_group4\system\Boot.php(363): CodeIgniter\CodeIgniter->run()
#11 C:\xampp\htdocs\hms_group4\system\Boot.php(68): CodeIgniter\Boot::runCodeIgniter(Object(CodeIgniter\CodeIgniter))
#12 C:\xampp\htdocs\hms_group4\public\index.php(59): CodeIgniter\Boot::bootWeb(Object(Config\Paths))
#13 {main}
ERROR - 2025-09-08 02:22:16 --> Error creating appointment: You have an error in your SQL syntax; check the manual that corresponds to your MariaDB server version for the right syntax to use near '? AND DATE_ADD(date_time, INTERVAL COALESCE(duration, 60) MINUTE) > ?) OR
			...' at line 6
ERROR - 2025-09-08 02:22:18 --> mysqli_sql_exception: You have an error in your SQL syntax; check the manual that corresponds to your MariaDB server version for the right syntax to use near '? AND DATE_ADD(date_time, INTERVAL COALESCE(duration, 60) MINUTE) > ?) OR
			...' at line 6 in C:\xampp\htdocs\hms_group4\system\Database\MySQLi\Connection.php:327
Stack trace:
#0 C:\xampp\htdocs\hms_group4\system\Database\MySQLi\Connection.php(327): mysqli->query('SELECT COUNT(*)...', 0)
#1 C:\xampp\htdocs\hms_group4\system\Database\BaseConnection.php(729): CodeIgniter\Database\MySQLi\Connection->execute('SELECT COUNT(*)...')
#2 C:\xampp\htdocs\hms_group4\system\Database\BaseConnection.php(646): CodeIgniter\Database\BaseConnection->simpleQuery('SELECT COUNT(*)...')
#3 C:\xampp\htdocs\hms_group4\system\Database\BaseBuilder.php(1733): CodeIgniter\Database\BaseConnection->query('SELECT COUNT(*)...', Array, false)
#4 C:\xampp\htdocs\hms_group4\system\Model.php(675): CodeIgniter\Database\BaseBuilder->countAllResults(true)
#5 C:\xampp\htdocs\hms_group4\app\Models\AppointmentModel.php(117): CodeIgniter\Model->countAllResults()
#6 C:\xampp\htdocs\hms_group4\app\Controllers\UnifiedScheduling.php(179): App\Models\AppointmentModel->checkConflict('3', '2025-09-07 07:0...', '90')
#7 C:\xampp\htdocs\hms_group4\system\CodeIgniter.php(933): App\Controllers\UnifiedScheduling->createAppointment()
#8 C:\xampp\htdocs\hms_group4\system\CodeIgniter.php(507): CodeIgniter\CodeIgniter->runController(Object(App\Controllers\UnifiedScheduling))
#9 C:\xampp\htdocs\hms_group4\system\CodeIgniter.php(354): CodeIgniter\CodeIgniter->handleRequest(NULL, Object(Config\Cache), false)
#10 C:\xampp\htdocs\hms_group4\system\Boot.php(363): CodeIgniter\CodeIgniter->run()
#11 C:\xampp\htdocs\hms_group4\system\Boot.php(68): CodeIgniter\Boot::runCodeIgniter(Object(CodeIgniter\CodeIgniter))
#12 C:\xampp\htdocs\hms_group4\public\index.php(59): CodeIgniter\Boot::bootWeb(Object(Config\Paths))
#13 {main}
ERROR - 2025-09-08 02:22:18 --> Error creating appointment: You have an error in your SQL syntax; check the manual that corresponds to your MariaDB server version for the right syntax to use near '? AND DATE_ADD(date_time, INTERVAL COALESCE(duration, 60) MINUTE) > ?) OR
			...' at line 6
ERROR - 2025-09-08 02:22:19 --> mysqli_sql_exception: You have an error in your SQL syntax; check the manual that corresponds to your MariaDB server version for the right syntax to use near '? AND DATE_ADD(date_time, INTERVAL COALESCE(duration, 60) MINUTE) > ?) OR
			...' at line 6 in C:\xampp\htdocs\hms_group4\system\Database\MySQLi\Connection.php:327
Stack trace:
#0 C:\xampp\htdocs\hms_group4\system\Database\MySQLi\Connection.php(327): mysqli->query('SELECT COUNT(*)...', 0)
#1 C:\xampp\htdocs\hms_group4\system\Database\BaseConnection.php(729): CodeIgniter\Database\MySQLi\Connection->execute('SELECT COUNT(*)...')
#2 C:\xampp\htdocs\hms_group4\system\Database\BaseConnection.php(646): CodeIgniter\Database\BaseConnection->simpleQuery('SELECT COUNT(*)...')
#3 C:\xampp\htdocs\hms_group4\system\Database\BaseBuilder.php(1733): CodeIgniter\Database\BaseConnection->query('SELECT COUNT(*)...', Array, false)
#4 C:\xampp\htdocs\hms_group4\system\Model.php(675): CodeIgniter\Database\BaseBuilder->countAllResults(true)
#5 C:\xampp\htdocs\hms_group4\app\Models\AppointmentModel.php(117): CodeIgniter\Model->countAllResults()
#6 C:\xampp\htdocs\hms_group4\app\Controllers\UnifiedScheduling.php(179): App\Models\AppointmentModel->checkConflict('3', '2025-09-07 07:0...', '90')
#7 C:\xampp\htdocs\hms_group4\system\CodeIgniter.php(933): App\Controllers\UnifiedScheduling->createAppointment()
#8 C:\xampp\htdocs\hms_group4\system\CodeIgniter.php(507): CodeIgniter\CodeIgniter->runController(Object(App\Controllers\UnifiedScheduling))
#9 C:\xampp\htdocs\hms_group4\system\CodeIgniter.php(354): CodeIgniter\CodeIgniter->handleRequest(NULL, Object(Config\Cache), false)
#10 C:\xampp\htdocs\hms_group4\system\Boot.php(363): CodeIgniter\CodeIgniter->run()
#11 C:\xampp\htdocs\hms_group4\system\Boot.php(68): CodeIgniter\Boot::runCodeIgniter(Object(CodeIgniter\CodeIgniter))
#12 C:\xampp\htdocs\hms_group4\public\index.php(59): CodeIgniter\Boot::bootWeb(Object(Config\Paths))
#13 {main}
ERROR - 2025-09-08 02:22:19 --> Error creating appointment: You have an error in your SQL syntax; check the manual that corresponds to your MariaDB server version for the right syntax to use near '? AND DATE_ADD(date_time, INTERVAL COALESCE(duration, 60) MINUTE) > ?) OR
			...' at line 6
ERROR - 2025-09-08 02:22:19 --> mysqli_sql_exception: You have an error in your SQL syntax; check the manual that corresponds to your MariaDB server version for the right syntax to use near '? AND DATE_ADD(date_time, INTERVAL COALESCE(duration, 60) MINUTE) > ?) OR
			...' at line 6 in C:\xampp\htdocs\hms_group4\system\Database\MySQLi\Connection.php:327
Stack trace:
#0 C:\xampp\htdocs\hms_group4\system\Database\MySQLi\Connection.php(327): mysqli->query('SELECT COUNT(*)...', 0)
#1 C:\xampp\htdocs\hms_group4\system\Database\BaseConnection.php(729): CodeIgniter\Database\MySQLi\Connection->execute('SELECT COUNT(*)...')
#2 C:\xampp\htdocs\hms_group4\system\Database\BaseConnection.php(646): CodeIgniter\Database\BaseConnection->simpleQuery('SELECT COUNT(*)...')
#3 C:\xampp\htdocs\hms_group4\system\Database\BaseBuilder.php(1733): CodeIgniter\Database\BaseConnection->query('SELECT COUNT(*)...', Array, false)
#4 C:\xampp\htdocs\hms_group4\system\Model.php(675): CodeIgniter\Database\BaseBuilder->countAllResults(true)
#5 C:\xampp\htdocs\hms_group4\app\Models\AppointmentModel.php(117): CodeIgniter\Model->countAllResults()
#6 C:\xampp\htdocs\hms_group4\app\Controllers\UnifiedScheduling.php(179): App\Models\AppointmentModel->checkConflict('3', '2025-09-07 07:0...', '90')
#7 C:\xampp\htdocs\hms_group4\system\CodeIgniter.php(933): App\Controllers\UnifiedScheduling->createAppointment()
#8 C:\xampp\htdocs\hms_group4\system\CodeIgniter.php(507): CodeIgniter\CodeIgniter->runController(Object(App\Controllers\UnifiedScheduling))
#9 C:\xampp\htdocs\hms_group4\system\CodeIgniter.php(354): CodeIgniter\CodeIgniter->handleRequest(NULL, Object(Config\Cache), false)
#10 C:\xampp\htdocs\hms_group4\system\Boot.php(363): CodeIgniter\CodeIgniter->run()
#11 C:\xampp\htdocs\hms_group4\system\Boot.php(68): CodeIgniter\Boot::runCodeIgniter(Object(CodeIgniter\CodeIgniter))
#12 C:\xampp\htdocs\hms_group4\public\index.php(59): CodeIgniter\Boot::bootWeb(Object(Config\Paths))
#13 {main}
ERROR - 2025-09-08 02:22:19 --> Error creating appointment: You have an error in your SQL syntax; check the manual that corresponds to your MariaDB server version for the right syntax to use near '? AND DATE_ADD(date_time, INTERVAL COALESCE(duration, 60) MINUTE) > ?) OR
			...' at line 6
ERROR - 2025-09-08 02:22:19 --> mysqli_sql_exception: You have an error in your SQL syntax; check the manual that corresponds to your MariaDB server version for the right syntax to use near '? AND DATE_ADD(date_time, INTERVAL COALESCE(duration, 60) MINUTE) > ?) OR
			...' at line 6 in C:\xampp\htdocs\hms_group4\system\Database\MySQLi\Connection.php:327
Stack trace:
#0 C:\xampp\htdocs\hms_group4\system\Database\MySQLi\Connection.php(327): mysqli->query('SELECT COUNT(*)...', 0)
#1 C:\xampp\htdocs\hms_group4\system\Database\BaseConnection.php(729): CodeIgniter\Database\MySQLi\Connection->execute('SELECT COUNT(*)...')
#2 C:\xampp\htdocs\hms_group4\system\Database\BaseConnection.php(646): CodeIgniter\Database\BaseConnection->simpleQuery('SELECT COUNT(*)...')
#3 C:\xampp\htdocs\hms_group4\system\Database\BaseBuilder.php(1733): CodeIgniter\Database\BaseConnection->query('SELECT COUNT(*)...', Array, false)
#4 C:\xampp\htdocs\hms_group4\system\Model.php(675): CodeIgniter\Database\BaseBuilder->countAllResults(true)
#5 C:\xampp\htdocs\hms_group4\app\Models\AppointmentModel.php(117): CodeIgniter\Model->countAllResults()
#6 C:\xampp\htdocs\hms_group4\app\Controllers\UnifiedScheduling.php(179): App\Models\AppointmentModel->checkConflict('3', '2025-09-07 07:0...', '90')
#7 C:\xampp\htdocs\hms_group4\system\CodeIgniter.php(933): App\Controllers\UnifiedScheduling->createAppointment()
#8 C:\xampp\htdocs\hms_group4\system\CodeIgniter.php(507): CodeIgniter\CodeIgniter->runController(Object(App\Controllers\UnifiedScheduling))
#9 C:\xampp\htdocs\hms_group4\system\CodeIgniter.php(354): CodeIgniter\CodeIgniter->handleRequest(NULL, Object(Config\Cache), false)
#10 C:\xampp\htdocs\hms_group4\system\Boot.php(363): CodeIgniter\CodeIgniter->run()
#11 C:\xampp\htdocs\hms_group4\system\Boot.php(68): CodeIgniter\Boot::runCodeIgniter(Object(CodeIgniter\CodeIgniter))
#12 C:\xampp\htdocs\hms_group4\public\index.php(59): CodeIgniter\Boot::bootWeb(Object(Config\Paths))
#13 {main}
ERROR - 2025-09-08 02:22:19 --> Error creating appointment: You have an error in your SQL syntax; check the manual that corresponds to your MariaDB server version for the right syntax to use near '? AND DATE_ADD(date_time, INTERVAL COALESCE(duration, 60) MINUTE) > ?) OR
			...' at line 6
ERROR - 2025-09-08 02:22:20 --> mysqli_sql_exception: You have an error in your SQL syntax; check the manual that corresponds to your MariaDB server version for the right syntax to use near '? AND DATE_ADD(date_time, INTERVAL COALESCE(duration, 60) MINUTE) > ?) OR
			...' at line 6 in C:\xampp\htdocs\hms_group4\system\Database\MySQLi\Connection.php:327
Stack trace:
#0 C:\xampp\htdocs\hms_group4\system\Database\MySQLi\Connection.php(327): mysqli->query('SELECT COUNT(*)...', 0)
#1 C:\xampp\htdocs\hms_group4\system\Database\BaseConnection.php(729): CodeIgniter\Database\MySQLi\Connection->execute('SELECT COUNT(*)...')
#2 C:\xampp\htdocs\hms_group4\system\Database\BaseConnection.php(646): CodeIgniter\Database\BaseConnection->simpleQuery('SELECT COUNT(*)...')
#3 C:\xampp\htdocs\hms_group4\system\Database\BaseBuilder.php(1733): CodeIgniter\Database\BaseConnection->query('SELECT COUNT(*)...', Array, false)
#4 C:\xampp\htdocs\hms_group4\system\Model.php(675): CodeIgniter\Database\BaseBuilder->countAllResults(true)
#5 C:\xampp\htdocs\hms_group4\app\Models\AppointmentModel.php(117): CodeIgniter\Model->countAllResults()
#6 C:\xampp\htdocs\hms_group4\app\Controllers\UnifiedScheduling.php(179): App\Models\AppointmentModel->checkConflict('3', '2025-09-07 07:0...', '90')
#7 C:\xampp\htdocs\hms_group4\system\CodeIgniter.php(933): App\Controllers\UnifiedScheduling->createAppointment()
#8 C:\xampp\htdocs\hms_group4\system\CodeIgniter.php(507): CodeIgniter\CodeIgniter->runController(Object(App\Controllers\UnifiedScheduling))
#9 C:\xampp\htdocs\hms_group4\system\CodeIgniter.php(354): CodeIgniter\CodeIgniter->handleRequest(NULL, Object(Config\Cache), false)
#10 C:\xampp\htdocs\hms_group4\system\Boot.php(363): CodeIgniter\CodeIgniter->run()
#11 C:\xampp\htdocs\hms_group4\system\Boot.php(68): CodeIgniter\Boot::runCodeIgniter(Object(CodeIgniter\CodeIgniter))
#12 C:\xampp\htdocs\hms_group4\public\index.php(59): CodeIgniter\Boot::bootWeb(Object(Config\Paths))
#13 {main}
ERROR - 2025-09-08 02:22:20 --> Error creating appointment: You have an error in your SQL syntax; check the manual that corresponds to your MariaDB server version for the right syntax to use near '? AND DATE_ADD(date_time, INTERVAL COALESCE(duration, 60) MINUTE) > ?) OR
			...' at line 6
ERROR - 2025-09-08 02:22:20 --> mysqli_sql_exception: You have an error in your SQL syntax; check the manual that corresponds to your MariaDB server version for the right syntax to use near '? AND DATE_ADD(date_time, INTERVAL COALESCE(duration, 60) MINUTE) > ?) OR
			...' at line 6 in C:\xampp\htdocs\hms_group4\system\Database\MySQLi\Connection.php:327
Stack trace:
#0 C:\xampp\htdocs\hms_group4\system\Database\MySQLi\Connection.php(327): mysqli->query('SELECT COUNT(*)...', 0)
#1 C:\xampp\htdocs\hms_group4\system\Database\BaseConnection.php(729): CodeIgniter\Database\MySQLi\Connection->execute('SELECT COUNT(*)...')
#2 C:\xampp\htdocs\hms_group4\system\Database\BaseConnection.php(646): CodeIgniter\Database\BaseConnection->simpleQuery('SELECT COUNT(*)...')
#3 C:\xampp\htdocs\hms_group4\system\Database\BaseBuilder.php(1733): CodeIgniter\Database\BaseConnection->query('SELECT COUNT(*)...', Array, false)
#4 C:\xampp\htdocs\hms_group4\system\Model.php(675): CodeIgniter\Database\BaseBuilder->countAllResults(true)
#5 C:\xampp\htdocs\hms_group4\app\Models\AppointmentModel.php(117): CodeIgniter\Model->countAllResults()
#6 C:\xampp\htdocs\hms_group4\app\Controllers\UnifiedScheduling.php(179): App\Models\AppointmentModel->checkConflict('3', '2025-09-07 07:0...', '90')
#7 C:\xampp\htdocs\hms_group4\system\CodeIgniter.php(933): App\Controllers\UnifiedScheduling->createAppointment()
#8 C:\xampp\htdocs\hms_group4\system\CodeIgniter.php(507): CodeIgniter\CodeIgniter->runController(Object(App\Controllers\UnifiedScheduling))
#9 C:\xampp\htdocs\hms_group4\system\CodeIgniter.php(354): CodeIgniter\CodeIgniter->handleRequest(NULL, Object(Config\Cache), false)
#10 C:\xampp\htdocs\hms_group4\system\Boot.php(363): CodeIgniter\CodeIgniter->run()
#11 C:\xampp\htdocs\hms_group4\system\Boot.php(68): CodeIgniter\Boot::runCodeIgniter(Object(CodeIgniter\CodeIgniter))
#12 C:\xampp\htdocs\hms_group4\public\index.php(59): CodeIgniter\Boot::bootWeb(Object(Config\Paths))
#13 {main}
ERROR - 2025-09-08 02:22:20 --> Error creating appointment: You have an error in your SQL syntax; check the manual that corresponds to your MariaDB server version for the right syntax to use near '? AND DATE_ADD(date_time, INTERVAL COALESCE(duration, 60) MINUTE) > ?) OR
			...' at line 6
ERROR - 2025-09-08 02:22:21 --> mysqli_sql_exception: You have an error in your SQL syntax; check the manual that corresponds to your MariaDB server version for the right syntax to use near '? AND DATE_ADD(date_time, INTERVAL COALESCE(duration, 60) MINUTE) > ?) OR
			...' at line 6 in C:\xampp\htdocs\hms_group4\system\Database\MySQLi\Connection.php:327
Stack trace:
#0 C:\xampp\htdocs\hms_group4\system\Database\MySQLi\Connection.php(327): mysqli->query('SELECT COUNT(*)...', 0)
#1 C:\xampp\htdocs\hms_group4\system\Database\BaseConnection.php(729): CodeIgniter\Database\MySQLi\Connection->execute('SELECT COUNT(*)...')
#2 C:\xampp\htdocs\hms_group4\system\Database\BaseConnection.php(646): CodeIgniter\Database\BaseConnection->simpleQuery('SELECT COUNT(*)...')
#3 C:\xampp\htdocs\hms_group4\system\Database\BaseBuilder.php(1733): CodeIgniter\Database\BaseConnection->query('SELECT COUNT(*)...', Array, false)
#4 C:\xampp\htdocs\hms_group4\system\Model.php(675): CodeIgniter\Database\BaseBuilder->countAllResults(true)
#5 C:\xampp\htdocs\hms_group4\app\Models\AppointmentModel.php(117): CodeIgniter\Model->countAllResults()
#6 C:\xampp\htdocs\hms_group4\app\Controllers\UnifiedScheduling.php(179): App\Models\AppointmentModel->checkConflict('3', '2025-09-07 07:0...', '90')
#7 C:\xampp\htdocs\hms_group4\system\CodeIgniter.php(933): App\Controllers\UnifiedScheduling->createAppointment()
#8 C:\xampp\htdocs\hms_group4\system\CodeIgniter.php(507): CodeIgniter\CodeIgniter->runController(Object(App\Controllers\UnifiedScheduling))
#9 C:\xampp\htdocs\hms_group4\system\CodeIgniter.php(354): CodeIgniter\CodeIgniter->handleRequest(NULL, Object(Config\Cache), false)
#10 C:\xampp\htdocs\hms_group4\system\Boot.php(363): CodeIgniter\CodeIgniter->run()
#11 C:\xampp\htdocs\hms_group4\system\Boot.php(68): CodeIgniter\Boot::runCodeIgniter(Object(CodeIgniter\CodeIgniter))
#12 C:\xampp\htdocs\hms_group4\public\index.php(59): CodeIgniter\Boot::bootWeb(Object(Config\Paths))
#13 {main}
ERROR - 2025-09-08 02:22:21 --> Error creating appointment: You have an error in your SQL syntax; check the manual that corresponds to your MariaDB server version for the right syntax to use near '? AND DATE_ADD(date_time, INTERVAL COALESCE(duration, 60) MINUTE) > ?) OR
			...' at line 6
ERROR - 2025-09-08 02:22:21 --> mysqli_sql_exception: You have an error in your SQL syntax; check the manual that corresponds to your MariaDB server version for the right syntax to use near '? AND DATE_ADD(date_time, INTERVAL COALESCE(duration, 60) MINUTE) > ?) OR
			...' at line 6 in C:\xampp\htdocs\hms_group4\system\Database\MySQLi\Connection.php:327
Stack trace:
#0 C:\xampp\htdocs\hms_group4\system\Database\MySQLi\Connection.php(327): mysqli->query('SELECT COUNT(*)...', 0)
#1 C:\xampp\htdocs\hms_group4\system\Database\BaseConnection.php(729): CodeIgniter\Database\MySQLi\Connection->execute('SELECT COUNT(*)...')
#2 C:\xampp\htdocs\hms_group4\system\Database\BaseConnection.php(646): CodeIgniter\Database\BaseConnection->simpleQuery('SELECT COUNT(*)...')
#3 C:\xampp\htdocs\hms_group4\system\Database\BaseBuilder.php(1733): CodeIgniter\Database\BaseConnection->query('SELECT COUNT(*)...', Array, false)
#4 C:\xampp\htdocs\hms_group4\system\Model.php(675): CodeIgniter\Database\BaseBuilder->countAllResults(true)
#5 C:\xampp\htdocs\hms_group4\app\Models\AppointmentModel.php(117): CodeIgniter\Model->countAllResults()
#6 C:\xampp\htdocs\hms_group4\app\Controllers\UnifiedScheduling.php(179): App\Models\AppointmentModel->checkConflict('3', '2025-09-07 07:0...', '90')
#7 C:\xampp\htdocs\hms_group4\system\CodeIgniter.php(933): App\Controllers\UnifiedScheduling->createAppointment()
#8 C:\xampp\htdocs\hms_group4\system\CodeIgniter.php(507): CodeIgniter\CodeIgniter->runController(Object(App\Controllers\UnifiedScheduling))
#9 C:\xampp\htdocs\hms_group4\system\CodeIgniter.php(354): CodeIgniter\CodeIgniter->handleRequest(NULL, Object(Config\Cache), false)
#10 C:\xampp\htdocs\hms_group4\system\Boot.php(363): CodeIgniter\CodeIgniter->run()
#11 C:\xampp\htdocs\hms_group4\system\Boot.php(68): CodeIgniter\Boot::runCodeIgniter(Object(CodeIgniter\CodeIgniter))
#12 C:\xampp\htdocs\hms_group4\public\index.php(59): CodeIgniter\Boot::bootWeb(Object(Config\Paths))
#13 {main}
ERROR - 2025-09-08 02:22:21 --> Error creating appointment: You have an error in your SQL syntax; check the manual that corresponds to your MariaDB server version for the right syntax to use near '? AND DATE_ADD(date_time, INTERVAL COALESCE(duration, 60) MINUTE) > ?) OR
			...' at line 6
ERROR - 2025-09-08 02:22:25 --> mysqli_sql_exception: You have an error in your SQL syntax; check the manual that corresponds to your MariaDB server version for the right syntax to use near '? AND DATE_ADD(date_time, INTERVAL COALESCE(duration, 60) MINUTE) > ?) OR
			...' at line 6 in C:\xampp\htdocs\hms_group4\system\Database\MySQLi\Connection.php:327
Stack trace:
#0 C:\xampp\htdocs\hms_group4\system\Database\MySQLi\Connection.php(327): mysqli->query('SELECT COUNT(*)...', 0)
#1 C:\xampp\htdocs\hms_group4\system\Database\BaseConnection.php(729): CodeIgniter\Database\MySQLi\Connection->execute('SELECT COUNT(*)...')
#2 C:\xampp\htdocs\hms_group4\system\Database\BaseConnection.php(646): CodeIgniter\Database\BaseConnection->simpleQuery('SELECT COUNT(*)...')
#3 C:\xampp\htdocs\hms_group4\system\Database\BaseBuilder.php(1733): CodeIgniter\Database\BaseConnection->query('SELECT COUNT(*)...', Array, false)
#4 C:\xampp\htdocs\hms_group4\system\Model.php(675): CodeIgniter\Database\BaseBuilder->countAllResults(true)
#5 C:\xampp\htdocs\hms_group4\app\Models\AppointmentModel.php(117): CodeIgniter\Model->countAllResults()
#6 C:\xampp\htdocs\hms_group4\app\Controllers\UnifiedScheduling.php(179): App\Models\AppointmentModel->checkConflict('3', '2025-09-07 07:0...', '120')
#7 C:\xampp\htdocs\hms_group4\system\CodeIgniter.php(933): App\Controllers\UnifiedScheduling->createAppointment()
#8 C:\xampp\htdocs\hms_group4\system\CodeIgniter.php(507): CodeIgniter\CodeIgniter->runController(Object(App\Controllers\UnifiedScheduling))
#9 C:\xampp\htdocs\hms_group4\system\CodeIgniter.php(354): CodeIgniter\CodeIgniter->handleRequest(NULL, Object(Config\Cache), false)
#10 C:\xampp\htdocs\hms_group4\system\Boot.php(363): CodeIgniter\CodeIgniter->run()
#11 C:\xampp\htdocs\hms_group4\system\Boot.php(68): CodeIgniter\Boot::runCodeIgniter(Object(CodeIgniter\CodeIgniter))
#12 C:\xampp\htdocs\hms_group4\public\index.php(59): CodeIgniter\Boot::bootWeb(Object(Config\Paths))
#13 {main}
ERROR - 2025-09-08 02:22:25 --> Error creating appointment: You have an error in your SQL syntax; check the manual that corresponds to your MariaDB server version for the right syntax to use near '? AND DATE_ADD(date_time, INTERVAL COALESCE(duration, 60) MINUTE) > ?) OR
			...' at line 6
ERROR - 2025-09-08 02:22:27 --> mysqli_sql_exception: You have an error in your SQL syntax; check the manual that corresponds to your MariaDB server version for the right syntax to use near '? AND DATE_ADD(date_time, INTERVAL COALESCE(duration, 60) MINUTE) > ?) OR
			...' at line 6 in C:\xampp\htdocs\hms_group4\system\Database\MySQLi\Connection.php:327
Stack trace:
#0 C:\xampp\htdocs\hms_group4\system\Database\MySQLi\Connection.php(327): mysqli->query('SELECT COUNT(*)...', 0)
#1 C:\xampp\htdocs\hms_group4\system\Database\BaseConnection.php(729): CodeIgniter\Database\MySQLi\Connection->execute('SELECT COUNT(*)...')
#2 C:\xampp\htdocs\hms_group4\system\Database\BaseConnection.php(646): CodeIgniter\Database\BaseConnection->simpleQuery('SELECT COUNT(*)...')
#3 C:\xampp\htdocs\hms_group4\system\Database\BaseBuilder.php(1733): CodeIgniter\Database\BaseConnection->query('SELECT COUNT(*)...', Array, false)
#4 C:\xampp\htdocs\hms_group4\system\Model.php(675): CodeIgniter\Database\BaseBuilder->countAllResults(true)
#5 C:\xampp\htdocs\hms_group4\app\Models\AppointmentModel.php(117): CodeIgniter\Model->countAllResults()
#6 C:\xampp\htdocs\hms_group4\app\Controllers\UnifiedScheduling.php(179): App\Models\AppointmentModel->checkConflict('3', '2025-09-07 07:0...', '120')
#7 C:\xampp\htdocs\hms_group4\system\CodeIgniter.php(933): App\Controllers\UnifiedScheduling->createAppointment()
#8 C:\xampp\htdocs\hms_group4\system\CodeIgniter.php(507): CodeIgniter\CodeIgniter->runController(Object(App\Controllers\UnifiedScheduling))
#9 C:\xampp\htdocs\hms_group4\system\CodeIgniter.php(354): CodeIgniter\CodeIgniter->handleRequest(NULL, Object(Config\Cache), false)
#10 C:\xampp\htdocs\hms_group4\system\Boot.php(363): CodeIgniter\CodeIgniter->run()
#11 C:\xampp\htdocs\hms_group4\system\Boot.php(68): CodeIgniter\Boot::runCodeIgniter(Object(CodeIgniter\CodeIgniter))
#12 C:\xampp\htdocs\hms_group4\public\index.php(59): CodeIgniter\Boot::bootWeb(Object(Config\Paths))
#13 {main}
ERROR - 2025-09-08 02:22:27 --> Error creating appointment: You have an error in your SQL syntax; check the manual that corresponds to your MariaDB server version for the right syntax to use near '? AND DATE_ADD(date_time, INTERVAL COALESCE(duration, 60) MINUTE) > ?) OR
			...' at line 6
ERROR - 2025-09-08 02:24:24 --> mysqli_sql_exception: Unknown column 'color_label' in 'field list' in C:\xampp\htdocs\hms_group4\system\Database\MySQLi\Connection.php:327
Stack trace:
#0 C:\xampp\htdocs\hms_group4\system\Database\MySQLi\Connection.php(327): mysqli->query('INSERT INTO `ap...', 0)
#1 C:\xampp\htdocs\hms_group4\system\Database\BaseConnection.php(729): CodeIgniter\Database\MySQLi\Connection->execute('INSERT INTO `ap...')
#2 C:\xampp\htdocs\hms_group4\system\Database\BaseConnection.php(646): CodeIgniter\Database\BaseConnection->simpleQuery('INSERT INTO `ap...')
#3 C:\xampp\htdocs\hms_group4\system\Database\BaseBuilder.php(2345): CodeIgniter\Database\BaseConnection->query('INSERT INTO `ap...', Array, false)
#4 C:\xampp\htdocs\hms_group4\system\Model.php(394): CodeIgniter\Database\BaseBuilder->insert()
#5 C:\xampp\htdocs\hms_group4\system\BaseModel.php(838): CodeIgniter\Model->doInsert(Array)
#6 C:\xampp\htdocs\hms_group4\system\Model.php(797): CodeIgniter\BaseModel->insert(Array, true)
#7 C:\xampp\htdocs\hms_group4\app\Controllers\UnifiedScheduling.php(205): CodeIgniter\Model->insert(Array)
#8 C:\xampp\htdocs\hms_group4\system\CodeIgniter.php(933): App\Controllers\UnifiedScheduling->createAppointment()
#9 C:\xampp\htdocs\hms_group4\system\CodeIgniter.php(507): CodeIgniter\CodeIgniter->runController(Object(App\Controllers\UnifiedScheduling))
#10 C:\xampp\htdocs\hms_group4\system\CodeIgniter.php(354): CodeIgniter\CodeIgniter->handleRequest(NULL, Object(Config\Cache), false)
#11 C:\xampp\htdocs\hms_group4\system\Boot.php(363): CodeIgniter\CodeIgniter->run()
#12 C:\xampp\htdocs\hms_group4\system\Boot.php(68): CodeIgniter\Boot::runCodeIgniter(Object(CodeIgniter\CodeIgniter))
#13 C:\xampp\htdocs\hms_group4\public\index.php(59): CodeIgniter\Boot::bootWeb(Object(Config\Paths))
#14 {main}
ERROR - 2025-09-08 02:24:24 --> Error creating appointment: Unknown column 'color_label' in 'field list'
ERROR - 2025-09-08 02:24:25 --> mysqli_sql_exception: Unknown column 'color_label' in 'field list' in C:\xampp\htdocs\hms_group4\system\Database\MySQLi\Connection.php:327
Stack trace:
#0 C:\xampp\htdocs\hms_group4\system\Database\MySQLi\Connection.php(327): mysqli->query('INSERT INTO `ap...', 0)
#1 C:\xampp\htdocs\hms_group4\system\Database\BaseConnection.php(729): CodeIgniter\Database\MySQLi\Connection->execute('INSERT INTO `ap...')
#2 C:\xampp\htdocs\hms_group4\system\Database\BaseConnection.php(646): CodeIgniter\Database\BaseConnection->simpleQuery('INSERT INTO `ap...')
#3 C:\xampp\htdocs\hms_group4\system\Database\BaseBuilder.php(2345): CodeIgniter\Database\BaseConnection->query('INSERT INTO `ap...', Array, false)
#4 C:\xampp\htdocs\hms_group4\system\Model.php(394): CodeIgniter\Database\BaseBuilder->insert()
#5 C:\xampp\htdocs\hms_group4\system\BaseModel.php(838): CodeIgniter\Model->doInsert(Array)
#6 C:\xampp\htdocs\hms_group4\system\Model.php(797): CodeIgniter\BaseModel->insert(Array, true)
#7 C:\xampp\htdocs\hms_group4\app\Controllers\UnifiedScheduling.php(205): CodeIgniter\Model->insert(Array)
#8 C:\xampp\htdocs\hms_group4\system\CodeIgniter.php(933): App\Controllers\UnifiedScheduling->createAppointment()
#9 C:\xampp\htdocs\hms_group4\system\CodeIgniter.php(507): CodeIgniter\CodeIgniter->runController(Object(App\Controllers\UnifiedScheduling))
#10 C:\xampp\htdocs\hms_group4\system\CodeIgniter.php(354): CodeIgniter\CodeIgniter->handleRequest(NULL, Object(Config\Cache), false)
#11 C:\xampp\htdocs\hms_group4\system\Boot.php(363): CodeIgniter\CodeIgniter->run()
#12 C:\xampp\htdocs\hms_group4\system\Boot.php(68): CodeIgniter\Boot::runCodeIgniter(Object(CodeIgniter\CodeIgniter))
#13 C:\xampp\htdocs\hms_group4\public\index.php(59): CodeIgniter\Boot::bootWeb(Object(Config\Paths))
#14 {main}
ERROR - 2025-09-08 02:24:25 --> Error creating appointment: Unknown column 'color_label' in 'field list'
ERROR - 2025-09-08 02:24:26 --> mysqli_sql_exception: Unknown column 'color_label' in 'field list' in C:\xampp\htdocs\hms_group4\system\Database\MySQLi\Connection.php:327
Stack trace:
#0 C:\xampp\htdocs\hms_group4\system\Database\MySQLi\Connection.php(327): mysqli->query('INSERT INTO `ap...', 0)
#1 C:\xampp\htdocs\hms_group4\system\Database\BaseConnection.php(729): CodeIgniter\Database\MySQLi\Connection->execute('INSERT INTO `ap...')
#2 C:\xampp\htdocs\hms_group4\system\Database\BaseConnection.php(646): CodeIgniter\Database\BaseConnection->simpleQuery('INSERT INTO `ap...')
#3 C:\xampp\htdocs\hms_group4\system\Database\BaseBuilder.php(2345): CodeIgniter\Database\BaseConnection->query('INSERT INTO `ap...', Array, false)
#4 C:\xampp\htdocs\hms_group4\system\Model.php(394): CodeIgniter\Database\BaseBuilder->insert()
#5 C:\xampp\htdocs\hms_group4\system\BaseModel.php(838): CodeIgniter\Model->doInsert(Array)
#6 C:\xampp\htdocs\hms_group4\system\Model.php(797): CodeIgniter\BaseModel->insert(Array, true)
#7 C:\xampp\htdocs\hms_group4\app\Controllers\UnifiedScheduling.php(205): CodeIgniter\Model->insert(Array)
#8 C:\xampp\htdocs\hms_group4\system\CodeIgniter.php(933): App\Controllers\UnifiedScheduling->createAppointment()
#9 C:\xampp\htdocs\hms_group4\system\CodeIgniter.php(507): CodeIgniter\CodeIgniter->runController(Object(App\Controllers\UnifiedScheduling))
#10 C:\xampp\htdocs\hms_group4\system\CodeIgniter.php(354): CodeIgniter\CodeIgniter->handleRequest(NULL, Object(Config\Cache), false)
#11 C:\xampp\htdocs\hms_group4\system\Boot.php(363): CodeIgniter\CodeIgniter->run()
#12 C:\xampp\htdocs\hms_group4\system\Boot.php(68): CodeIgniter\Boot::runCodeIgniter(Object(CodeIgniter\CodeIgniter))
#13 C:\xampp\htdocs\hms_group4\public\index.php(59): CodeIgniter\Boot::bootWeb(Object(Config\Paths))
#14 {main}
ERROR - 2025-09-08 02:24:26 --> Error creating appointment: Unknown column 'color_label' in 'field list'
ERROR - 2025-09-08 02:24:26 --> mysqli_sql_exception: Unknown column 'color_label' in 'field list' in C:\xampp\htdocs\hms_group4\system\Database\MySQLi\Connection.php:327
Stack trace:
#0 C:\xampp\htdocs\hms_group4\system\Database\MySQLi\Connection.php(327): mysqli->query('INSERT INTO `ap...', 0)
#1 C:\xampp\htdocs\hms_group4\system\Database\BaseConnection.php(729): CodeIgniter\Database\MySQLi\Connection->execute('INSERT INTO `ap...')
#2 C:\xampp\htdocs\hms_group4\system\Database\BaseConnection.php(646): CodeIgniter\Database\BaseConnection->simpleQuery('INSERT INTO `ap...')
#3 C:\xampp\htdocs\hms_group4\system\Database\BaseBuilder.php(2345): CodeIgniter\Database\BaseConnection->query('INSERT INTO `ap...', Array, false)
#4 C:\xampp\htdocs\hms_group4\system\Model.php(394): CodeIgniter\Database\BaseBuilder->insert()
#5 C:\xampp\htdocs\hms_group4\system\BaseModel.php(838): CodeIgniter\Model->doInsert(Array)
#6 C:\xampp\htdocs\hms_group4\system\Model.php(797): CodeIgniter\BaseModel->insert(Array, true)
#7 C:\xampp\htdocs\hms_group4\app\Controllers\UnifiedScheduling.php(205): CodeIgniter\Model->insert(Array)
#8 C:\xampp\htdocs\hms_group4\system\CodeIgniter.php(933): App\Controllers\UnifiedScheduling->createAppointment()
#9 C:\xampp\htdocs\hms_group4\system\CodeIgniter.php(507): CodeIgniter\CodeIgniter->runController(Object(App\Controllers\UnifiedScheduling))
#10 C:\xampp\htdocs\hms_group4\system\CodeIgniter.php(354): CodeIgniter\CodeIgniter->handleRequest(NULL, Object(Config\Cache), false)
#11 C:\xampp\htdocs\hms_group4\system\Boot.php(363): CodeIgniter\CodeIgniter->run()
#12 C:\xampp\htdocs\hms_group4\system\Boot.php(68): CodeIgniter\Boot::runCodeIgniter(Object(CodeIgniter\CodeIgniter))
#13 C:\xampp\htdocs\hms_group4\public\index.php(59): CodeIgniter\Boot::bootWeb(Object(Config\Paths))
#14 {main}
ERROR - 2025-09-08 02:24:26 --> Error creating appointment: Unknown column 'color_label' in 'field list'
ERROR - 2025-09-08 02:24:31 --> mysqli_sql_exception: Unknown column 'color_label' in 'field list' in C:\xampp\htdocs\hms_group4\system\Database\MySQLi\Connection.php:327
Stack trace:
#0 C:\xampp\htdocs\hms_group4\system\Database\MySQLi\Connection.php(327): mysqli->query('INSERT INTO `ap...', 0)
#1 C:\xampp\htdocs\hms_group4\system\Database\BaseConnection.php(729): CodeIgniter\Database\MySQLi\Connection->execute('INSERT INTO `ap...')
#2 C:\xampp\htdocs\hms_group4\system\Database\BaseConnection.php(646): CodeIgniter\Database\BaseConnection->simpleQuery('INSERT INTO `ap...')
#3 C:\xampp\htdocs\hms_group4\system\Database\BaseBuilder.php(2345): CodeIgniter\Database\BaseConnection->query('INSERT INTO `ap...', Array, false)
#4 C:\xampp\htdocs\hms_group4\system\Model.php(394): CodeIgniter\Database\BaseBuilder->insert()
#5 C:\xampp\htdocs\hms_group4\system\BaseModel.php(838): CodeIgniter\Model->doInsert(Array)
#6 C:\xampp\htdocs\hms_group4\system\Model.php(797): CodeIgniter\BaseModel->insert(Array, true)
#7 C:\xampp\htdocs\hms_group4\app\Controllers\UnifiedScheduling.php(205): CodeIgniter\Model->insert(Array)
#8 C:\xampp\htdocs\hms_group4\system\CodeIgniter.php(933): App\Controllers\UnifiedScheduling->createAppointment()
#9 C:\xampp\htdocs\hms_group4\system\CodeIgniter.php(507): CodeIgniter\CodeIgniter->runController(Object(App\Controllers\UnifiedScheduling))
#10 C:\xampp\htdocs\hms_group4\system\CodeIgniter.php(354): CodeIgniter\CodeIgniter->handleRequest(NULL, Object(Config\Cache), false)
#11 C:\xampp\htdocs\hms_group4\system\Boot.php(363): CodeIgniter\CodeIgniter->run()
#12 C:\xampp\htdocs\hms_group4\system\Boot.php(68): CodeIgniter\Boot::runCodeIgniter(Object(CodeIgniter\CodeIgniter))
#13 C:\xampp\htdocs\hms_group4\public\index.php(59): CodeIgniter\Boot::bootWeb(Object(Config\Paths))
#14 {main}
ERROR - 2025-09-08 02:24:31 --> Error creating appointment: Unknown column 'color_label' in 'field list'
ERROR - 2025-09-08 02:25:17 --> mysqli_sql_exception: Duplicate column name 'duration' in C:\xampp\htdocs\hms_group4\system\Database\MySQLi\Connection.php:327
Stack trace:
#0 C:\xampp\htdocs\hms_group4\system\Database\MySQLi\Connection.php(327): mysqli->query('ALTER TABLE `ap...', 0)
#1 C:\xampp\htdocs\hms_group4\system\Database\BaseConnection.php(729): CodeIgniter\Database\MySQLi\Connection->execute('ALTER TABLE `ap...')
#2 C:\xampp\htdocs\hms_group4\system\Database\BaseConnection.php(646): CodeIgniter\Database\BaseConnection->simpleQuery('ALTER TABLE `ap...')
#3 C:\xampp\htdocs\hms_group4\system\Database\Forge.php(772): CodeIgniter\Database\BaseConnection->query('ALTER TABLE `ap...')
#4 C:\xampp\htdocs\hms_group4\app\Database\Migrations\2025-01-27-000010_AddColorLabelAndDurationToAppointments.php(13): CodeIgniter\Database\Forge->addColumn('appointments', Array)
#5 C:\xampp\htdocs\hms_group4\system\Database\MigrationRunner.php(876): App\Database\Migrations\AddColorLabelAndDurationToAppointments->up()
#6 C:\xampp\htdocs\hms_group4\system\Database\MigrationRunner.php(182): CodeIgniter\Database\MigrationRunner->migrate('up', Object(stdClass))
#7 C:\xampp\htdocs\hms_group4\system\Commands\Database\Migrate.php(85): CodeIgniter\Database\MigrationRunner->latest(NULL)
#8 C:\xampp\htdocs\hms_group4\system\CLI\Commands.php(74): CodeIgniter\Commands\Database\Migrate->run(Array)
#9 C:\xampp\htdocs\hms_group4\system\CLI\Console.php(47): CodeIgniter\CLI\Commands->run('migrate', Array)
#10 C:\xampp\htdocs\hms_group4\system\Boot.php(388): CodeIgniter\CLI\Console->run()
#11 C:\xampp\htdocs\hms_group4\system\Boot.php(133): CodeIgniter\Boot::runCommand(Object(CodeIgniter\CLI\Console))
#12 C:\xampp\htdocs\hms_group4\spark(87): CodeIgniter\Boot::bootSpark(Object(Config\Paths))
#13 {main}
