ERROR - 2025-08-29 02:58:47 --> mysqli_sql_exception: Unknown column 'status' in 'where clause' in C:\xampp\htdocs\hms_group4\system\Database\MySQLi\Connection.php:327
Stack trace:
#0 C:\xampp\htdocs\hms_group4\system\Database\MySQLi\Connection.php(327): mysqli->query('SELECT `id`, `f...', 0)
#1 C:\xampp\htdocs\hms_group4\system\Database\BaseConnection.php(729): CodeIgniter\Database\MySQLi\Connection->execute('SELECT `id`, `f...')
#2 C:\xampp\htdocs\hms_group4\system\Database\BaseConnection.php(646): CodeIgniter\Database\BaseConnection->simpleQuery('SELECT `id`, `f...')
#3 C:\xampp\htdocs\hms_group4\system\Database\BaseBuilder.php(1649): CodeIgniter\Database\BaseConnection->query('SELECT `id`, `f...', Array, false)
#4 C:\xampp\htdocs\hms_group4\system\Model.php(286): CodeIgniter\Database\BaseBuilder->get()
#5 C:\xampp\htdocs\hms_group4\system\BaseModel.php(677): CodeIgniter\Model->doFindAll(0, 0)
#6 C:\xampp\htdocs\hms_group4\app\Controllers\ScheduleController.php(450): CodeIgniter\BaseModel->findAll()
#7 C:\xampp\htdocs\hms_group4\system\CodeIgniter.php(933): App\Controllers\ScheduleController->getPatients()
#8 C:\xampp\htdocs\hms_group4\system\CodeIgniter.php(507): CodeIgniter\CodeIgniter->runController(Object(App\Controllers\ScheduleController))
#9 C:\xampp\htdocs\hms_group4\system\CodeIgniter.php(354): CodeIgniter\CodeIgniter->handleRequest(NULL, Object(Config\Cache), false)
#10 C:\xampp\htdocs\hms_group4\system\Boot.php(363): CodeIgniter\CodeIgniter->run()
#11 C:\xampp\htdocs\hms_group4\system\Boot.php(68): CodeIgniter\Boot::runCodeIgniter(Object(CodeIgniter\CodeIgniter))
#12 C:\xampp\htdocs\hms_group4\public\index.php(59): CodeIgniter\Boot::bootWeb(Object(Config\Paths))
#13 {main}
ERROR - 2025-08-29 02:58:47 --> Get patients error: Unknown column 'status' in 'where clause'
ERROR - 2025-08-29 02:58:56 --> mysqli_sql_exception: Unknown column 'status' in 'where clause' in C:\xampp\htdocs\hms_group4\system\Database\MySQLi\Connection.php:327
Stack trace:
#0 C:\xampp\htdocs\hms_group4\system\Database\MySQLi\Connection.php(327): mysqli->query('SELECT `id`, `f...', 0)
#1 C:\xampp\htdocs\hms_group4\system\Database\BaseConnection.php(729): CodeIgniter\Database\MySQLi\Connection->execute('SELECT `id`, `f...')
#2 C:\xampp\htdocs\hms_group4\system\Database\BaseConnection.php(646): CodeIgniter\Database\BaseConnection->simpleQuery('SELECT `id`, `f...')
#3 C:\xampp\htdocs\hms_group4\system\Database\BaseBuilder.php(1649): CodeIgniter\Database\BaseConnection->query('SELECT `id`, `f...', Array, false)
#4 C:\xampp\htdocs\hms_group4\system\Model.php(286): CodeIgniter\Database\BaseBuilder->get()
#5 C:\xampp\htdocs\hms_group4\system\BaseModel.php(677): CodeIgniter\Model->doFindAll(0, 0)
#6 C:\xampp\htdocs\hms_group4\app\Controllers\ScheduleController.php(450): CodeIgniter\BaseModel->findAll()
#7 C:\xampp\htdocs\hms_group4\system\CodeIgniter.php(933): App\Controllers\ScheduleController->getPatients()
#8 C:\xampp\htdocs\hms_group4\system\CodeIgniter.php(507): CodeIgniter\CodeIgniter->runController(Object(App\Controllers\ScheduleController))
#9 C:\xampp\htdocs\hms_group4\system\CodeIgniter.php(354): CodeIgniter\CodeIgniter->handleRequest(NULL, Object(Config\Cache), false)
#10 C:\xampp\htdocs\hms_group4\system\Boot.php(363): CodeIgniter\CodeIgniter->run()
#11 C:\xampp\htdocs\hms_group4\system\Boot.php(68): CodeIgniter\Boot::runCodeIgniter(Object(CodeIgniter\CodeIgniter))
#12 C:\xampp\htdocs\hms_group4\public\index.php(59): CodeIgniter\Boot::bootWeb(Object(Config\Paths))
#13 {main}
ERROR - 2025-08-29 02:58:56 --> Get patients error: Unknown column 'status' in 'where clause'
ERROR - 2025-08-29 02:58:56 --> mysqli_sql_exception: Unknown column 'status' in 'where clause' in C:\xampp\htdocs\hms_group4\system\Database\MySQLi\Connection.php:327
Stack trace:
#0 C:\xampp\htdocs\hms_group4\system\Database\MySQLi\Connection.php(327): mysqli->query('SELECT `id`, `f...', 0)
#1 C:\xampp\htdocs\hms_group4\system\Database\BaseConnection.php(729): CodeIgniter\Database\MySQLi\Connection->execute('SELECT `id`, `f...')
#2 C:\xampp\htdocs\hms_group4\system\Database\BaseConnection.php(646): CodeIgniter\Database\BaseConnection->simpleQuery('SELECT `id`, `f...')
#3 C:\xampp\htdocs\hms_group4\system\Database\BaseBuilder.php(1649): CodeIgniter\Database\BaseConnection->query('SELECT `id`, `f...', Array, false)
#4 C:\xampp\htdocs\hms_group4\system\Model.php(286): CodeIgniter\Database\BaseBuilder->get()
#5 C:\xampp\htdocs\hms_group4\system\BaseModel.php(677): CodeIgniter\Model->doFindAll(0, 0)
#6 C:\xampp\htdocs\hms_group4\app\Controllers\ScheduleController.php(450): CodeIgniter\BaseModel->findAll()
#7 C:\xampp\htdocs\hms_group4\system\CodeIgniter.php(933): App\Controllers\ScheduleController->getPatients()
#8 C:\xampp\htdocs\hms_group4\system\CodeIgniter.php(507): CodeIgniter\CodeIgniter->runController(Object(App\Controllers\ScheduleController))
#9 C:\xampp\htdocs\hms_group4\system\CodeIgniter.php(354): CodeIgniter\CodeIgniter->handleRequest(NULL, Object(Config\Cache), false)
#10 C:\xampp\htdocs\hms_group4\system\Boot.php(363): CodeIgniter\CodeIgniter->run()
#11 C:\xampp\htdocs\hms_group4\system\Boot.php(68): CodeIgniter\Boot::runCodeIgniter(Object(CodeIgniter\CodeIgniter))
#12 C:\xampp\htdocs\hms_group4\public\index.php(59): CodeIgniter\Boot::bootWeb(Object(Config\Paths))
#13 {main}
ERROR - 2025-08-29 02:58:56 --> Get patients error: Unknown column 'status' in 'where clause'
ERROR - 2025-08-29 02:59:37 --> mysqli_sql_exception: Unknown column 'status' in 'where clause' in C:\xampp\htdocs\hms_group4\system\Database\MySQLi\Connection.php:327
Stack trace:
#0 C:\xampp\htdocs\hms_group4\system\Database\MySQLi\Connection.php(327): mysqli->query('SELECT `id`, `f...', 0)
#1 C:\xampp\htdocs\hms_group4\system\Database\BaseConnection.php(729): CodeIgniter\Database\MySQLi\Connection->execute('SELECT `id`, `f...')
#2 C:\xampp\htdocs\hms_group4\system\Database\BaseConnection.php(646): CodeIgniter\Database\BaseConnection->simpleQuery('SELECT `id`, `f...')
#3 C:\xampp\htdocs\hms_group4\system\Database\BaseBuilder.php(1649): CodeIgniter\Database\BaseConnection->query('SELECT `id`, `f...', Array, false)
#4 C:\xampp\htdocs\hms_group4\system\Model.php(286): CodeIgniter\Database\BaseBuilder->get()
#5 C:\xampp\htdocs\hms_group4\system\BaseModel.php(677): CodeIgniter\Model->doFindAll(0, 0)
#6 C:\xampp\htdocs\hms_group4\app\Controllers\ScheduleController.php(450): CodeIgniter\BaseModel->findAll()
#7 C:\xampp\htdocs\hms_group4\system\CodeIgniter.php(933): App\Controllers\ScheduleController->getPatients()
#8 C:\xampp\htdocs\hms_group4\system\CodeIgniter.php(507): CodeIgniter\CodeIgniter->runController(Object(App\Controllers\ScheduleController))
#9 C:\xampp\htdocs\hms_group4\system\CodeIgniter.php(354): CodeIgniter\CodeIgniter->handleRequest(NULL, Object(Config\Cache), false)
#10 C:\xampp\htdocs\hms_group4\system\Boot.php(363): CodeIgniter\CodeIgniter->run()
#11 C:\xampp\htdocs\hms_group4\system\Boot.php(68): CodeIgniter\Boot::runCodeIgniter(Object(CodeIgniter\CodeIgniter))
#12 C:\xampp\htdocs\hms_group4\public\index.php(59): CodeIgniter\Boot::bootWeb(Object(Config\Paths))
#13 {main}
ERROR - 2025-08-29 02:59:37 --> Get patients error: Unknown column 'status' in 'where clause'
ERROR - 2025-08-29 02:59:39 --> mysqli_sql_exception: Unknown column 'status' in 'where clause' in C:\xampp\htdocs\hms_group4\system\Database\MySQLi\Connection.php:327
Stack trace:
#0 C:\xampp\htdocs\hms_group4\system\Database\MySQLi\Connection.php(327): mysqli->query('SELECT `id`, `f...', 0)
#1 C:\xampp\htdocs\hms_group4\system\Database\BaseConnection.php(729): CodeIgniter\Database\MySQLi\Connection->execute('SELECT `id`, `f...')
#2 C:\xampp\htdocs\hms_group4\system\Database\BaseConnection.php(646): CodeIgniter\Database\BaseConnection->simpleQuery('SELECT `id`, `f...')
#3 C:\xampp\htdocs\hms_group4\system\Database\BaseBuilder.php(1649): CodeIgniter\Database\BaseConnection->query('SELECT `id`, `f...', Array, false)
#4 C:\xampp\htdocs\hms_group4\system\Model.php(286): CodeIgniter\Database\BaseBuilder->get()
#5 C:\xampp\htdocs\hms_group4\system\BaseModel.php(677): CodeIgniter\Model->doFindAll(0, 0)
#6 C:\xampp\htdocs\hms_group4\app\Controllers\ScheduleController.php(450): CodeIgniter\BaseModel->findAll()
#7 C:\xampp\htdocs\hms_group4\system\CodeIgniter.php(933): App\Controllers\ScheduleController->getPatients()
#8 C:\xampp\htdocs\hms_group4\system\CodeIgniter.php(507): CodeIgniter\CodeIgniter->runController(Object(App\Controllers\ScheduleController))
#9 C:\xampp\htdocs\hms_group4\system\CodeIgniter.php(354): CodeIgniter\CodeIgniter->handleRequest(NULL, Object(Config\Cache), false)
#10 C:\xampp\htdocs\hms_group4\system\Boot.php(363): CodeIgniter\CodeIgniter->run()
#11 C:\xampp\htdocs\hms_group4\system\Boot.php(68): CodeIgniter\Boot::runCodeIgniter(Object(CodeIgniter\CodeIgniter))
#12 C:\xampp\htdocs\hms_group4\public\index.php(59): CodeIgniter\Boot::bootWeb(Object(Config\Paths))
#13 {main}
ERROR - 2025-08-29 02:59:39 --> Get patients error: Unknown column 'status' in 'where clause'
ERROR - 2025-08-29 02:59:39 --> mysqli_sql_exception: Unknown column 'status' in 'where clause' in C:\xampp\htdocs\hms_group4\system\Database\MySQLi\Connection.php:327
Stack trace:
#0 C:\xampp\htdocs\hms_group4\system\Database\MySQLi\Connection.php(327): mysqli->query('SELECT `id`, `f...', 0)
#1 C:\xampp\htdocs\hms_group4\system\Database\BaseConnection.php(729): CodeIgniter\Database\MySQLi\Connection->execute('SELECT `id`, `f...')
#2 C:\xampp\htdocs\hms_group4\system\Database\BaseConnection.php(646): CodeIgniter\Database\BaseConnection->simpleQuery('SELECT `id`, `f...')
#3 C:\xampp\htdocs\hms_group4\system\Database\BaseBuilder.php(1649): CodeIgniter\Database\BaseConnection->query('SELECT `id`, `f...', Array, false)
#4 C:\xampp\htdocs\hms_group4\system\Model.php(286): CodeIgniter\Database\BaseBuilder->get()
#5 C:\xampp\htdocs\hms_group4\system\BaseModel.php(677): CodeIgniter\Model->doFindAll(0, 0)
#6 C:\xampp\htdocs\hms_group4\app\Controllers\ScheduleController.php(450): CodeIgniter\BaseModel->findAll()
#7 C:\xampp\htdocs\hms_group4\system\CodeIgniter.php(933): App\Controllers\ScheduleController->getPatients()
#8 C:\xampp\htdocs\hms_group4\system\CodeIgniter.php(507): CodeIgniter\CodeIgniter->runController(Object(App\Controllers\ScheduleController))
#9 C:\xampp\htdocs\hms_group4\system\CodeIgniter.php(354): CodeIgniter\CodeIgniter->handleRequest(NULL, Object(Config\Cache), false)
#10 C:\xampp\htdocs\hms_group4\system\Boot.php(363): CodeIgniter\CodeIgniter->run()
#11 C:\xampp\htdocs\hms_group4\system\Boot.php(68): CodeIgniter\Boot::runCodeIgniter(Object(CodeIgniter\CodeIgniter))
#12 C:\xampp\htdocs\hms_group4\public\index.php(59): CodeIgniter\Boot::bootWeb(Object(Config\Paths))
#13 {main}
ERROR - 2025-08-29 02:59:39 --> Get patients error: Unknown column 'status' in 'where clause'
ERROR - 2025-08-29 02:59:40 --> mysqli_sql_exception: Unknown column 'status' in 'where clause' in C:\xampp\htdocs\hms_group4\system\Database\MySQLi\Connection.php:327
Stack trace:
#0 C:\xampp\htdocs\hms_group4\system\Database\MySQLi\Connection.php(327): mysqli->query('SELECT `id`, `f...', 0)
#1 C:\xampp\htdocs\hms_group4\system\Database\BaseConnection.php(729): CodeIgniter\Database\MySQLi\Connection->execute('SELECT `id`, `f...')
#2 C:\xampp\htdocs\hms_group4\system\Database\BaseConnection.php(646): CodeIgniter\Database\BaseConnection->simpleQuery('SELECT `id`, `f...')
#3 C:\xampp\htdocs\hms_group4\system\Database\BaseBuilder.php(1649): CodeIgniter\Database\BaseConnection->query('SELECT `id`, `f...', Array, false)
#4 C:\xampp\htdocs\hms_group4\system\Model.php(286): CodeIgniter\Database\BaseBuilder->get()
#5 C:\xampp\htdocs\hms_group4\system\BaseModel.php(677): CodeIgniter\Model->doFindAll(0, 0)
#6 C:\xampp\htdocs\hms_group4\app\Controllers\ScheduleController.php(450): CodeIgniter\BaseModel->findAll()
#7 C:\xampp\htdocs\hms_group4\system\CodeIgniter.php(933): App\Controllers\ScheduleController->getPatients()
#8 C:\xampp\htdocs\hms_group4\system\CodeIgniter.php(507): CodeIgniter\CodeIgniter->runController(Object(App\Controllers\ScheduleController))
#9 C:\xampp\htdocs\hms_group4\system\CodeIgniter.php(354): CodeIgniter\CodeIgniter->handleRequest(NULL, Object(Config\Cache), false)
#10 C:\xampp\htdocs\hms_group4\system\Boot.php(363): CodeIgniter\CodeIgniter->run()
#11 C:\xampp\htdocs\hms_group4\system\Boot.php(68): CodeIgniter\Boot::runCodeIgniter(Object(CodeIgniter\CodeIgniter))
#12 C:\xampp\htdocs\hms_group4\public\index.php(59): CodeIgniter\Boot::bootWeb(Object(Config\Paths))
#13 {main}
ERROR - 2025-08-29 02:59:40 --> Get patients error: Unknown column 'status' in 'where clause'
ERROR - 2025-08-29 02:59:45 --> mysqli_sql_exception: Unknown column 'status' in 'where clause' in C:\xampp\htdocs\hms_group4\system\Database\MySQLi\Connection.php:327
Stack trace:
#0 C:\xampp\htdocs\hms_group4\system\Database\MySQLi\Connection.php(327): mysqli->query('SELECT `id`, `f...', 0)
#1 C:\xampp\htdocs\hms_group4\system\Database\BaseConnection.php(729): CodeIgniter\Database\MySQLi\Connection->execute('SELECT `id`, `f...')
#2 C:\xampp\htdocs\hms_group4\system\Database\BaseConnection.php(646): CodeIgniter\Database\BaseConnection->simpleQuery('SELECT `id`, `f...')
#3 C:\xampp\htdocs\hms_group4\system\Database\BaseBuilder.php(1649): CodeIgniter\Database\BaseConnection->query('SELECT `id`, `f...', Array, false)
#4 C:\xampp\htdocs\hms_group4\system\Model.php(286): CodeIgniter\Database\BaseBuilder->get()
#5 C:\xampp\htdocs\hms_group4\system\BaseModel.php(677): CodeIgniter\Model->doFindAll(0, 0)
#6 C:\xampp\htdocs\hms_group4\app\Controllers\ScheduleController.php(450): CodeIgniter\BaseModel->findAll()
#7 C:\xampp\htdocs\hms_group4\system\CodeIgniter.php(933): App\Controllers\ScheduleController->getPatients()
#8 C:\xampp\htdocs\hms_group4\system\CodeIgniter.php(507): CodeIgniter\CodeIgniter->runController(Object(App\Controllers\ScheduleController))
#9 C:\xampp\htdocs\hms_group4\system\CodeIgniter.php(354): CodeIgniter\CodeIgniter->handleRequest(NULL, Object(Config\Cache), false)
#10 C:\xampp\htdocs\hms_group4\system\Boot.php(363): CodeIgniter\CodeIgniter->run()
#11 C:\xampp\htdocs\hms_group4\system\Boot.php(68): CodeIgniter\Boot::runCodeIgniter(Object(CodeIgniter\CodeIgniter))
#12 C:\xampp\htdocs\hms_group4\public\index.php(59): CodeIgniter\Boot::bootWeb(Object(Config\Paths))
#13 {main}
ERROR - 2025-08-29 02:59:45 --> Get patients error: Unknown column 'status' in 'where clause'
ERROR - 2025-08-29 02:59:46 --> mysqli_sql_exception: Unknown column 'status' in 'where clause' in C:\xampp\htdocs\hms_group4\system\Database\MySQLi\Connection.php:327
Stack trace:
#0 C:\xampp\htdocs\hms_group4\system\Database\MySQLi\Connection.php(327): mysqli->query('SELECT `id`, `f...', 0)
#1 C:\xampp\htdocs\hms_group4\system\Database\BaseConnection.php(729): CodeIgniter\Database\MySQLi\Connection->execute('SELECT `id`, `f...')
#2 C:\xampp\htdocs\hms_group4\system\Database\BaseConnection.php(646): CodeIgniter\Database\BaseConnection->simpleQuery('SELECT `id`, `f...')
#3 C:\xampp\htdocs\hms_group4\system\Database\BaseBuilder.php(1649): CodeIgniter\Database\BaseConnection->query('SELECT `id`, `f...', Array, false)
#4 C:\xampp\htdocs\hms_group4\system\Model.php(286): CodeIgniter\Database\BaseBuilder->get()
#5 C:\xampp\htdocs\hms_group4\system\BaseModel.php(677): CodeIgniter\Model->doFindAll(0, 0)
#6 C:\xampp\htdocs\hms_group4\app\Controllers\ScheduleController.php(450): CodeIgniter\BaseModel->findAll()
#7 C:\xampp\htdocs\hms_group4\system\CodeIgniter.php(933): App\Controllers\ScheduleController->getPatients()
#8 C:\xampp\htdocs\hms_group4\system\CodeIgniter.php(507): CodeIgniter\CodeIgniter->runController(Object(App\Controllers\ScheduleController))
#9 C:\xampp\htdocs\hms_group4\system\CodeIgniter.php(354): CodeIgniter\CodeIgniter->handleRequest(NULL, Object(Config\Cache), false)
#10 C:\xampp\htdocs\hms_group4\system\Boot.php(363): CodeIgniter\CodeIgniter->run()
#11 C:\xampp\htdocs\hms_group4\system\Boot.php(68): CodeIgniter\Boot::runCodeIgniter(Object(CodeIgniter\CodeIgniter))
#12 C:\xampp\htdocs\hms_group4\public\index.php(59): CodeIgniter\Boot::bootWeb(Object(Config\Paths))
#13 {main}
ERROR - 2025-08-29 02:59:46 --> Get patients error: Unknown column 'status' in 'where clause'
ERROR - 2025-08-29 02:59:46 --> mysqli_sql_exception: Unknown column 'status' in 'where clause' in C:\xampp\htdocs\hms_group4\system\Database\MySQLi\Connection.php:327
Stack trace:
#0 C:\xampp\htdocs\hms_group4\system\Database\MySQLi\Connection.php(327): mysqli->query('SELECT `id`, `f...', 0)
#1 C:\xampp\htdocs\hms_group4\system\Database\BaseConnection.php(729): CodeIgniter\Database\MySQLi\Connection->execute('SELECT `id`, `f...')
#2 C:\xampp\htdocs\hms_group4\system\Database\BaseConnection.php(646): CodeIgniter\Database\BaseConnection->simpleQuery('SELECT `id`, `f...')
#3 C:\xampp\htdocs\hms_group4\system\Database\BaseBuilder.php(1649): CodeIgniter\Database\BaseConnection->query('SELECT `id`, `f...', Array, false)
#4 C:\xampp\htdocs\hms_group4\system\Model.php(286): CodeIgniter\Database\BaseBuilder->get()
#5 C:\xampp\htdocs\hms_group4\system\BaseModel.php(677): CodeIgniter\Model->doFindAll(0, 0)
#6 C:\xampp\htdocs\hms_group4\app\Controllers\ScheduleController.php(450): CodeIgniter\BaseModel->findAll()
#7 C:\xampp\htdocs\hms_group4\system\CodeIgniter.php(933): App\Controllers\ScheduleController->getPatients()
#8 C:\xampp\htdocs\hms_group4\system\CodeIgniter.php(507): CodeIgniter\CodeIgniter->runController(Object(App\Controllers\ScheduleController))
#9 C:\xampp\htdocs\hms_group4\system\CodeIgniter.php(354): CodeIgniter\CodeIgniter->handleRequest(NULL, Object(Config\Cache), false)
#10 C:\xampp\htdocs\hms_group4\system\Boot.php(363): CodeIgniter\CodeIgniter->run()
#11 C:\xampp\htdocs\hms_group4\system\Boot.php(68): CodeIgniter\Boot::runCodeIgniter(Object(CodeIgniter\CodeIgniter))
#12 C:\xampp\htdocs\hms_group4\public\index.php(59): CodeIgniter\Boot::bootWeb(Object(Config\Paths))
#13 {main}
ERROR - 2025-08-29 02:59:46 --> Get patients error: Unknown column 'status' in 'where clause'
ERROR - 2025-08-29 02:59:47 --> mysqli_sql_exception: Unknown column 'status' in 'where clause' in C:\xampp\htdocs\hms_group4\system\Database\MySQLi\Connection.php:327
Stack trace:
#0 C:\xampp\htdocs\hms_group4\system\Database\MySQLi\Connection.php(327): mysqli->query('SELECT `id`, `f...', 0)
#1 C:\xampp\htdocs\hms_group4\system\Database\BaseConnection.php(729): CodeIgniter\Database\MySQLi\Connection->execute('SELECT `id`, `f...')
#2 C:\xampp\htdocs\hms_group4\system\Database\BaseConnection.php(646): CodeIgniter\Database\BaseConnection->simpleQuery('SELECT `id`, `f...')
#3 C:\xampp\htdocs\hms_group4\system\Database\BaseBuilder.php(1649): CodeIgniter\Database\BaseConnection->query('SELECT `id`, `f...', Array, false)
#4 C:\xampp\htdocs\hms_group4\system\Model.php(286): CodeIgniter\Database\BaseBuilder->get()
#5 C:\xampp\htdocs\hms_group4\system\BaseModel.php(677): CodeIgniter\Model->doFindAll(0, 0)
#6 C:\xampp\htdocs\hms_group4\app\Controllers\ScheduleController.php(450): CodeIgniter\BaseModel->findAll()
#7 C:\xampp\htdocs\hms_group4\system\CodeIgniter.php(933): App\Controllers\ScheduleController->getPatients()
#8 C:\xampp\htdocs\hms_group4\system\CodeIgniter.php(507): CodeIgniter\CodeIgniter->runController(Object(App\Controllers\ScheduleController))
#9 C:\xampp\htdocs\hms_group4\system\CodeIgniter.php(354): CodeIgniter\CodeIgniter->handleRequest(NULL, Object(Config\Cache), false)
#10 C:\xampp\htdocs\hms_group4\system\Boot.php(363): CodeIgniter\CodeIgniter->run()
#11 C:\xampp\htdocs\hms_group4\system\Boot.php(68): CodeIgniter\Boot::runCodeIgniter(Object(CodeIgniter\CodeIgniter))
#12 C:\xampp\htdocs\hms_group4\public\index.php(59): CodeIgniter\Boot::bootWeb(Object(Config\Paths))
#13 {main}
ERROR - 2025-08-29 02:59:47 --> Get patients error: Unknown column 'status' in 'where clause'
ERROR - 2025-08-29 03:00:25 --> mysqli_sql_exception: Unknown column 'status' in 'where clause' in C:\xampp\htdocs\hms_group4\system\Database\MySQLi\Connection.php:327
Stack trace:
#0 C:\xampp\htdocs\hms_group4\system\Database\MySQLi\Connection.php(327): mysqli->query('SELECT `id`, `f...', 0)
#1 C:\xampp\htdocs\hms_group4\system\Database\BaseConnection.php(729): CodeIgniter\Database\MySQLi\Connection->execute('SELECT `id`, `f...')
#2 C:\xampp\htdocs\hms_group4\system\Database\BaseConnection.php(646): CodeIgniter\Database\BaseConnection->simpleQuery('SELECT `id`, `f...')
#3 C:\xampp\htdocs\hms_group4\system\Database\BaseBuilder.php(1649): CodeIgniter\Database\BaseConnection->query('SELECT `id`, `f...', Array, false)
#4 C:\xampp\htdocs\hms_group4\system\Model.php(286): CodeIgniter\Database\BaseBuilder->get()
#5 C:\xampp\htdocs\hms_group4\system\BaseModel.php(677): CodeIgniter\Model->doFindAll(0, 0)
#6 C:\xampp\htdocs\hms_group4\app\Controllers\ScheduleController.php(450): CodeIgniter\BaseModel->findAll()
#7 C:\xampp\htdocs\hms_group4\system\CodeIgniter.php(933): App\Controllers\ScheduleController->getPatients()
#8 C:\xampp\htdocs\hms_group4\system\CodeIgniter.php(507): CodeIgniter\CodeIgniter->runController(Object(App\Controllers\ScheduleController))
#9 C:\xampp\htdocs\hms_group4\system\CodeIgniter.php(354): CodeIgniter\CodeIgniter->handleRequest(NULL, Object(Config\Cache), false)
#10 C:\xampp\htdocs\hms_group4\system\Boot.php(363): CodeIgniter\CodeIgniter->run()
#11 C:\xampp\htdocs\hms_group4\system\Boot.php(68): CodeIgniter\Boot::runCodeIgniter(Object(CodeIgniter\CodeIgniter))
#12 C:\xampp\htdocs\hms_group4\public\index.php(59): CodeIgniter\Boot::bootWeb(Object(Config\Paths))
#13 {main}
ERROR - 2025-08-29 03:00:25 --> Get patients error: Unknown column 'status' in 'where clause'
ERROR - 2025-08-29 03:00:33 --> mysqli_sql_exception: Unknown column 'status' in 'where clause' in C:\xampp\htdocs\hms_group4\system\Database\MySQLi\Connection.php:327
Stack trace:
#0 C:\xampp\htdocs\hms_group4\system\Database\MySQLi\Connection.php(327): mysqli->query('SELECT `id`, `f...', 0)
#1 C:\xampp\htdocs\hms_group4\system\Database\BaseConnection.php(729): CodeIgniter\Database\MySQLi\Connection->execute('SELECT `id`, `f...')
#2 C:\xampp\htdocs\hms_group4\system\Database\BaseConnection.php(646): CodeIgniter\Database\BaseConnection->simpleQuery('SELECT `id`, `f...')
#3 C:\xampp\htdocs\hms_group4\system\Database\BaseBuilder.php(1649): CodeIgniter\Database\BaseConnection->query('SELECT `id`, `f...', Array, false)
#4 C:\xampp\htdocs\hms_group4\system\Model.php(286): CodeIgniter\Database\BaseBuilder->get()
#5 C:\xampp\htdocs\hms_group4\system\BaseModel.php(677): CodeIgniter\Model->doFindAll(0, 0)
#6 C:\xampp\htdocs\hms_group4\app\Controllers\ScheduleController.php(450): CodeIgniter\BaseModel->findAll()
#7 C:\xampp\htdocs\hms_group4\system\CodeIgniter.php(933): App\Controllers\ScheduleController->getPatients()
#8 C:\xampp\htdocs\hms_group4\system\CodeIgniter.php(507): CodeIgniter\CodeIgniter->runController(Object(App\Controllers\ScheduleController))
#9 C:\xampp\htdocs\hms_group4\system\CodeIgniter.php(354): CodeIgniter\CodeIgniter->handleRequest(NULL, Object(Config\Cache), false)
#10 C:\xampp\htdocs\hms_group4\system\Boot.php(363): CodeIgniter\CodeIgniter->run()
#11 C:\xampp\htdocs\hms_group4\system\Boot.php(68): CodeIgniter\Boot::runCodeIgniter(Object(CodeIgniter\CodeIgniter))
#12 C:\xampp\htdocs\hms_group4\public\index.php(59): CodeIgniter\Boot::bootWeb(Object(Config\Paths))
#13 {main}
ERROR - 2025-08-29 03:00:33 --> Get patients error: Unknown column 'status' in 'where clause'
ERROR - 2025-08-29 03:01:14 --> mysqli_sql_exception: Unknown column 'status' in 'where clause' in C:\xampp\htdocs\hms_group4\system\Database\MySQLi\Connection.php:327
Stack trace:
#0 C:\xampp\htdocs\hms_group4\system\Database\MySQLi\Connection.php(327): mysqli->query('SELECT `id`, `f...', 0)
#1 C:\xampp\htdocs\hms_group4\system\Database\BaseConnection.php(729): CodeIgniter\Database\MySQLi\Connection->execute('SELECT `id`, `f...')
#2 C:\xampp\htdocs\hms_group4\system\Database\BaseConnection.php(646): CodeIgniter\Database\BaseConnection->simpleQuery('SELECT `id`, `f...')
#3 C:\xampp\htdocs\hms_group4\system\Database\BaseBuilder.php(1649): CodeIgniter\Database\BaseConnection->query('SELECT `id`, `f...', Array, false)
#4 C:\xampp\htdocs\hms_group4\system\Model.php(286): CodeIgniter\Database\BaseBuilder->get()
#5 C:\xampp\htdocs\hms_group4\system\BaseModel.php(677): CodeIgniter\Model->doFindAll(0, 0)
#6 C:\xampp\htdocs\hms_group4\app\Controllers\ScheduleController.php(450): CodeIgniter\BaseModel->findAll()
#7 C:\xampp\htdocs\hms_group4\system\CodeIgniter.php(933): App\Controllers\ScheduleController->getPatients()
#8 C:\xampp\htdocs\hms_group4\system\CodeIgniter.php(507): CodeIgniter\CodeIgniter->runController(Object(App\Controllers\ScheduleController))
#9 C:\xampp\htdocs\hms_group4\system\CodeIgniter.php(354): CodeIgniter\CodeIgniter->handleRequest(NULL, Object(Config\Cache), false)
#10 C:\xampp\htdocs\hms_group4\system\Boot.php(363): CodeIgniter\CodeIgniter->run()
#11 C:\xampp\htdocs\hms_group4\system\Boot.php(68): CodeIgniter\Boot::runCodeIgniter(Object(CodeIgniter\CodeIgniter))
#12 C:\xampp\htdocs\hms_group4\public\index.php(59): CodeIgniter\Boot::bootWeb(Object(Config\Paths))
#13 {main}
ERROR - 2025-08-29 03:01:14 --> Get patients error: Unknown column 'status' in 'where clause'
ERROR - 2025-08-29 03:01:30 --> mysqli_sql_exception: Unknown column 'status' in 'where clause' in C:\xampp\htdocs\hms_group4\system\Database\MySQLi\Connection.php:327
Stack trace:
#0 C:\xampp\htdocs\hms_group4\system\Database\MySQLi\Connection.php(327): mysqli->query('SELECT `id`, `f...', 0)
#1 C:\xampp\htdocs\hms_group4\system\Database\BaseConnection.php(729): CodeIgniter\Database\MySQLi\Connection->execute('SELECT `id`, `f...')
#2 C:\xampp\htdocs\hms_group4\system\Database\BaseConnection.php(646): CodeIgniter\Database\BaseConnection->simpleQuery('SELECT `id`, `f...')
#3 C:\xampp\htdocs\hms_group4\system\Database\BaseBuilder.php(1649): CodeIgniter\Database\BaseConnection->query('SELECT `id`, `f...', Array, false)
#4 C:\xampp\htdocs\hms_group4\system\Model.php(286): CodeIgniter\Database\BaseBuilder->get()
#5 C:\xampp\htdocs\hms_group4\system\BaseModel.php(677): CodeIgniter\Model->doFindAll(0, 0)
#6 C:\xampp\htdocs\hms_group4\app\Controllers\ScheduleController.php(450): CodeIgniter\BaseModel->findAll()
#7 C:\xampp\htdocs\hms_group4\system\CodeIgniter.php(933): App\Controllers\ScheduleController->getPatients()
#8 C:\xampp\htdocs\hms_group4\system\CodeIgniter.php(507): CodeIgniter\CodeIgniter->runController(Object(App\Controllers\ScheduleController))
#9 C:\xampp\htdocs\hms_group4\system\CodeIgniter.php(354): CodeIgniter\CodeIgniter->handleRequest(NULL, Object(Config\Cache), false)
#10 C:\xampp\htdocs\hms_group4\system\Boot.php(363): CodeIgniter\CodeIgniter->run()
#11 C:\xampp\htdocs\hms_group4\system\Boot.php(68): CodeIgniter\Boot::runCodeIgniter(Object(CodeIgniter\CodeIgniter))
#12 C:\xampp\htdocs\hms_group4\public\index.php(59): CodeIgniter\Boot::bootWeb(Object(Config\Paths))
#13 {main}
ERROR - 2025-08-29 03:01:30 --> Get patients error: Unknown column 'status' in 'where clause'
ERROR - 2025-08-29 03:01:32 --> mysqli_sql_exception: Unknown column 'status' in 'where clause' in C:\xampp\htdocs\hms_group4\system\Database\MySQLi\Connection.php:327
Stack trace:
#0 C:\xampp\htdocs\hms_group4\system\Database\MySQLi\Connection.php(327): mysqli->query('SELECT `id`, `f...', 0)
#1 C:\xampp\htdocs\hms_group4\system\Database\BaseConnection.php(729): CodeIgniter\Database\MySQLi\Connection->execute('SELECT `id`, `f...')
#2 C:\xampp\htdocs\hms_group4\system\Database\BaseConnection.php(646): CodeIgniter\Database\BaseConnection->simpleQuery('SELECT `id`, `f...')
#3 C:\xampp\htdocs\hms_group4\system\Database\BaseBuilder.php(1649): CodeIgniter\Database\BaseConnection->query('SELECT `id`, `f...', Array, false)
#4 C:\xampp\htdocs\hms_group4\system\Model.php(286): CodeIgniter\Database\BaseBuilder->get()
#5 C:\xampp\htdocs\hms_group4\system\BaseModel.php(677): CodeIgniter\Model->doFindAll(0, 0)
#6 C:\xampp\htdocs\hms_group4\app\Controllers\ScheduleController.php(450): CodeIgniter\BaseModel->findAll()
#7 C:\xampp\htdocs\hms_group4\system\CodeIgniter.php(933): App\Controllers\ScheduleController->getPatients()
#8 C:\xampp\htdocs\hms_group4\system\CodeIgniter.php(507): CodeIgniter\CodeIgniter->runController(Object(App\Controllers\ScheduleController))
#9 C:\xampp\htdocs\hms_group4\system\CodeIgniter.php(354): CodeIgniter\CodeIgniter->handleRequest(NULL, Object(Config\Cache), false)
#10 C:\xampp\htdocs\hms_group4\system\Boot.php(363): CodeIgniter\CodeIgniter->run()
#11 C:\xampp\htdocs\hms_group4\system\Boot.php(68): CodeIgniter\Boot::runCodeIgniter(Object(CodeIgniter\CodeIgniter))
#12 C:\xampp\htdocs\hms_group4\public\index.php(59): CodeIgniter\Boot::bootWeb(Object(Config\Paths))
#13 {main}
ERROR - 2025-08-29 03:01:32 --> Get patients error: Unknown column 'status' in 'where clause'
ERROR - 2025-08-29 03:02:00 --> mysqli_sql_exception: Unknown column 'status' in 'where clause' in C:\xampp\htdocs\hms_group4\system\Database\MySQLi\Connection.php:327
Stack trace:
#0 C:\xampp\htdocs\hms_group4\system\Database\MySQLi\Connection.php(327): mysqli->query('SELECT `id`, `f...', 0)
#1 C:\xampp\htdocs\hms_group4\system\Database\BaseConnection.php(729): CodeIgniter\Database\MySQLi\Connection->execute('SELECT `id`, `f...')
#2 C:\xampp\htdocs\hms_group4\system\Database\BaseConnection.php(646): CodeIgniter\Database\BaseConnection->simpleQuery('SELECT `id`, `f...')
#3 C:\xampp\htdocs\hms_group4\system\Database\BaseBuilder.php(1649): CodeIgniter\Database\BaseConnection->query('SELECT `id`, `f...', Array, false)
#4 C:\xampp\htdocs\hms_group4\system\Model.php(286): CodeIgniter\Database\BaseBuilder->get()
#5 C:\xampp\htdocs\hms_group4\system\BaseModel.php(677): CodeIgniter\Model->doFindAll(0, 0)
#6 C:\xampp\htdocs\hms_group4\app\Controllers\ScheduleController.php(450): CodeIgniter\BaseModel->findAll()
#7 C:\xampp\htdocs\hms_group4\system\CodeIgniter.php(933): App\Controllers\ScheduleController->getPatients()
#8 C:\xampp\htdocs\hms_group4\system\CodeIgniter.php(507): CodeIgniter\CodeIgniter->runController(Object(App\Controllers\ScheduleController))
#9 C:\xampp\htdocs\hms_group4\system\CodeIgniter.php(354): CodeIgniter\CodeIgniter->handleRequest(NULL, Object(Config\Cache), false)
#10 C:\xampp\htdocs\hms_group4\system\Boot.php(363): CodeIgniter\CodeIgniter->run()
#11 C:\xampp\htdocs\hms_group4\system\Boot.php(68): CodeIgniter\Boot::runCodeIgniter(Object(CodeIgniter\CodeIgniter))
#12 C:\xampp\htdocs\hms_group4\public\index.php(59): CodeIgniter\Boot::bootWeb(Object(Config\Paths))
#13 {main}
ERROR - 2025-08-29 03:02:00 --> Get patients error: Unknown column 'status' in 'where clause'
ERROR - 2025-08-29 03:02:02 --> mysqli_sql_exception: Unknown column 'status' in 'where clause' in C:\xampp\htdocs\hms_group4\system\Database\MySQLi\Connection.php:327
Stack trace:
#0 C:\xampp\htdocs\hms_group4\system\Database\MySQLi\Connection.php(327): mysqli->query('SELECT `id`, `f...', 0)
#1 C:\xampp\htdocs\hms_group4\system\Database\BaseConnection.php(729): CodeIgniter\Database\MySQLi\Connection->execute('SELECT `id`, `f...')
#2 C:\xampp\htdocs\hms_group4\system\Database\BaseConnection.php(646): CodeIgniter\Database\BaseConnection->simpleQuery('SELECT `id`, `f...')
#3 C:\xampp\htdocs\hms_group4\system\Database\BaseBuilder.php(1649): CodeIgniter\Database\BaseConnection->query('SELECT `id`, `f...', Array, false)
#4 C:\xampp\htdocs\hms_group4\system\Model.php(286): CodeIgniter\Database\BaseBuilder->get()
#5 C:\xampp\htdocs\hms_group4\system\BaseModel.php(677): CodeIgniter\Model->doFindAll(0, 0)
#6 C:\xampp\htdocs\hms_group4\app\Controllers\ScheduleController.php(450): CodeIgniter\BaseModel->findAll()
#7 C:\xampp\htdocs\hms_group4\system\CodeIgniter.php(933): App\Controllers\ScheduleController->getPatients()
#8 C:\xampp\htdocs\hms_group4\system\CodeIgniter.php(507): CodeIgniter\CodeIgniter->runController(Object(App\Controllers\ScheduleController))
#9 C:\xampp\htdocs\hms_group4\system\CodeIgniter.php(354): CodeIgniter\CodeIgniter->handleRequest(NULL, Object(Config\Cache), false)
#10 C:\xampp\htdocs\hms_group4\system\Boot.php(363): CodeIgniter\CodeIgniter->run()
#11 C:\xampp\htdocs\hms_group4\system\Boot.php(68): CodeIgniter\Boot::runCodeIgniter(Object(CodeIgniter\CodeIgniter))
#12 C:\xampp\htdocs\hms_group4\public\index.php(59): CodeIgniter\Boot::bootWeb(Object(Config\Paths))
#13 {main}
ERROR - 2025-08-29 03:02:02 --> Get patients error: Unknown column 'status' in 'where clause'
ERROR - 2025-08-29 03:02:31 --> mysqli_sql_exception: Unknown column 'status' in 'where clause' in C:\xampp\htdocs\hms_group4\system\Database\MySQLi\Connection.php:327
Stack trace:
#0 C:\xampp\htdocs\hms_group4\system\Database\MySQLi\Connection.php(327): mysqli->query('SELECT `id`, `f...', 0)
#1 C:\xampp\htdocs\hms_group4\system\Database\BaseConnection.php(729): CodeIgniter\Database\MySQLi\Connection->execute('SELECT `id`, `f...')
#2 C:\xampp\htdocs\hms_group4\system\Database\BaseConnection.php(646): CodeIgniter\Database\BaseConnection->simpleQuery('SELECT `id`, `f...')
#3 C:\xampp\htdocs\hms_group4\system\Database\BaseBuilder.php(1649): CodeIgniter\Database\BaseConnection->query('SELECT `id`, `f...', Array, false)
#4 C:\xampp\htdocs\hms_group4\system\Model.php(286): CodeIgniter\Database\BaseBuilder->get()
#5 C:\xampp\htdocs\hms_group4\system\BaseModel.php(677): CodeIgniter\Model->doFindAll(0, 0)
#6 C:\xampp\htdocs\hms_group4\app\Controllers\ScheduleController.php(450): CodeIgniter\BaseModel->findAll()
#7 C:\xampp\htdocs\hms_group4\system\CodeIgniter.php(933): App\Controllers\ScheduleController->getPatients()
#8 C:\xampp\htdocs\hms_group4\system\CodeIgniter.php(507): CodeIgniter\CodeIgniter->runController(Object(App\Controllers\ScheduleController))
#9 C:\xampp\htdocs\hms_group4\system\CodeIgniter.php(354): CodeIgniter\CodeIgniter->handleRequest(NULL, Object(Config\Cache), false)
#10 C:\xampp\htdocs\hms_group4\system\Boot.php(363): CodeIgniter\CodeIgniter->run()
#11 C:\xampp\htdocs\hms_group4\system\Boot.php(68): CodeIgniter\Boot::runCodeIgniter(Object(CodeIgniter\CodeIgniter))
#12 C:\xampp\htdocs\hms_group4\public\index.php(59): CodeIgniter\Boot::bootWeb(Object(Config\Paths))
#13 {main}
ERROR - 2025-08-29 03:02:31 --> Get patients error: Unknown column 'status' in 'where clause'
ERROR - 2025-08-29 03:02:38 --> mysqli_sql_exception: Unknown column 'status' in 'where clause' in C:\xampp\htdocs\hms_group4\system\Database\MySQLi\Connection.php:327
Stack trace:
#0 C:\xampp\htdocs\hms_group4\system\Database\MySQLi\Connection.php(327): mysqli->query('SELECT `id`, `f...', 0)
#1 C:\xampp\htdocs\hms_group4\system\Database\BaseConnection.php(729): CodeIgniter\Database\MySQLi\Connection->execute('SELECT `id`, `f...')
#2 C:\xampp\htdocs\hms_group4\system\Database\BaseConnection.php(646): CodeIgniter\Database\BaseConnection->simpleQuery('SELECT `id`, `f...')
#3 C:\xampp\htdocs\hms_group4\system\Database\BaseBuilder.php(1649): CodeIgniter\Database\BaseConnection->query('SELECT `id`, `f...', Array, false)
#4 C:\xampp\htdocs\hms_group4\system\Model.php(286): CodeIgniter\Database\BaseBuilder->get()
#5 C:\xampp\htdocs\hms_group4\system\BaseModel.php(677): CodeIgniter\Model->doFindAll(0, 0)
#6 C:\xampp\htdocs\hms_group4\app\Controllers\ScheduleController.php(450): CodeIgniter\BaseModel->findAll()
#7 C:\xampp\htdocs\hms_group4\system\CodeIgniter.php(933): App\Controllers\ScheduleController->getPatients()
#8 C:\xampp\htdocs\hms_group4\system\CodeIgniter.php(507): CodeIgniter\CodeIgniter->runController(Object(App\Controllers\ScheduleController))
#9 C:\xampp\htdocs\hms_group4\system\CodeIgniter.php(354): CodeIgniter\CodeIgniter->handleRequest(NULL, Object(Config\Cache), false)
#10 C:\xampp\htdocs\hms_group4\system\Boot.php(363): CodeIgniter\CodeIgniter->run()
#11 C:\xampp\htdocs\hms_group4\system\Boot.php(68): CodeIgniter\Boot::runCodeIgniter(Object(CodeIgniter\CodeIgniter))
#12 C:\xampp\htdocs\hms_group4\public\index.php(59): CodeIgniter\Boot::bootWeb(Object(Config\Paths))
#13 {main}
ERROR - 2025-08-29 03:02:38 --> Get patients error: Unknown column 'status' in 'where clause'
ERROR - 2025-08-29 03:02:42 --> mysqli_sql_exception: Unknown column 'status' in 'where clause' in C:\xampp\htdocs\hms_group4\system\Database\MySQLi\Connection.php:327
Stack trace:
#0 C:\xampp\htdocs\hms_group4\system\Database\MySQLi\Connection.php(327): mysqli->query('SELECT `id`, `f...', 0)
#1 C:\xampp\htdocs\hms_group4\system\Database\BaseConnection.php(729): CodeIgniter\Database\MySQLi\Connection->execute('SELECT `id`, `f...')
#2 C:\xampp\htdocs\hms_group4\system\Database\BaseConnection.php(646): CodeIgniter\Database\BaseConnection->simpleQuery('SELECT `id`, `f...')
#3 C:\xampp\htdocs\hms_group4\system\Database\BaseBuilder.php(1649): CodeIgniter\Database\BaseConnection->query('SELECT `id`, `f...', Array, false)
#4 C:\xampp\htdocs\hms_group4\system\Model.php(286): CodeIgniter\Database\BaseBuilder->get()
#5 C:\xampp\htdocs\hms_group4\system\BaseModel.php(677): CodeIgniter\Model->doFindAll(0, 0)
#6 C:\xampp\htdocs\hms_group4\app\Controllers\ScheduleController.php(450): CodeIgniter\BaseModel->findAll()
#7 C:\xampp\htdocs\hms_group4\system\CodeIgniter.php(933): App\Controllers\ScheduleController->getPatients()
#8 C:\xampp\htdocs\hms_group4\system\CodeIgniter.php(507): CodeIgniter\CodeIgniter->runController(Object(App\Controllers\ScheduleController))
#9 C:\xampp\htdocs\hms_group4\system\CodeIgniter.php(354): CodeIgniter\CodeIgniter->handleRequest(NULL, Object(Config\Cache), false)
#10 C:\xampp\htdocs\hms_group4\system\Boot.php(363): CodeIgniter\CodeIgniter->run()
#11 C:\xampp\htdocs\hms_group4\system\Boot.php(68): CodeIgniter\Boot::runCodeIgniter(Object(CodeIgniter\CodeIgniter))
#12 C:\xampp\htdocs\hms_group4\public\index.php(59): CodeIgniter\Boot::bootWeb(Object(Config\Paths))
#13 {main}
ERROR - 2025-08-29 03:02:42 --> Get patients error: Unknown column 'status' in 'where clause'
ERROR - 2025-08-29 03:02:44 --> mysqli_sql_exception: Unknown column 'status' in 'where clause' in C:\xampp\htdocs\hms_group4\system\Database\MySQLi\Connection.php:327
Stack trace:
#0 C:\xampp\htdocs\hms_group4\system\Database\MySQLi\Connection.php(327): mysqli->query('SELECT `id`, `f...', 0)
#1 C:\xampp\htdocs\hms_group4\system\Database\BaseConnection.php(729): CodeIgniter\Database\MySQLi\Connection->execute('SELECT `id`, `f...')
#2 C:\xampp\htdocs\hms_group4\system\Database\BaseConnection.php(646): CodeIgniter\Database\BaseConnection->simpleQuery('SELECT `id`, `f...')
#3 C:\xampp\htdocs\hms_group4\system\Database\BaseBuilder.php(1649): CodeIgniter\Database\BaseConnection->query('SELECT `id`, `f...', Array, false)
#4 C:\xampp\htdocs\hms_group4\system\Model.php(286): CodeIgniter\Database\BaseBuilder->get()
#5 C:\xampp\htdocs\hms_group4\system\BaseModel.php(677): CodeIgniter\Model->doFindAll(0, 0)
#6 C:\xampp\htdocs\hms_group4\app\Controllers\ScheduleController.php(450): CodeIgniter\BaseModel->findAll()
#7 C:\xampp\htdocs\hms_group4\system\CodeIgniter.php(933): App\Controllers\ScheduleController->getPatients()
#8 C:\xampp\htdocs\hms_group4\system\CodeIgniter.php(507): CodeIgniter\CodeIgniter->runController(Object(App\Controllers\ScheduleController))
#9 C:\xampp\htdocs\hms_group4\system\CodeIgniter.php(354): CodeIgniter\CodeIgniter->handleRequest(NULL, Object(Config\Cache), false)
#10 C:\xampp\htdocs\hms_group4\system\Boot.php(363): CodeIgniter\CodeIgniter->run()
#11 C:\xampp\htdocs\hms_group4\system\Boot.php(68): CodeIgniter\Boot::runCodeIgniter(Object(CodeIgniter\CodeIgniter))
#12 C:\xampp\htdocs\hms_group4\public\index.php(59): CodeIgniter\Boot::bootWeb(Object(Config\Paths))
#13 {main}
ERROR - 2025-08-29 03:02:44 --> Get patients error: Unknown column 'status' in 'where clause'
ERROR - 2025-08-29 03:04:08 --> mysqli_sql_exception: Unknown column 'status' in 'where clause' in C:\xampp\htdocs\hms_group4\system\Database\MySQLi\Connection.php:327
Stack trace:
#0 C:\xampp\htdocs\hms_group4\system\Database\MySQLi\Connection.php(327): mysqli->query('SELECT `id`, `f...', 0)
#1 C:\xampp\htdocs\hms_group4\system\Database\BaseConnection.php(729): CodeIgniter\Database\MySQLi\Connection->execute('SELECT `id`, `f...')
#2 C:\xampp\htdocs\hms_group4\system\Database\BaseConnection.php(646): CodeIgniter\Database\BaseConnection->simpleQuery('SELECT `id`, `f...')
#3 C:\xampp\htdocs\hms_group4\system\Database\BaseBuilder.php(1649): CodeIgniter\Database\BaseConnection->query('SELECT `id`, `f...', Array, false)
#4 C:\xampp\htdocs\hms_group4\system\Model.php(286): CodeIgniter\Database\BaseBuilder->get()
#5 C:\xampp\htdocs\hms_group4\system\BaseModel.php(677): CodeIgniter\Model->doFindAll(0, 0)
#6 C:\xampp\htdocs\hms_group4\app\Controllers\ScheduleController.php(450): CodeIgniter\BaseModel->findAll()
#7 C:\xampp\htdocs\hms_group4\system\CodeIgniter.php(933): App\Controllers\ScheduleController->getPatients()
#8 C:\xampp\htdocs\hms_group4\system\CodeIgniter.php(507): CodeIgniter\CodeIgniter->runController(Object(App\Controllers\ScheduleController))
#9 C:\xampp\htdocs\hms_group4\system\CodeIgniter.php(354): CodeIgniter\CodeIgniter->handleRequest(NULL, Object(Config\Cache), false)
#10 C:\xampp\htdocs\hms_group4\system\Boot.php(363): CodeIgniter\CodeIgniter->run()
#11 C:\xampp\htdocs\hms_group4\system\Boot.php(68): CodeIgniter\Boot::runCodeIgniter(Object(CodeIgniter\CodeIgniter))
#12 C:\xampp\htdocs\hms_group4\public\index.php(59): CodeIgniter\Boot::bootWeb(Object(Config\Paths))
#13 {main}
ERROR - 2025-08-29 03:04:08 --> Get patients error: Unknown column 'status' in 'where clause'
