CRITICAL - 2025-08-24 01:55:27 --> ErrorException: Undefined variable $activeToday
[Method: GET, Route: staff-management]
in APPPATH\Controllers\StaffManagement.php on line 49.
 1 APPPATH\Controllers\StaffManagement.php(49): CodeIgniter\Debug\Exceptions->errorHandler(2, 'Undefined variable $activeToday', 'C:\\xampp\\htdocs\\hms_group4\\app\\Controllers\\StaffManagement.php', 49)
 2 SYSTEMPATH\CodeIgniter.php(933): App\Controllers\StaffManagement->index()
 3 SYSTEMPATH\CodeIgniter.php(507): CodeIgniter\CodeIgniter->runController(Object(App\Controllers\StaffManagement))
 4 SYSTEMPATH\CodeIgniter.php(354): CodeIgniter\CodeIgniter->handleRequest(null, Object(Config\Cache), false)
 5 SYSTEMPATH\Boot.php(363): CodeIgniter\CodeIgniter->run()
 6 SYSTEMPATH\Boot.php(68): CodeIgniter\Boot::runCodeIgniter(Object(CodeIgniter\CodeIgniter))
 7 FCPATH\index.php(59): CodeIgniter\Boot::bootWeb(Object(Config\Paths))
CRITICAL - 2025-08-24 01:55:28 --> ErrorException: Undefined variable $activeToday
[Method: GET, Route: staff-management]
in APPPATH\Controllers\StaffManagement.php on line 49.
 1 APPPATH\Controllers\StaffManagement.php(49): CodeIgniter\Debug\Exceptions->errorHandler(2, 'Undefined variable $activeToday', 'C:\\xampp\\htdocs\\hms_group4\\app\\Controllers\\StaffManagement.php', 49)
 2 SYSTEMPATH\CodeIgniter.php(933): App\Controllers\StaffManagement->index()
 3 SYSTEMPATH\CodeIgniter.php(507): CodeIgniter\CodeIgniter->runController(Object(App\Controllers\StaffManagement))
 4 SYSTEMPATH\CodeIgniter.php(354): CodeIgniter\CodeIgniter->handleRequest(null, Object(Config\Cache), false)
 5 SYSTEMPATH\Boot.php(363): CodeIgniter\CodeIgniter->run()
 6 SYSTEMPATH\Boot.php(68): CodeIgniter\Boot::runCodeIgniter(Object(CodeIgniter\CodeIgniter))
 7 FCPATH\index.php(59): CodeIgniter\Boot::bootWeb(Object(Config\Paths))
CRITICAL - 2025-08-24 01:55:29 --> ErrorException: Undefined variable $activeToday
[Method: GET, Route: staff-management]
in APPPATH\Controllers\StaffManagement.php on line 49.
 1 APPPATH\Controllers\StaffManagement.php(49): CodeIgniter\Debug\Exceptions->errorHandler(2, 'Undefined variable $activeToday', 'C:\\xampp\\htdocs\\hms_group4\\app\\Controllers\\StaffManagement.php', 49)
 2 SYSTEMPATH\CodeIgniter.php(933): App\Controllers\StaffManagement->index()
 3 SYSTEMPATH\CodeIgniter.php(507): CodeIgniter\CodeIgniter->runController(Object(App\Controllers\StaffManagement))
 4 SYSTEMPATH\CodeIgniter.php(354): CodeIgniter\CodeIgniter->handleRequest(null, Object(Config\Cache), false)
 5 SYSTEMPATH\Boot.php(363): CodeIgniter\CodeIgniter->run()
 6 SYSTEMPATH\Boot.php(68): CodeIgniter\Boot::runCodeIgniter(Object(CodeIgniter\CodeIgniter))
 7 FCPATH\index.php(59): CodeIgniter\Boot::bootWeb(Object(Config\Paths))
CRITICAL - 2025-08-24 01:55:36 --> ErrorException: Undefined variable $activeToday
[Method: GET, Route: staff-management]
in APPPATH\Controllers\StaffManagement.php on line 49.
 1 APPPATH\Controllers\StaffManagement.php(49): CodeIgniter\Debug\Exceptions->errorHandler(2, 'Undefined variable $activeToday', 'C:\\xampp\\htdocs\\hms_group4\\app\\Controllers\\StaffManagement.php', 49)
 2 SYSTEMPATH\CodeIgniter.php(933): App\Controllers\StaffManagement->index()
 3 SYSTEMPATH\CodeIgniter.php(507): CodeIgniter\CodeIgniter->runController(Object(App\Controllers\StaffManagement))
 4 SYSTEMPATH\CodeIgniter.php(354): CodeIgniter\CodeIgniter->handleRequest(null, Object(Config\Cache), false)
 5 SYSTEMPATH\Boot.php(363): CodeIgniter\CodeIgniter->run()
 6 SYSTEMPATH\Boot.php(68): CodeIgniter\Boot::runCodeIgniter(Object(CodeIgniter\CodeIgniter))
 7 FCPATH\index.php(59): CodeIgniter\Boot::bootWeb(Object(Config\Paths))
CRITICAL - 2025-08-24 01:55:37 --> ErrorException: Undefined variable $activeToday
[Method: GET, Route: staff-management]
in APPPATH\Controllers\StaffManagement.php on line 49.
 1 APPPATH\Controllers\StaffManagement.php(49): CodeIgniter\Debug\Exceptions->errorHandler(2, 'Undefined variable $activeToday', 'C:\\xampp\\htdocs\\hms_group4\\app\\Controllers\\StaffManagement.php', 49)
 2 SYSTEMPATH\CodeIgniter.php(933): App\Controllers\StaffManagement->index()
 3 SYSTEMPATH\CodeIgniter.php(507): CodeIgniter\CodeIgniter->runController(Object(App\Controllers\StaffManagement))
 4 SYSTEMPATH\CodeIgniter.php(354): CodeIgniter\CodeIgniter->handleRequest(null, Object(Config\Cache), false)
 5 SYSTEMPATH\Boot.php(363): CodeIgniter\CodeIgniter->run()
 6 SYSTEMPATH\Boot.php(68): CodeIgniter\Boot::runCodeIgniter(Object(CodeIgniter\CodeIgniter))
 7 FCPATH\index.php(59): CodeIgniter\Boot::bootWeb(Object(Config\Paths))
CRITICAL - 2025-08-24 01:55:37 --> ErrorException: Undefined variable $activeToday
[Method: GET, Route: staff-management]
in APPPATH\Controllers\StaffManagement.php on line 49.
 1 APPPATH\Controllers\StaffManagement.php(49): CodeIgniter\Debug\Exceptions->errorHandler(2, 'Undefined variable $activeToday', 'C:\\xampp\\htdocs\\hms_group4\\app\\Controllers\\StaffManagement.php', 49)
 2 SYSTEMPATH\CodeIgniter.php(933): App\Controllers\StaffManagement->index()
 3 SYSTEMPATH\CodeIgniter.php(507): CodeIgniter\CodeIgniter->runController(Object(App\Controllers\StaffManagement))
 4 SYSTEMPATH\CodeIgniter.php(354): CodeIgniter\CodeIgniter->handleRequest(null, Object(Config\Cache), false)
 5 SYSTEMPATH\Boot.php(363): CodeIgniter\CodeIgniter->run()
 6 SYSTEMPATH\Boot.php(68): CodeIgniter\Boot::runCodeIgniter(Object(CodeIgniter\CodeIgniter))
 7 FCPATH\index.php(59): CodeIgniter\Boot::bootWeb(Object(Config\Paths))
CRITICAL - 2025-08-24 01:55:38 --> ErrorException: Undefined variable $activeToday
[Method: GET, Route: staff-management]
in APPPATH\Controllers\StaffManagement.php on line 49.
 1 APPPATH\Controllers\StaffManagement.php(49): CodeIgniter\Debug\Exceptions->errorHandler(2, 'Undefined variable $activeToday', 'C:\\xampp\\htdocs\\hms_group4\\app\\Controllers\\StaffManagement.php', 49)
 2 SYSTEMPATH\CodeIgniter.php(933): App\Controllers\StaffManagement->index()
 3 SYSTEMPATH\CodeIgniter.php(507): CodeIgniter\CodeIgniter->runController(Object(App\Controllers\StaffManagement))
 4 SYSTEMPATH\CodeIgniter.php(354): CodeIgniter\CodeIgniter->handleRequest(null, Object(Config\Cache), false)
 5 SYSTEMPATH\Boot.php(363): CodeIgniter\CodeIgniter->run()
 6 SYSTEMPATH\Boot.php(68): CodeIgniter\Boot::runCodeIgniter(Object(CodeIgniter\CodeIgniter))
 7 FCPATH\index.php(59): CodeIgniter\Boot::bootWeb(Object(Config\Paths))
CRITICAL - 2025-08-24 01:55:49 --> ErrorException: Undefined variable $activeToday
[Method: GET, Route: staff-management]
in APPPATH\Controllers\StaffManagement.php on line 49.
 1 APPPATH\Controllers\StaffManagement.php(49): CodeIgniter\Debug\Exceptions->errorHandler(2, 'Undefined variable $activeToday', 'C:\\xampp\\htdocs\\hms_group4\\app\\Controllers\\StaffManagement.php', 49)
 2 SYSTEMPATH\CodeIgniter.php(933): App\Controllers\StaffManagement->index()
 3 SYSTEMPATH\CodeIgniter.php(507): CodeIgniter\CodeIgniter->runController(Object(App\Controllers\StaffManagement))
 4 SYSTEMPATH\CodeIgniter.php(354): CodeIgniter\CodeIgniter->handleRequest(null, Object(Config\Cache), false)
 5 SYSTEMPATH\Boot.php(363): CodeIgniter\CodeIgniter->run()
 6 SYSTEMPATH\Boot.php(68): CodeIgniter\Boot::runCodeIgniter(Object(CodeIgniter\CodeIgniter))
 7 FCPATH\index.php(59): CodeIgniter\Boot::bootWeb(Object(Config\Paths))
CRITICAL - 2025-08-24 01:55:50 --> ErrorException: Undefined variable $activeToday
[Method: GET, Route: staff-management]
in APPPATH\Controllers\StaffManagement.php on line 49.
 1 APPPATH\Controllers\StaffManagement.php(49): CodeIgniter\Debug\Exceptions->errorHandler(2, 'Undefined variable $activeToday', 'C:\\xampp\\htdocs\\hms_group4\\app\\Controllers\\StaffManagement.php', 49)
 2 SYSTEMPATH\CodeIgniter.php(933): App\Controllers\StaffManagement->index()
 3 SYSTEMPATH\CodeIgniter.php(507): CodeIgniter\CodeIgniter->runController(Object(App\Controllers\StaffManagement))
 4 SYSTEMPATH\CodeIgniter.php(354): CodeIgniter\CodeIgniter->handleRequest(null, Object(Config\Cache), false)
 5 SYSTEMPATH\Boot.php(363): CodeIgniter\CodeIgniter->run()
 6 SYSTEMPATH\Boot.php(68): CodeIgniter\Boot::runCodeIgniter(Object(CodeIgniter\CodeIgniter))
 7 FCPATH\index.php(59): CodeIgniter\Boot::bootWeb(Object(Config\Paths))
CRITICAL - 2025-08-24 01:55:51 --> ErrorException: Undefined variable $activeToday
[Method: GET, Route: staff-management]
in APPPATH\Controllers\StaffManagement.php on line 49.
 1 APPPATH\Controllers\StaffManagement.php(49): CodeIgniter\Debug\Exceptions->errorHandler(2, 'Undefined variable $activeToday', 'C:\\xampp\\htdocs\\hms_group4\\app\\Controllers\\StaffManagement.php', 49)
 2 SYSTEMPATH\CodeIgniter.php(933): App\Controllers\StaffManagement->index()
 3 SYSTEMPATH\CodeIgniter.php(507): CodeIgniter\CodeIgniter->runController(Object(App\Controllers\StaffManagement))
 4 SYSTEMPATH\CodeIgniter.php(354): CodeIgniter\CodeIgniter->handleRequest(null, Object(Config\Cache), false)
 5 SYSTEMPATH\Boot.php(363): CodeIgniter\CodeIgniter->run()
 6 SYSTEMPATH\Boot.php(68): CodeIgniter\Boot::runCodeIgniter(Object(CodeIgniter\CodeIgniter))
 7 FCPATH\index.php(59): CodeIgniter\Boot::bootWeb(Object(Config\Paths))
CRITICAL - 2025-08-24 01:55:56 --> ErrorException: Undefined variable $activeToday
[Method: GET, Route: staff-management]
in APPPATH\Controllers\StaffManagement.php on line 49.
 1 APPPATH\Controllers\StaffManagement.php(49): CodeIgniter\Debug\Exceptions->errorHandler(2, 'Undefined variable $activeToday', 'C:\\xampp\\htdocs\\hms_group4\\app\\Controllers\\StaffManagement.php', 49)
 2 SYSTEMPATH\CodeIgniter.php(933): App\Controllers\StaffManagement->index()
 3 SYSTEMPATH\CodeIgniter.php(507): CodeIgniter\CodeIgniter->runController(Object(App\Controllers\StaffManagement))
 4 SYSTEMPATH\CodeIgniter.php(354): CodeIgniter\CodeIgniter->handleRequest(null, Object(Config\Cache), false)
 5 SYSTEMPATH\Boot.php(363): CodeIgniter\CodeIgniter->run()
 6 SYSTEMPATH\Boot.php(68): CodeIgniter\Boot::runCodeIgniter(Object(CodeIgniter\CodeIgniter))
 7 FCPATH\index.php(59): CodeIgniter\Boot::bootWeb(Object(Config\Paths))
CRITICAL - 2025-08-24 01:55:57 --> ErrorException: Undefined variable $activeToday
[Method: GET, Route: staff-management]
in APPPATH\Controllers\StaffManagement.php on line 49.
 1 APPPATH\Controllers\StaffManagement.php(49): CodeIgniter\Debug\Exceptions->errorHandler(2, 'Undefined variable $activeToday', 'C:\\xampp\\htdocs\\hms_group4\\app\\Controllers\\StaffManagement.php', 49)
 2 SYSTEMPATH\CodeIgniter.php(933): App\Controllers\StaffManagement->index()
 3 SYSTEMPATH\CodeIgniter.php(507): CodeIgniter\CodeIgniter->runController(Object(App\Controllers\StaffManagement))
 4 SYSTEMPATH\CodeIgniter.php(354): CodeIgniter\CodeIgniter->handleRequest(null, Object(Config\Cache), false)
 5 SYSTEMPATH\Boot.php(363): CodeIgniter\CodeIgniter->run()
 6 SYSTEMPATH\Boot.php(68): CodeIgniter\Boot::runCodeIgniter(Object(CodeIgniter\CodeIgniter))
 7 FCPATH\index.php(59): CodeIgniter\Boot::bootWeb(Object(Config\Paths))
CRITICAL - 2025-08-24 01:56:28 --> ErrorException: Undefined variable $activeToday
[Method: GET, Route: staff-management]
in APPPATH\Controllers\StaffManagement.php on line 49.
 1 APPPATH\Controllers\StaffManagement.php(49): CodeIgniter\Debug\Exceptions->errorHandler(2, 'Undefined variable $activeToday', 'C:\\xampp\\htdocs\\hms_group4\\app\\Controllers\\StaffManagement.php', 49)
 2 SYSTEMPATH\CodeIgniter.php(933): App\Controllers\StaffManagement->index()
 3 SYSTEMPATH\CodeIgniter.php(507): CodeIgniter\CodeIgniter->runController(Object(App\Controllers\StaffManagement))
 4 SYSTEMPATH\CodeIgniter.php(354): CodeIgniter\CodeIgniter->handleRequest(null, Object(Config\Cache), false)
 5 SYSTEMPATH\Boot.php(363): CodeIgniter\CodeIgniter->run()
 6 SYSTEMPATH\Boot.php(68): CodeIgniter\Boot::runCodeIgniter(Object(CodeIgniter\CodeIgniter))
 7 FCPATH\index.php(59): CodeIgniter\Boot::bootWeb(Object(Config\Paths))
CRITICAL - 2025-08-24 01:56:29 --> ErrorException: Undefined variable $activeToday
[Method: GET, Route: staff-management]
in APPPATH\Controllers\StaffManagement.php on line 49.
 1 APPPATH\Controllers\StaffManagement.php(49): CodeIgniter\Debug\Exceptions->errorHandler(2, 'Undefined variable $activeToday', 'C:\\xampp\\htdocs\\hms_group4\\app\\Controllers\\StaffManagement.php', 49)
 2 SYSTEMPATH\CodeIgniter.php(933): App\Controllers\StaffManagement->index()
 3 SYSTEMPATH\CodeIgniter.php(507): CodeIgniter\CodeIgniter->runController(Object(App\Controllers\StaffManagement))
 4 SYSTEMPATH\CodeIgniter.php(354): CodeIgniter\CodeIgniter->handleRequest(null, Object(Config\Cache), false)
 5 SYSTEMPATH\Boot.php(363): CodeIgniter\CodeIgniter->run()
 6 SYSTEMPATH\Boot.php(68): CodeIgniter\Boot::runCodeIgniter(Object(CodeIgniter\CodeIgniter))
 7 FCPATH\index.php(59): CodeIgniter\Boot::bootWeb(Object(Config\Paths))
CRITICAL - 2025-08-24 01:56:29 --> ErrorException: Undefined variable $activeToday
[Method: GET, Route: staff-management]
in APPPATH\Controllers\StaffManagement.php on line 49.
 1 APPPATH\Controllers\StaffManagement.php(49): CodeIgniter\Debug\Exceptions->errorHandler(2, 'Undefined variable $activeToday', 'C:\\xampp\\htdocs\\hms_group4\\app\\Controllers\\StaffManagement.php', 49)
 2 SYSTEMPATH\CodeIgniter.php(933): App\Controllers\StaffManagement->index()
 3 SYSTEMPATH\CodeIgniter.php(507): CodeIgniter\CodeIgniter->runController(Object(App\Controllers\StaffManagement))
 4 SYSTEMPATH\CodeIgniter.php(354): CodeIgniter\CodeIgniter->handleRequest(null, Object(Config\Cache), false)
 5 SYSTEMPATH\Boot.php(363): CodeIgniter\CodeIgniter->run()
 6 SYSTEMPATH\Boot.php(68): CodeIgniter\Boot::runCodeIgniter(Object(CodeIgniter\CodeIgniter))
 7 FCPATH\index.php(59): CodeIgniter\Boot::bootWeb(Object(Config\Paths))
CRITICAL - 2025-08-24 01:56:45 --> ErrorException: Undefined variable $activeToday
[Method: GET, Route: staff-management]
in APPPATH\Controllers\StaffManagement.php on line 49.
 1 APPPATH\Controllers\StaffManagement.php(49): CodeIgniter\Debug\Exceptions->errorHandler(2, 'Undefined variable $activeToday', 'C:\\xampp\\htdocs\\hms_group4\\app\\Controllers\\StaffManagement.php', 49)
 2 SYSTEMPATH\CodeIgniter.php(933): App\Controllers\StaffManagement->index()
 3 SYSTEMPATH\CodeIgniter.php(507): CodeIgniter\CodeIgniter->runController(Object(App\Controllers\StaffManagement))
 4 SYSTEMPATH\CodeIgniter.php(354): CodeIgniter\CodeIgniter->handleRequest(null, Object(Config\Cache), false)
 5 SYSTEMPATH\Boot.php(363): CodeIgniter\CodeIgniter->run()
 6 SYSTEMPATH\Boot.php(68): CodeIgniter\Boot::runCodeIgniter(Object(CodeIgniter\CodeIgniter))
 7 FCPATH\index.php(59): CodeIgniter\Boot::bootWeb(Object(Config\Paths))
CRITICAL - 2025-08-24 01:56:50 --> ErrorException: Undefined variable $activeToday
[Method: GET, Route: staff-management]
in APPPATH\Controllers\StaffManagement.php on line 49.
 1 APPPATH\Controllers\StaffManagement.php(49): CodeIgniter\Debug\Exceptions->errorHandler(2, 'Undefined variable $activeToday', 'C:\\xampp\\htdocs\\hms_group4\\app\\Controllers\\StaffManagement.php', 49)
 2 SYSTEMPATH\CodeIgniter.php(933): App\Controllers\StaffManagement->index()
 3 SYSTEMPATH\CodeIgniter.php(507): CodeIgniter\CodeIgniter->runController(Object(App\Controllers\StaffManagement))
 4 SYSTEMPATH\CodeIgniter.php(354): CodeIgniter\CodeIgniter->handleRequest(null, Object(Config\Cache), false)
 5 SYSTEMPATH\Boot.php(363): CodeIgniter\CodeIgniter->run()
 6 SYSTEMPATH\Boot.php(68): CodeIgniter\Boot::runCodeIgniter(Object(CodeIgniter\CodeIgniter))
 7 FCPATH\index.php(59): CodeIgniter\Boot::bootWeb(Object(Config\Paths))
CRITICAL - 2025-08-24 02:00:11 --> ErrorException: Undefined variable $activeToday
[Method: GET, Route: staff-management]
in APPPATH\Controllers\StaffManagement.php on line 61.
 1 APPPATH\Controllers\StaffManagement.php(61): CodeIgniter\Debug\Exceptions->errorHandler(2, 'Undefined variable $activeToday', 'C:\\xampp\\htdocs\\hms_group4\\app\\Controllers\\StaffManagement.php', 61)
 2 SYSTEMPATH\CodeIgniter.php(933): App\Controllers\StaffManagement->index()
 3 SYSTEMPATH\CodeIgniter.php(507): CodeIgniter\CodeIgniter->runController(Object(App\Controllers\StaffManagement))
 4 SYSTEMPATH\CodeIgniter.php(354): CodeIgniter\CodeIgniter->handleRequest(null, Object(Config\Cache), false)
 5 SYSTEMPATH\Boot.php(363): CodeIgniter\CodeIgniter->run()
 6 SYSTEMPATH\Boot.php(68): CodeIgniter\Boot::runCodeIgniter(Object(CodeIgniter\CodeIgniter))
 7 FCPATH\index.php(59): CodeIgniter\Boot::bootWeb(Object(Config\Paths))
